#
# There is insufficient memory for the Java Runtime Environment to continue.
# Native memory allocation (mmap) failed to map 65536 bytes. Error detail: Failed to commit metaspace.
# Possible reasons:
#   The system is out of physical RAM or swap space
#   This process is running with CompressedOops enabled, and the Java Heap may be blocking the growth of the native heap
# Possible solutions:
#   Reduce memory load on the system
#   Increase physical memory or swap space
#   Check if swap backing store is full
#   Decrease Java heap size (-Xmx/-Xms)
#   Decrease number of Java threads
#   Decrease Java thread stack sizes (-Xss)
#   Set larger code cache with -XX:ReservedCodeCacheSize=
#   JVM is running with Unscaled Compressed Oops mode in which the Java heap is
#     placed in the first 4GB address space. The Java Heap base address is the
#     maximum limit for the native heap growth. Please use -XX:HeapBaseMinAddress
#     to set the Java Heap base and to place the Java Heap above 4GB virtual address.
# This output file may be truncated or incomplete.
#
#  Out of Memory Error (virtualSpaceNode.cpp:110), pid=21880, tid=13984
#
# JRE version: OpenJDK Runtime Environment Temurin-17.0.17+10 (17.0.17+10) (build 17.0.17+10)
# Java VM: OpenJDK 64-Bit Server VM Temurin-17.0.17+10 (17.0.17+10, mixed mode, emulated-client, sharing, tiered, compressed oops, compressed class ptrs, g1 gc, windows-amd64)
# No core dump will be written. Minidumps are not enabled by default on client versions of Windows
#

---------------  S U M M A R Y ------------

Command Line: -XX:TieredStopAtLevel=1 -Dfile.encoding=UTF-8 -Duser.country=TR -Duser.language=tr -Duser.variant com.example.backend.DemoApplication

Host: 11th Gen Intel(R) Core(TM) i5-11400H @ 2.70GHz, 12 cores, 7G,  Windows 10 , 64 bit Build 19041 (10.0.19041.5915)
Time: Wed Dec 24 21:26:09 2025 Türkiye Standart Saati elapsed time: 1.098454 seconds (0d 0h 0m 1s)

---------------  T H R E A D  ---------------

Current thread (0x000001dc221dca70):  JavaThread "main" [_thread_in_vm, id=13984, stack(0x00000076e3400000,0x00000076e3500000)]

Stack: [0x00000076e3400000,0x00000076e3500000]
Native frames: (J=compiled Java code, j=interpreted, Vv=VM code, C=native code)
V  [jvm.dll+0x683fb9]
V  [jvm.dll+0x83a1b5]
V  [jvm.dll+0x83bc2e]
V  [jvm.dll+0x83c2b3]
V  [jvm.dll+0x248eff]
V  [jvm.dll+0x835f9d]
V  [jvm.dll+0x628abd]
V  [jvm.dll+0x1c0710]
V  [jvm.dll+0x62b432]
V  [jvm.dll+0x629476]
V  [jvm.dll+0x23cb10]
V  [jvm.dll+0x633305]
V  [jvm.dll+0x1ea5d1]
V  [jvm.dll+0x1eaa55]
V  [jvm.dll+0x1eb407]
V  [jvm.dll+0x1e08d1]
V  [jvm.dll+0x5479d9]
V  [jvm.dll+0x7b44c8]
V  [jvm.dll+0x7b45c4]
V  [jvm.dll+0x4144b4]
V  [jvm.dll+0x41af19]
C  [java.dll+0x17ec]

Java frames: (J=compiled Java code, j=interpreted, Vv=VM code)
J 594  java.lang.ClassLoader.defineClass1(Ljava/lang/ClassLoader;Ljava/lang/String;[BIILjava/security/ProtectionDomain;Ljava/lang/String;)Ljava/lang/Class; java.base@17.0.17 (0 bytes) @ 0x000001dc2b7d9503 [0x000001dc2b7d9440+0x00000000000000c3]
J 929 c1 java.lang.ClassLoader.defineClass(Ljava/lang/String;[BIILjava/security/ProtectionDomain;)Ljava/lang/Class; java.base@17.0.17 (43 bytes) @ 0x000001dc2b857edc [0x000001dc2b857de0+0x00000000000000fc]
J 805 c1 jdk.internal.loader.BuiltinClassLoader.defineClass(Ljava/lang/String;Ljdk/internal/loader/Resource;)Ljava/lang/Class; java.base@17.0.17 (121 bytes) @ 0x000001dc2b82d7e4 [0x000001dc2b82d320+0x00000000000004c4]
J 784 c1 jdk.internal.loader.BuiltinClassLoader.findClassOnClassPathOrNull(Ljava/lang/String;)Ljava/lang/Class; java.base@17.0.17 (64 bytes) @ 0x000001dc2b825c5c [0x000001dc2b8259a0+0x00000000000002bc]
J 414 c1 jdk.internal.loader.BuiltinClassLoader.loadClassOrNull(Ljava/lang/String;Z)Ljava/lang/Class; java.base@17.0.17 (143 bytes) @ 0x000001dc2b78c6dc [0x000001dc2b78c280+0x000000000000045c]
J 659 c1 jdk.internal.loader.ClassLoaders$AppClassLoader.loadClass(Ljava/lang/String;Z)Ljava/lang/Class; java.base@17.0.17 (40 bytes) @ 0x000001dc2b7f2a44 [0x000001dc2b7f2900+0x0000000000000144]
J 658 c1 java.lang.ClassLoader.loadClass(Ljava/lang/String;)Ljava/lang/Class; java.base@17.0.17 (7 bytes) @ 0x000001dc2b7f2304 [0x000001dc2b7f22c0+0x0000000000000044]
v  ~StubRoutines::call_stub
j  org.springframework.beans.factory.support.AbstractAutowireCapableBeanFactory.autowireConstructor(Ljava/lang/String;Lorg/springframework/beans/factory/support/RootBeanDefinition;[Ljava/lang/reflect/Constructor;[Ljava/lang/Object;)Lorg/springframework/beans/BeanWrapper;+0
j  org.springframework.beans.factory.support.AbstractAutowireCapableBeanFactory.createBeanInstance(Ljava/lang/String;Lorg/springframework/beans/factory/support/RootBeanDefinition;[Ljava/lang/Object;)Lorg/springframework/beans/BeanWrapper;+209
j  org.springframework.beans.factory.support.AbstractAutowireCapableBeanFactory.doCreateBean(Ljava/lang/String;Lorg/springframework/beans/factory/support/RootBeanDefinition;[Ljava/lang/Object;)Ljava/lang/Object;+34
j  org.springframework.beans.factory.support.AbstractAutowireCapableBeanFactory.createBean(Ljava/lang/String;Lorg/springframework/beans/factory/support/RootBeanDefinition;[Ljava/lang/Object;)Ljava/lang/Object;+153
j  org.springframework.beans.factory.support.AbstractBeanFactory.lambda$doGetBean$0(Ljava/lang/String;Lorg/springframework/beans/factory/support/RootBeanDefinition;[Ljava/lang/Object;)Ljava/lang/Object;+4
j  org.springframework.beans.factory.support.AbstractBeanFactory$$Lambda$263+0x000001dc381a5298.getObject()Ljava/lang/Object;+16
j  org.springframework.beans.factory.support.DefaultSingletonBeanRegistry.getSingleton(Ljava/lang/String;Lorg/springframework/beans/factory/ObjectFactory;)Ljava/lang/Object;+114
J 2381 c1 org.springframework.beans.factory.support.AbstractBeanFactory.doGetBean(Ljava/lang/String;Ljava/lang/Class;[Ljava/lang/Object;Z)Ljava/lang/Object; (740 bytes) @ 0x000001dc2ba965e4 [0x000001dc2ba96020+0x00000000000005c4]
J 2459 c1 org.springframework.beans.factory.support.AbstractBeanFactory.getBean(Ljava/lang/String;Ljava/lang/Class;)Ljava/lang/Object; (9 bytes) @ 0x000001dc2babdf04 [0x000001dc2babdec0+0x0000000000000044]
j  org.springframework.boot.autoconfigure.AutoConfigurationPackages.get(Lorg/springframework/beans/factory/BeanFactory;)Ljava/util/List;+6
j  org.springframework.boot.autoconfigure.data.AbstractRepositoryConfigurationSourceSupport.getBasePackages()Lorg/springframework/data/util/Streamable;+4
j  org.springframework.boot.autoconfigure.data.AbstractRepositoryConfigurationSourceSupport$AutoConfiguredAnnotationRepositoryConfigurationSource.getBasePackages()Lorg/springframework/data/util/Streamable;+4
j  org.springframework.data.repository.config.RepositoryConfigurationSourceSupport.lambda$getCandidates$1(Lorg/springframework/data/repository/config/RepositoryComponentProvider;)Ljava/util/stream/Stream;+1
j  org.springframework.data.repository.config.RepositoryConfigurationSourceSupport$$Lambda$419+0x000001dc382c12a0.get()Ljava/lang/Object;+8
j  org.springframework.data.util.LazyStreamable.stream()Ljava/util/stream/Stream;+4
j  org.springframework.data.util.LazyStreamable.iterator()Ljava/util/Iterator;+1
j  org.springframework.data.repository.config.RepositoryConfigurationExtensionSupport.getRepositoryConfigurations(Lorg/springframework/data/repository/config/RepositoryConfigurationSource;Lorg/springframework/core/io/ResourceLoader;Z)Ljava/util/Collection;+28
j  org.springframework.data.repository.config.RepositoryConfigurationDelegate.registerRepositoriesIn(Lorg/springframework/beans/factory/support/BeanDefinitionRegistry;Lorg/springframework/data/repository/config/RepositoryConfigurationExtension;)Ljava/util/List;+205
j  org.springframework.boot.autoconfigure.data.AbstractRepositoryConfigurationSourceSupport.registerBeanDefinitions(Lorg/springframework/core/type/AnnotationMetadata;Lorg/springframework/beans/factory/support/BeanDefinitionRegistry;Lorg/springframework/beans/factory/support/BeanNameGenerator;)V+30
j  org.springframework.context.annotation.ConfigurationClassBeanDefinitionReader.lambda$loadBeanDefinitionsFromRegistrars$1(Lorg/springframework/context/annotation/ImportBeanDefinitionRegistrar;Lorg/springframework/core/type/AnnotationMetadata;)V+10
j  org.springframework.context.annotation.ConfigurationClassBeanDefinitionReader$$Lambda$390+0x000001dc38285ad8.accept(Ljava/lang/Object;Ljava/lang/Object;)V+12
J 2512 c1 java.util.LinkedHashMap.forEach(Ljava/util/function/BiConsumer;)V java.base@17.0.17 (65 bytes) @ 0x000001dc2bad7e5c [0x000001dc2bad7de0+0x000000000000007c]
j  org.springframework.context.annotation.ConfigurationClassBeanDefinitionReader.loadBeanDefinitionsFromRegistrars(Ljava/util/Map;)V+7
j  org.springframework.context.annotation.ConfigurationClassBeanDefinitionReader.loadBeanDefinitionsForConfigurationClass(Lorg/springframework/context/annotation/ConfigurationClass;Lorg/springframework/context/annotation/ConfigurationClassBeanDefinitionReader$TrackedConditionEvaluator;)V+126
j  org.springframework.context.annotation.ConfigurationClassBeanDefinitionReader.loadBeanDefinitions(Ljava/util/Set;)V+40
j  org.springframework.context.annotation.ConfigurationClassPostProcessor.processConfigBeanDefinitions(Lorg/springframework/beans/factory/support/BeanDefinitionRegistry;)V+379
j  org.springframework.context.annotation.ConfigurationClassPostProcessor.postProcessBeanDefinitionRegistry(Lorg/springframework/beans/factory/support/BeanDefinitionRegistry;)V+81
j  org.springframework.context.support.PostProcessorRegistrationDelegate.invokeBeanDefinitionRegistryPostProcessors(Ljava/util/Collection;Lorg/springframework/beans/factory/support/BeanDefinitionRegistry;Lorg/springframework/core/metrics/ApplicationStartup;)V+59
j  org.springframework.context.support.PostProcessorRegistrationDelegate.invokeBeanFactoryPostProcessors(Lorg/springframework/beans/factory/config/ConfigurableListableBeanFactory;Ljava/util/List;)V+238
j  org.springframework.context.support.AbstractApplicationContext.invokeBeanFactoryPostProcessors(Lorg/springframework/beans/factory/config/ConfigurableListableBeanFactory;)V+5
j  org.springframework.context.support.AbstractApplicationContext.refresh()V+53
j  org.springframework.boot.web.servlet.context.ServletWebServerApplicationContext.refresh()V+1
j  org.springframework.boot.SpringApplication.refresh(Lorg/springframework/context/ConfigurableApplicationContext;)V+1
j  org.springframework.boot.SpringApplication.refreshContext(Lorg/springframework/context/ConfigurableApplicationContext;)V+16
j  org.springframework.boot.SpringApplication.run([Ljava/lang/String;)Lorg/springframework/context/ConfigurableApplicationContext;+110
j  org.springframework.boot.SpringApplication.run([Ljava/lang/Class;[Ljava/lang/String;)Lorg/springframework/context/ConfigurableApplicationContext;+9
j  org.springframework.boot.SpringApplication.run(Ljava/lang/Class;[Ljava/lang/String;)Lorg/springframework/context/ConfigurableApplicationContext;+9
j  com.example.backend.DemoApplication.main([Ljava/lang/String;)V+3
v  ~StubRoutines::call_stub

Compiled method (n/a) 1115  594     n 0       java.lang.ClassLoader::defineClass1 (native)
 total in heap  [0x000001dc2b7d9290,0x000001dc2b7d9790] = 1280
 relocation     [0x000001dc2b7d93f0,0x000001dc2b7d9428] = 56
 main code      [0x000001dc2b7d9440,0x000001dc2b7d9790] = 848

[Constant Pool (empty)]

[MachCode]
[Entry Point]
  # {method} {0x000001dc37010f18} 'defineClass1' '(Ljava/lang/ClassLoader;Ljava/lang/String;[BIILjava/security/ProtectionDomain;Ljava/lang/String;)Ljava/lang/Class;' in 'java/lang/ClassLoader'
  # parm0:    rdx:rdx   = 'java/lang/ClassLoader'
  # parm1:    r8:r8     = 'java/lang/String'
  # parm2:    r9:r9     = '[B'
  # parm3:    rdi       = int
  # parm4:    rsi       = int
  # parm5:    rcx:rcx   = 'java/security/ProtectionDomain'
  # parm6:    [sp+0xa0]   = 'java/lang/String'  (sp of caller)
  0x000001dc2b7d9440: 448b 5208 | 49bb 0000 | 0037 dc01 | 0000 4d03 | d349 3bc2 | 0f84 0600 

  0x000001dc2b7d9458: ;   {runtime_call ic_miss_stub}
  0x000001dc2b7d9458: 0000 e921 | 81dd ff90 
[Verified Entry Point]
  0x000001dc2b7d9460: 8984 2400 | 90ff ff55 | 488b ec48 | 81ec 9000 | 0000 4881 | 7d10 0000 | 0000 488d | 4510 480f 
  0x000001dc2b7d9480: 4445 1048 | 8944 2440 | 4889 4c24 | 7048 83f9 | 0048 8d44 | 2470 480f | 4444 2470 | 4889 4424 
  0x000001dc2b7d94a0: 3848 8974 | 2430 4889 | 7c24 284c | 894c 2458 | 4983 f900 | 488d 4424 | 5848 0f44 | 4424 5848 
  0x000001dc2b7d94c0: 8944 2420 | 4c89 4424 | 5049 83f8 | 004c 8d4c | 2450 4c0f | 444c 2450 | 4889 5424 | 4848 83fa 
  0x000001dc2b7d94e0: 004c 8d44 | 2448 4c0f | 4444 2448 

  0x000001dc2b7d94ec: ;   {oop(a 'java/lang/Class'{0x0000000083b6de20} = 'java/lang/ClassLoader')}
  0x000001dc2b7d94ec: 49be 20de | b683 0000 | 0000 4c89 | 7424 784c | 8d74 2478 | 498b d6c5 

  0x000001dc2b7d9504: ;   {internal_word}
  0x000001dc2b7d9504: f877 49ba | 0395 7d2b | dc01 0000 | 4d89 97a0 | 0200 0049 | 89a7 9802 

  0x000001dc2b7d951c: ;   {external_word}
  0x000001dc2b7d951c: 0000 49ba | d5c6 e5c6 | fe7f 0000 | 4180 3a00 | 0f84 5200 | 0000 5241 

  0x000001dc2b7d9534: ;   {metadata({method} {0x000001dc37010f18} 'defineClass1' '(Ljava/lang/ClassLoader;Ljava/lang/String;[BIILjava/security/ProtectionDomain;Ljava/lang/String;)Ljava/lang/Class;' in 'java/lang/ClassLoader')}
  0x000001dc2b7d9534: 5041 5148 | ba10 0f01 | 37dc 0100 | 0049 8bcf | 4883 ec20 | f7c4 0f00 | 0000 0f84 | 1a00 0000 
  0x000001dc2b7d9554: 4883 ec08 

  0x000001dc2b7d9558: ;   {runtime_call}
  0x000001dc2b7d9558: 49ba 1099 | 9bc6 fe7f | 0000 41ff | d248 83c4 | 08e9 0d00 

  0x000001dc2b7d956c: ;   {runtime_call}
  0x000001dc2b7d956c: 0000 49ba | 1099 9bc6 | fe7f 0000 | 41ff d248 | 83c4 2041 | 5941 585a | 498d 8fb8 | 0200 0041 
  0x000001dc2b7d958c: c787 4003 | 0000 0400 

  0x000001dc2b7d9594: ;   {runtime_call}
  0x000001dc2b7d9594: 0000 49ba | ac16 4b2d | ff7f 0000 | 41ff d2c5 | f877 41c7 | 8740 0300 | 0005 0000 | 00f0 8344 
  0x000001dc2b7d95b4: 24c0 0049 | 3baf 4803 | 0000 0f87 | 1100 0000 | 4181 bf30 | 0300 0000 | 0000 000f | 842c 0000 
  0x000001dc2b7d95d4: 00c5 f877 | 4889 45f8 | 498b cf4c | 8be4 4883 | ec20 4883 

  0x000001dc2b7d95e8: ;   {runtime_call}
  0x000001dc2b7d95e8: e4f0 49ba | 00a9 abc6 | fe7f 0000 | 41ff d249 | 8be4 4d33 | e448 8b45 | f841 c787 | 4003 0000 
  0x000001dc2b7d9608: 0800 0000 | 4181 bfb0 | 0300 0002 | 0000 000f | 843f 0100 

  0x000001dc2b7d961c: ;   {external_word}
  0x000001dc2b7d961c: 0049 bad5 | c6e5 c6fe | 7f00 0041 | 803a 000f | 8450 0000 | 0048 8945 

  0x000001dc2b7d9634: ;   {metadata({method} {0x000001dc37010f18} 'defineClass1' '(Ljava/lang/ClassLoader;Ljava/lang/String;[BIILjava/security/ProtectionDomain;Ljava/lang/String;)Ljava/lang/Class;' in 'java/lang/ClassLoader')}
  0x000001dc2b7d9634: f848 ba10 | 0f01 37dc | 0100 0049 | 8bcf 4883 | ec20 f7c4 | 0f00 0000 | 0f84 1a00 | 0000 4883 
  0x000001dc2b7d9654: ;   {runtime_call}
  0x000001dc2b7d9654: ec08 49ba | 1099 9bc6 | fe7f 0000 | 41ff d248 | 83c4 08e9 | 0d00 0000 

  0x000001dc2b7d966c: ;   {runtime_call}
  0x000001dc2b7d966c: 49ba 1099 | 9bc6 fe7f | 0000 41ff | d248 83c4 | 2048 8b45 | f849 c787 | 9802 0000 | 0000 0000 
  0x000001dc2b7d968c: 49c7 87a0 | 0200 0000 | 0000 00c5 | f877 4885 | c00f 8493 | 0000 0048 | f7c0 0100 | 0000 0f84 
  0x000001dc2b7d96ac: 8300 0000 | 488b 40ff | 4180 7f38 | 000f 846f | 0000 0048 | 83f8 000f | 8465 0000 | 0049 8b4f 
  0x000001dc2b7d96cc: 2048 83f9 | 000f 8414 | 0000 0048 | 83e9 0849 | 894f 2049 | 034f 3048 | 8901 e943 | 0000 0050 
  0x000001dc2b7d96ec: 498b d748 | 8bc8 4883 | ec20 f7c4 | 0f00 0000 | 0f84 1a00 | 0000 4883 

  0x000001dc2b7d9704: ;   {runtime_call}
  0x000001dc2b7d9704: ec08 49ba | 6069 5ac6 | fe7f 0000 | 41ff d248 | 83c4 08e9 | 0d00 0000 

  0x000001dc2b7d971c: ;   {runtime_call}
  0x000001dc2b7d971c: 49ba 6069 | 5ac6 fe7f | 0000 41ff | d248 83c4 | 2058 e903 | 0000 0048 | 8b00 498b | 8fd8 0000 
  0x000001dc2b7d973c: 00c7 8100 | 0100 0000 | 0000 00c9 | 4981 7f08 | 0000 0000 | 0f85 0100 

  0x000001dc2b7d9754: ;   {runtime_call StubRoutines (1)}
  0x000001dc2b7d9754: 0000 c3e9 | a477 d8ff | c5f8 7748 | 8945 f84c | 8be4 4883 | ec20 4883 

  0x000001dc2b7d976c: ;   {runtime_call}
  0x000001dc2b7d976c: e4f0 49ba | 00ca 9bc6 | fe7f 0000 | 41ff d249 | 8be4 4d33 | e448 8b45 | f8e9 93fe | ffff f4f4 
  0x000001dc2b7d978c: f4f4 f4f4 
[/MachCode]


Compiled method (c1) 1119  929       1       java.lang.ClassLoader::defineClass (43 bytes)
 total in heap  [0x000001dc2b857c10,0x000001dc2b8581b0] = 1440
 relocation     [0x000001dc2b857d70,0x000001dc2b857dd0] = 96
 main code      [0x000001dc2b857de0,0x000001dc2b857f80] = 416
 stub code      [0x000001dc2b857f80,0x000001dc2b857ff8] = 120
 metadata       [0x000001dc2b857ff8,0x000001dc2b858028] = 48
 scopes data    [0x000001dc2b858028,0x000001dc2b8580e0] = 184
 scopes pcs     [0x000001dc2b8580e0,0x000001dc2b858180] = 160
 dependencies   [0x000001dc2b858180,0x000001dc2b858188] = 8
 nul chk table  [0x000001dc2b858188,0x000001dc2b8581b0] = 40

[Constant Pool (empty)]

[MachCode]
[Entry Point]
  # {method} {0x000001dc37010cb0} 'defineClass' '(Ljava/lang/String;[BIILjava/security/ProtectionDomain;)Ljava/lang/Class;' in 'java/lang/ClassLoader'
  # this:     rdx:rdx   = 'java/lang/ClassLoader'
  # parm0:    r8:r8     = 'java/lang/String'
  # parm1:    r9:r9     = '[B'
  # parm2:    rdi       = int
  # parm3:    rsi       = int
  # parm4:    rcx:rcx   = 'java/security/ProtectionDomain'
  #           [sp+0xc0]  (sp of caller)
  0x000001dc2b857de0: 448b 5208 | 49bb 0000 | 0037 dc01 | 0000 4d03 | d34c 3bd0 

  0x000001dc2b857df4: ;   {runtime_call ic_miss_stub}
  0x000001dc2b857df4: 0f85 8697 | d5ff 660f | 1f44 0000 
[Verified Entry Point]
  0x000001dc2b857e00: 8984 2400 | 90ff ff55 | 4881 ecb0 | 0000 0048 | 8954 2478 | 89b4 2494 | 0000 0089 | bc24 9000 
  0x000001dc2b857e20: 0000 4c89 | 8c24 8800 | 0000 498b | d84c 8bc3 | 4c8b c948 | 8bca 488b | d148 899c | 2480 0000 
  0x000001dc2b857e40: 0066 0f1f 

  0x000001dc2b857e44: ;   {optimized virtual_call}
  0x000001dc2b857e44: 4400 00e8 

  0x000001dc2b857e48: ; ImmutableOopMap {[120]=Oop [136]=Oop [128]=Oop }
                      ;*invokevirtual preDefineClass {reexecute=0 rethrow=0 return_oop=0}
                      ; - java.lang.ClassLoader::defineClass@4 (line 1015)
  0x000001dc2b857e48: 7406 0000 | 4889 8424 | 9800 0000 

  0x000001dc2b857e54: ; implicit exception: dispatches to 0x000001dc2b857f1a
  0x000001dc2b857e54: 448b 4010 | 4983 f800 | 0f85 0f00 

  0x000001dc2b857e60: ;   {oop(NULL)}
  0x000001dc2b857e60: 0000 48bb | 0000 0000 | 0000 0000 | e936 0000 | 0045 8b40 | 0c49 83f8 | 000f 850f 

  0x000001dc2b857e7c: ;   {oop(NULL)}
  0x000001dc2b857e7c: 0000 0048 | bb00 0000 | 0000 0000 | 00e9 1900 | 0000 418b | 5038 483b 

  0x000001dc2b857e94: ;   {optimized virtual_call}
  0x000001dc2b857e94: 0266 90e8 

  0x000001dc2b857e98: ; ImmutableOopMap {[120]=Oop [136]=Oop [128]=Oop [152]=Oop }
                      ;*invokevirtual toExternalForm {reexecute=0 rethrow=0 return_oop=0}
                      ; - java.net.URL::toExternalForm@5 (line 1039)
                      ; - java.net.URL::toString@1 (line 1025)
                      ; - java.lang.ClassLoader::defineClassSourceLocation@22 (line 917)
                      ; - java.lang.ClassLoader::defineClass@12 (line 1016)
  0x000001dc2b857e98: 0417 fcff | 488b d848 | 8b84 2498 | 0000 008b | b424 9400 | 0000 8bbc | 2490 0000 | 004c 8b8c 
  0x000001dc2b857eb8: 2488 0000 | 004c 8b84 | 2480 0000 | 0048 8b54 | 2478 4c8b | da49 8bd3 | 488b c848 

  0x000001dc2b857ed4: ;   {static_call}
  0x000001dc2b857ed4: 891c 24e8 

  0x000001dc2b857ed8: ; ImmutableOopMap {[152]=Oop [120]=Oop }
                      ;*invokestatic defineClass1 {reexecute=0 rethrow=0 return_oop=0}
                      ; - java.lang.ClassLoader::defineClass@27 (line 1017)
  0x000001dc2b857ed8: 8415 f8ff | 4c8b c04c | 8b8c 2498 | 0000 0048 | 8b54 2478 | 4889 8424 | a000 0000 

  0x000001dc2b857ef4: ;   {optimized virtual_call}
  0x000001dc2b857ef4: 6666 90e8 

  0x000001dc2b857ef8: ; ImmutableOopMap {[160]=Oop }
                      ;*invokevirtual postDefineClass {reexecute=0 rethrow=0 return_oop=0}
                      ; - java.lang.ClassLoader::defineClass@37 (line 1018)
  0x000001dc2b857ef8: 84a1 fdff | 488b 8424 | a000 0000 | 4881 c4b0 | 0000 005d 

  0x000001dc2b857f0c: ;   {poll_return}
  0x000001dc2b857f0c: 493b a748 | 0300 000f | 8715 0000 

  0x000001dc2b857f18: ;   {runtime_call throw_null_pointer_exception Runtime1 stub}
  0x000001dc2b857f18: 00c3 e801 

  0x000001dc2b857f1c: ; ImmutableOopMap {[120]=Oop [136]=Oop [128]=Oop rax=Oop [152]=Oop }
                      ;*invokevirtual getCodeSource {reexecute=0 rethrow=0 return_oop=0}
                      ; - java.lang.ClassLoader::defineClassSourceLocation@1 (line 914)
                      ; - java.lang.ClassLoader::defineClass@12 (line 1016)
                      ;   {runtime_call throw_null_pointer_exception Runtime1 stub}
  0x000001dc2b857f1c: d8df ffe8 

  0x000001dc2b857f20: ; ImmutableOopMap {[120]=Oop [136]=Oop [128]=Oop rax=Oop [152]=Oop }
                      ;*invokevirtual getLocation {reexecute=0 rethrow=0 return_oop=0}
                      ; - java.lang.ClassLoader::defineClassSourceLocation@12 (line 916)
                      ; - java.lang.ClassLoader::defineClass@12 (line 1016)
  0x000001dc2b857f20: fcd7 dfff 

  0x000001dc2b857f24: ;   {runtime_call throw_null_pointer_exception Runtime1 stub}
  0x000001dc2b857f24: e8f7 d7df 

  0x000001dc2b857f28: ; ImmutableOopMap {[120]=Oop [136]=Oop [128]=Oop [152]=Oop r8=Oop }
                      ;*invokevirtual toString {reexecute=0 rethrow=0 return_oop=0}
                      ; - java.lang.ClassLoader::defineClassSourceLocation@22 (line 917)
                      ; - java.lang.ClassLoader::defineClass@12 (line 1016)
                      ;   {runtime_call throw_null_pointer_exception Runtime1 stub}
  0x000001dc2b857f28: ffe8 f2d7 

  0x000001dc2b857f2c: ; ImmutableOopMap {[120]=Oop [136]=Oop [128]=Oop [152]=Oop r8=Oop rdx=Oop }
                      ;*invokevirtual toExternalForm {reexecute=0 rethrow=0 return_oop=0}
                      ; - java.net.URL::toExternalForm@5 (line 1039)
                      ; - java.net.URL::toString@1 (line 1025)
                      ; - java.lang.ClassLoader::defineClassSourceLocation@22 (line 917)
                      ; - java.lang.ClassLoader::defineClass@12 (line 1016)
                      ;   {internal_word}
  0x000001dc2b857f2c: dfff 49ba | 0c7f 852b | dc01 0000 | 4d89 9760 

  0x000001dc2b857f3c: ;   {runtime_call SafepointBlob}
  0x000001dc2b857f3c: 0300 00e9 | 3c10 d6ff | 9090 498b | 87d8 0300 | 0049 c787 | d803 0000 | 0000 0000 | 49c7 87e0 
  0x000001dc2b857f5c: 0300 0000 | 0000 0048 | 81c4 b000 

  0x000001dc2b857f68: ;   {runtime_call unwind_exception Runtime1 stub}
  0x000001dc2b857f68: 0000 5de9 | 90c8 dfff | f4f4 f4f4 | f4f4 f4f4 | f4f4 f4f4 | f4f4 f4f4 
[Stub Code]
  0x000001dc2b857f80: ;   {no_reloc}
  0x000001dc2b857f80: 0f1f 4400 

  0x000001dc2b857f84: ;   {static_stub}
  0x000001dc2b857f84: 0048 bb60 | 0e01 37dc 

  0x000001dc2b857f8c: ;   {runtime_call I2C/C2I adapters}
  0x000001dc2b857f8c: 0100 00e9 | cd1e d6ff 

  0x000001dc2b857f94: ;   {static_stub}
  0x000001dc2b857f94: 9048 bb00 | 0000 0000 

  0x000001dc2b857f9c: ;   {runtime_call}
  0x000001dc2b857f9c: 0000 00e9 | fbff ffff 

  0x000001dc2b857fa4: ;   {static_stub}
  0x000001dc2b857fa4: 9048 bb00 | 0000 0000 

  0x000001dc2b857fac: ;   {runtime_call}
  0x000001dc2b857fac: 0000 00e9 | fbff ffff 

  0x000001dc2b857fb4: ;   {static_stub}
  0x000001dc2b857fb4: 9048 bb00 | 0000 0000 

  0x000001dc2b857fbc: ;   {runtime_call}
  0x000001dc2b857fbc: 0000 00e9 | fbff ffff 
[Exception Handler]
  0x000001dc2b857fc4: ;   {runtime_call handle_exception_from_callee Runtime1 stub}
  0x000001dc2b857fc4: e837 09e0 

  0x000001dc2b857fc8: ;   {external_word}
  0x000001dc2b857fc8: ff48 b900 | fabf c6fe | 7f00 0048 

  0x000001dc2b857fd4: ;   {runtime_call}
  0x000001dc2b857fd4: 83e4 f049 | ba00 8f88 | c6fe 7f00 | 0041 ffd2 

  0x000001dc2b857fe4: ;   {section_word}
  0x000001dc2b857fe4: f449 bae5 | 7f85 2bdc | 0100 0041 

  0x000001dc2b857ff0: ;   {runtime_call DeoptimizationBlob}
  0x000001dc2b857ff0: 52e9 2a24 | d6ff f4f4 
[/MachCode]


Compiled method (c1) 1122  805       1       jdk.internal.loader.BuiltinClassLoader::defineClass (121 bytes)
 total in heap  [0x000001dc2b82d090,0x000001dc2b82df08] = 3704
 relocation     [0x000001dc2b82d1f0,0x000001dc2b82d320] = 304
 main code      [0x000001dc2b82d320,0x000001dc2b82d940] = 1568
 stub code      [0x000001dc2b82d940,0x000001dc2b82da88] = 328
 metadata       [0x000001dc2b82da88,0x000001dc2b82dad0] = 72
 scopes data    [0x000001dc2b82dad0,0x000001dc2b82dd28] = 600
 scopes pcs     [0x000001dc2b82dd28,0x000001dc2b82dec8] = 416
 dependencies   [0x000001dc2b82dec8,0x000001dc2b82ded0] = 8
 handler table  [0x000001dc2b82ded0,0x000001dc2b82dee8] = 24
 nul chk table  [0x000001dc2b82dee8,0x000001dc2b82df08] = 32

[Constant Pool (empty)]

[MachCode]
[Entry Point]
  # {method} {0x000001dc37436928} 'defineClass' '(Ljava/lang/String;Ljdk/internal/loader/Resource;)Ljava/lang/Class;' in 'jdk/internal/loader/BuiltinClassLoader'
  # this:     rdx:rdx   = 'jdk/internal/loader/BuiltinClassLoader'
  # parm0:    r8:r8     = 'java/lang/String'
  # parm1:    r9:r9     = 'jdk/internal/loader/Resource'
  #           [sp+0x110]  (sp of caller)
  0x000001dc2b82d320: 448b 5208 | 49bb 0000 | 0037 dc01 | 0000 4d03 | d34c 3bd0 

  0x000001dc2b82d334: ;   {runtime_call ic_miss_stub}
  0x000001dc2b82d334: 0f85 4642 | d8ff 660f | 1f44 0000 
[Verified Entry Point]
  0x000001dc2b82d340: 8984 2400 | 90ff ff55 | 4881 ec00 | 0100 0048 | 8994 24a0 | 0000 004c | 8984 2490 | 0000 004c 
  0x000001dc2b82d360: 898c 2498 | 0000 0049 | 8bd1 6666 | 9048 b8ff | ffff ffff 

  0x000001dc2b82d374: ;   {virtual_call}
  0x000001dc2b82d374: ffff ffe8 

  0x000001dc2b82d378: ; ImmutableOopMap {[152]=Oop [160]=Oop [144]=Oop }
                      ;*invokevirtual getCodeSourceURL {reexecute=0 rethrow=0 return_oop=0}
                      ; - jdk.internal.loader.BuiltinClassLoader::defineClass@1 (line 842)
  0x000001dc2b82d378: bc50 0e00 | 4889 8424 | a800 0000 | 4c8b 8424 | 9000 0000 

  0x000001dc2b82d38c: ; implicit exception: dispatches to 0x000001dc2b82d843
  0x000001dc2b82d38c: 418b 7014 

  0x000001dc2b82d390: ; implicit exception: dispatches to 0x000001dc2b82d848
  0x000001dc2b82d390: 8b56 0c45 | 0fbe 4810 | 498b c9c1 | e118 c1f9 | 18d3 fa48 | 8bfa ffcf | 4183 f900 | ba00 0000 
  0x000001dc2b82d3b0: 000f 8505 | 0000 00ba | 0100 0000 | 83e2 0183 | fa00 488b | d641 b82e | 0000 004c | 8bcf 0f84 
  0x000001dc2b82d3d0: 0d00 0000 

  0x000001dc2b82d3d4: ;   {static_call}
  0x000001dc2b82d3d4: 6666 90e8 

  0x000001dc2b82d3d8: ; ImmutableOopMap {[152]=Oop [160]=Oop [168]=Oop [144]=Oop }
                      ;*invokestatic lastIndexOf {reexecute=0 rethrow=0 return_oop=0}
                      ; - java.lang.String::lastIndexOf@13 (line 2489)
                      ; - java.lang.String::lastIndexOf@8 (line 2451)
                      ; - jdk.internal.loader.BuiltinClassLoader::defineClass@8 (line 845)
  0x000001dc2b82d3d8: e491 eeff | e90b 0000 | 0066 0f1f 

  0x000001dc2b82d3e4: ;   {static_call}
  0x000001dc2b82d3e4: 4400 00e8 

  0x000001dc2b82d3e8: ; ImmutableOopMap {[152]=Oop [160]=Oop [168]=Oop [144]=Oop }
                      ;*invokestatic lastIndexOf {reexecute=0 rethrow=0 return_oop=0}
                      ; - java.lang.String::lastIndexOf@25 (line 2490)
                      ; - java.lang.String::lastIndexOf@8 (line 2451)
                      ; - jdk.internal.loader.BuiltinClassLoader::defineClass@8 (line 845)
  0x000001dc2b82d3e8: 1452 d8ff | 83f8 ff0f | 8467 0000 | 0041 b800 | 0000 004c | 8bc8 488b | 9424 9000 

  0x000001dc2b82d404: ;   {optimized virtual_call}
  0x000001dc2b82d404: 0000 90e8 

  0x000001dc2b82d408: ; ImmutableOopMap {[152]=Oop [160]=Oop [168]=Oop [144]=Oop }
                      ;*invokevirtual substring {reexecute=0 rethrow=0 return_oop=0}
                      ; - jdk.internal.loader.BuiltinClassLoader::defineClass@23 (line 847)
  0x000001dc2b82d408: 74f5 eeff | 488b 9424 | 9800 0000 | 4889 8424 | b000 0000 | 9048 b8ff | ffff ffff 

  0x000001dc2b82d424: ;   {virtual_call}
  0x000001dc2b82d424: ffff ffe8 

  0x000001dc2b82d428: ; ImmutableOopMap {[152]=Oop [160]=Oop [168]=Oop [144]=Oop [176]=Oop }
                      ;*invokevirtual getManifest {reexecute=0 rethrow=0 return_oop=0}
                      ; - jdk.internal.loader.BuiltinClassLoader::defineClass@29 (line 848)
  0x000001dc2b82d428: ac0e e3ff | 4c8b 8424 | b000 0000 | 4c8b c848 | 8bbc 24a8 | 0000 0048 | 8b94 24a0 | 0000 0066 
  0x000001dc2b82d448: 0f1f 4400 | 0048 b878 | b707 37dc 

  0x000001dc2b82d454: ;   {virtual_call}
  0x000001dc2b82d454: 0100 00e8 

  0x000001dc2b82d458: ; ImmutableOopMap {[152]=Oop [160]=Oop [168]=Oop [144]=Oop }
                      ;*invokevirtual defineOrCheckPackage {reexecute=0 rethrow=0 return_oop=0}
                      ; - jdk.internal.loader.BuiltinClassLoader::defineClass@40 (line 849)
  0x000001dc2b82d458: c4fa ffff | 4c8b 8c24 | 9800 0000 | 488d 9424 | e000 0000 | 4c89 4a08 | 498b 0148 | 83c8 0148 
  0x000001dc2b82d478: 8902 f049 | 0fb1 110f | 8413 0000 | 0048 2bc4 | 4881 e007 | f0ff ff48 | 8902 0f85 | b503 0000 
  0x000001dc2b82d498: 418b 510c | 4883 fa00 | 0f85 4700 | 0000 498b | d10f 1f40 | 0048 b8ff | ffff ffff 

  0x000001dc2b82d4b4: ;   {virtual_call}
  0x000001dc2b82d4b4: ffff ffe8 

  0x000001dc2b82d4b8: ; ImmutableOopMap {[160]=Oop [168]=Oop [144]=Oop [152]=Oop [232]=Oop }
                      ;*invokevirtual getInputStream {reexecute=0 rethrow=0 return_oop=0}
                      ; - jdk.internal.loader.Resource::cachedInputStream@9 (line 77)
                      ; - jdk.internal.loader.Resource::getByteBuffer@1 (line 163)
                      ; - jdk.internal.loader.BuiltinClassLoader::defineClass@45 (line 853)
  0x000001dc2b82d4b8: ac0e e3ff | 410f be57 | 3883 fa00 | 4c8b 8c24 | 9800 0000 | 0f85 8e03 | 0000 4c8b | d045 8951 
  0x000001dc2b82d4d8: 0c49 8bd1 | 4833 d048 | c1ea 1448 | 83fa 000f | 858f 0300 | 0041 8b51 | 0c48 8d84 | 24e0 0000 
  0x000001dc2b82d4f8: 0048 8b30 | 4885 f60f | 840f 0000 | 0048 8b78 | 08f0 480f | b137 0f85 | 8003 0000 | 4883 fa00 
  0x000001dc2b82d518: 0f84 4400 

  0x000001dc2b82d51c: ;   {metadata('sun/nio/ByteBuffered')}
  0x000001dc2b82d51c: 0000 48b8 | 18bd 0d37 | dc01 0000 | 8b5a 0849 | ba00 0000 | 37dc 0100 | 0049 03da | 483b 4320 
  0x000001dc2b82d53c: 0f84 2500 | 0000 483b | d80f 841c | 0000 0053 

  0x000001dc2b82d54c: ;   {runtime_call slow_subtype_check Runtime1 stub}
  0x000001dc2b82d54c: 50e8 aebf | e2ff 5b5b | 83fb 000f | 8405 0000 | 00e9 0500 | 0000 4833 | f6eb 0a48 | be01 0000 
  0x000001dc2b82d56c: 0000 0000 | 0083 fe00 | 0f84 6700 | 0000 4883 | fa00 0f84 | 4400 0000 

  0x000001dc2b82d584: ;   {metadata('sun/nio/ByteBuffered')}
  0x000001dc2b82d584: 48bb 18bd | 0d37 dc01 | 0000 8b7a | 0849 ba00 | 0000 37dc | 0100 0049 | 03fa 483b | 5f20 0f84 
  0x000001dc2b82d5a4: 2000 0000 | 483b fb0f | 8417 0000 

  0x000001dc2b82d5b0: ;   {runtime_call slow_subtype_check Runtime1 stub}
  0x000001dc2b82d5b0: 0057 53e8 | 48bf e2ff | 5f5f 83ff | 000f 84e7 | 0200 00e9 | 0000 0000 | 0f1f 4400 | 0048 b8ff 
  0x000001dc2b82d5d0: ffff ffff 

  0x000001dc2b82d5d4: ;   {virtual_call}
  0x000001dc2b82d5d4: ffff ffe8 

  0x000001dc2b82d5d8: ; ImmutableOopMap {[160]=Oop [168]=Oop [144]=Oop [152]=Oop }
                      ;*invokeinterface getByteBuffer {reexecute=0 rethrow=0 return_oop=0}
                      ; - jdk.internal.loader.Resource::getByteBuffer@16 (line 165)
                      ; - jdk.internal.loader.BuiltinClassLoader::defineClass@45 (line 853)
  0x000001dc2b82d5d8: a44a d8ff | e90a 0000 

  0x000001dc2b82d5e0: ;   {oop(NULL)}
  0x000001dc2b82d5e0: 0048 b800 | 0000 0000 | 0000 0048 | 83f8 000f | 84e5 0000 | 0048 8984 | 24b8 0000 | 0048 8b94 
  0x000001dc2b82d600: 2498 0000 | 0048 b8ff | ffff ffff 

  0x000001dc2b82d60c: ;   {virtual_call}
  0x000001dc2b82d60c: ffff ffe8 

  0x000001dc2b82d610: ; ImmutableOopMap {[160]=Oop [168]=Oop [144]=Oop [184]=Oop }
                      ;*invokevirtual getCodeSigners {reexecute=0 rethrow=0 return_oop=0}
                      ; - jdk.internal.loader.BuiltinClassLoader::defineClass@56 (line 855)
  0x000001dc2b82d610: 6c4a d8ff 

  0x000001dc2b82d614: ;   {metadata('java/security/CodeSource')}
  0x000001dc2b82d614: 4c8b c848 | baa0 ee00 | 37dc 0100 | 0049 8b87 | 0801 0000 | 488d 7828 | 493b bf18 | 0100 000f 
  0x000001dc2b82d634: 877a 0200 | 0049 89bf | 0801 0000 | 48c7 0001 | 0000 0048 | 8bca 49ba | 0000 0037 | dc01 0000 
  0x000001dc2b82d654: 492b ca89 | 4808 4833 | c989 480c | 4833 c948 | 8948 1048 | 8948 1848 | 8948 204c | 8b84 24a8 
  0x000001dc2b82d674: 0000 0048 | 8bd0 4889 | 8424 c000 | 0000 0f1f 

  0x000001dc2b82d684: ;   {optimized virtual_call}
  0x000001dc2b82d684: 4400 00e8 

  0x000001dc2b82d688: ; ImmutableOopMap {[160]=Oop [144]=Oop [184]=Oop [192]=Oop }
                      ;*invokespecial <init> {reexecute=0 rethrow=0 return_oop=0}
                      ; - jdk.internal.loader.BuiltinClassLoader::defineClass@68 (line 856)
  0x000001dc2b82d688: 7444 d8ff | 4c8b 8424 | c000 0000 | 488b 9424 | a000 0000 

  0x000001dc2b82d69c: ;   {optimized virtual_call}
  0x000001dc2b82d69c: 6666 90e8 

  0x000001dc2b82d6a0: ; ImmutableOopMap {[160]=Oop [144]=Oop [184]=Oop }
                      ;*invokevirtual getProtectionDomain {reexecute=0 rethrow=0 return_oop=0}
                      ; - java.security.SecureClassLoader::defineClass@5 (line 182)
                      ; - jdk.internal.loader.BuiltinClassLoader::defineClass@79 (line 857)
  0x000001dc2b82d6a0: 5c44 d8ff | 4c8b 8424 | 9000 0000 | 4c8b 8c24 | b800 0000 | 488b f848 | 8b94 24a0 

  0x000001dc2b82d6bc: ;   {optimized virtual_call}
  0x000001dc2b82d6bc: 0000 00e8 

  0x000001dc2b82d6c0: ; ImmutableOopMap {}
                      ;*invokevirtual defineClass {reexecute=0 rethrow=0 return_oop=0}
                      ; - java.security.SecureClassLoader::defineClass@8 (line 182)
                      ; - jdk.internal.loader.BuiltinClassLoader::defineClass@79 (line 857)
  0x000001dc2b82d6c0: 3c44 d8ff | 4881 c400 | 0100 005d 

  0x000001dc2b82d6cc: ;   {poll_return}
  0x000001dc2b82d6cc: 493b a748 | 0300 000f | 87e7 0100 | 00c3 4c8b | 8c24 9800 | 0000 498b | d148 b8ff | ffff ffff 
  0x000001dc2b82d6ec: ;   {virtual_call}
  0x000001dc2b82d6ec: ffff ffe8 

  0x000001dc2b82d6f0: ; ImmutableOopMap {[160]=Oop [144]=Oop [152]=Oop [168]=Oop }
                      ;*invokevirtual getBytes {reexecute=0 rethrow=0 return_oop=0}
                      ; - jdk.internal.loader.BuiltinClassLoader::defineClass@84 (line 859)
  0x000001dc2b82d6f0: 640d e3ff | 4889 8424 | c800 0000 | 488b 9424 | 9800 0000 | 9048 b8ff | ffff ffff 

  0x000001dc2b82d70c: ;   {virtual_call}
  0x000001dc2b82d70c: ffff ffe8 

  0x000001dc2b82d710: ; ImmutableOopMap {[160]=Oop [144]=Oop [168]=Oop [200]=Oop }
                      ;*invokevirtual getCodeSigners {reexecute=0 rethrow=0 return_oop=0}
                      ; - jdk.internal.loader.BuiltinClassLoader::defineClass@90 (line 860)
  0x000001dc2b82d710: 044a 0e00 

  0x000001dc2b82d714: ;   {metadata('java/security/CodeSource')}
  0x000001dc2b82d714: 4c8b c848 | baa0 ee00 | 37dc 0100 | 0049 8b87 | 0801 0000 | 488d 7828 | 493b bf18 | 0100 000f 
  0x000001dc2b82d734: 879d 0100 | 0049 89bf | 0801 0000 | 48c7 0001 | 0000 0048 | 8bca 49ba | 0000 0037 | dc01 0000 
  0x000001dc2b82d754: 492b ca89 | 4808 4833 | c989 480c | 4833 c948 | 8948 1048 | 8948 1848 | 8948 204c | 8b84 24a8 
  0x000001dc2b82d774: 0000 0048 | 8bd0 4889 | 8424 d000 | 0000 0f1f 

  0x000001dc2b82d784: ;   {optimized virtual_call}
  0x000001dc2b82d784: 4400 00e8 

  0x000001dc2b82d788: ; ImmutableOopMap {[160]=Oop [144]=Oop [200]=Oop [208]=Oop }
                      ;*invokespecial <init> {reexecute=0 rethrow=0 return_oop=0}
                      ; - jdk.internal.loader.BuiltinClassLoader::defineClass@102 (line 861)
  0x000001dc2b82d788: f442 0000 | 488b 8424 | c800 0000 

  0x000001dc2b82d794: ; implicit exception: dispatches to 0x000001dc2b82d8e3
  0x000001dc2b82d794: 8b70 0c4c | 8b84 24d0 | 0000 0048 | 8b94 24a0 | 0000 0089 | b424 d800 

  0x000001dc2b82d7ac: ;   {optimized virtual_call}
  0x000001dc2b82d7ac: 0000 90e8 

  0x000001dc2b82d7b0: ; ImmutableOopMap {[160]=Oop [144]=Oop [200]=Oop }
                      ;*invokevirtual getProtectionDomain {reexecute=0 rethrow=0 return_oop=0}
                      ; - java.security.SecureClassLoader::defineClass@9 (line 150)
                      ; - jdk.internal.loader.BuiltinClassLoader::defineClass@117 (line 862)
  0x000001dc2b82d7b0: cc98 0200 | 4c8b 8424 | 9000 0000 | 4c8b 8c24 | c800 0000 | bf00 0000 | 008b b424 | d800 0000 
  0x000001dc2b82d7d0: 488b c848 | 8b94 24a0 | 0000 000f 

  0x000001dc2b82d7dc: ;   {optimized virtual_call}
  0x000001dc2b82d7dc: 1f40 00e8 

  0x000001dc2b82d7e0: ; ImmutableOopMap {}
                      ;*invokevirtual defineClass {reexecute=0 rethrow=0 return_oop=0}
                      ; - java.security.SecureClassLoader::defineClass@12 (line 150)
                      ; - jdk.internal.loader.BuiltinClassLoader::defineClass@117 (line 862)
  0x000001dc2b82d7e0: 1ca6 0200 | 4881 c400 | 0100 005d 

  0x000001dc2b82d7ec: ;   {poll_return}
  0x000001dc2b82d7ec: 493b a748 | 0300 000f | 87ef 0000 | 00c3 498b | 87d8 0300 | 004d 33d2 | 4d89 97d8 | 0300 004d 
  0x000001dc2b82d80c: 33d2 4d89 | 97e0 0300 | 0048 8bf0 | 488d 8424 | e000 0000 | 488b 3848 | 85ff 0f84 | 0f00 0000 
  0x000001dc2b82d82c: 488b 5808 | f048 0fb1 | 3b0f 85c3 | 0000 0048 | 8bc6 e9f0 

  0x000001dc2b82d840: ;   {runtime_call throw_null_pointer_exception Runtime1 stub}
  0x000001dc2b82d840: 0000 00e8 

  0x000001dc2b82d844: ; ImmutableOopMap {[152]=Oop [160]=Oop rax=Oop [168]=Oop r8=Oop [144]=Oop }
                      ;*invokevirtual lastIndexOf {reexecute=0 rethrow=0 return_oop=0}
                      ; - jdk.internal.loader.BuiltinClassLoader::defineClass@8 (line 845)
  0x000001dc2b82d844: d87e e2ff 

  0x000001dc2b82d848: ;   {runtime_call throw_null_pointer_exception Runtime1 stub}
  0x000001dc2b82d848: e8d3 7ee2 

  0x000001dc2b82d84c: ; ImmutableOopMap {[152]=Oop [160]=Oop rax=Oop [168]=Oop r8=Oop [144]=Oop rsi=Oop }
                      ;*arraylength {reexecute=0 rethrow=0 return_oop=0}
                      ; - java.lang.String::length@4 (line 1481)
                      ; - java.lang.String::lastIndexOf@3 (line 2451)
                      ; - jdk.internal.loader.BuiltinClassLoader::defineClass@8 (line 845)
  0x000001dc2b82d84c: ff4c 894c | 2408 4889 

  0x000001dc2b82d854: ;   {runtime_call monitorenter_nofpu Runtime1 stub}
  0x000001dc2b82d854: 1424 e825 

  0x000001dc2b82d858: ; ImmutableOopMap {[160]=Oop [168]=Oop [144]=Oop r9=Oop [152]=Oop [232]=Oop }
                      ;*synchronization entry
                      ; - jdk.internal.loader.Resource::cachedInputStream@-1 (line 76)
                      ; - jdk.internal.loader.Resource::getByteBuffer@1 (line 163)
                      ; - jdk.internal.loader.BuiltinClassLoader::defineClass@45 (line 853)
  0x000001dc2b82d858: c3e2 ffe9 | 38fc ffff | 418b 510c | 4883 fa00 | 0f84 64fc | ffff 4889 

  0x000001dc2b82d870: ;   {runtime_call g1_pre_barrier_slow}
  0x000001dc2b82d870: 1424 e809 | f4e2 ffe9 | 56fc ffff | 4883 f800 | 0f84 67fc | ffff 4c89 

  0x000001dc2b82d888: ;   {runtime_call g1_post_barrier_slow}
  0x000001dc2b82d888: 0c24 e8f1 | f7e2 ffe9 | 59fc ffff | 488d 8424 | e000 0000 | 4889 0424 

  0x000001dc2b82d8a0: ;   {runtime_call monitorexit_nofpu Runtime1 stub}
  0x000001dc2b82d8a0: e85b c9e2 | ffe9 6afc | ffff 4889 

  0x000001dc2b82d8ac: ;   {runtime_call throw_class_cast_exception Runtime1 stub}
  0x000001dc2b82d8ac: 1424 e86d 

  0x000001dc2b82d8b0: ; ImmutableOopMap {[160]=Oop [168]=Oop [144]=Oop [152]=Oop }
                      ;*checkcast {reexecute=0 rethrow=0 return_oop=0}
                      ; - jdk.internal.loader.Resource::getByteBuffer@13 (line 165)
                      ; - jdk.internal.loader.BuiltinClassLoader::defineClass@45 (line 853)
  0x000001dc2b82d8b0: b6e2 ff48 

  0x000001dc2b82d8b4: ;   {runtime_call fast_new_instance Runtime1 stub}
  0x000001dc2b82d8b4: 8bd2 e845 

  0x000001dc2b82d8b8: ; ImmutableOopMap {[160]=Oop [168]=Oop [144]=Oop [184]=Oop r9=Oop }
                      ;*new {reexecute=0 rethrow=0 return_oop=0}
                      ; - jdk.internal.loader.BuiltinClassLoader::defineClass@61 (line 856)
  0x000001dc2b82d8b8: 8ce2 ffe9 | affd ffff 

  0x000001dc2b82d8c0: ;   {internal_word}
  0x000001dc2b82d8c0: 49ba ccd6 | 822b dc01 | 0000 4d89 | 9760 0300 

  0x000001dc2b82d8d0: ;   {runtime_call SafepointBlob}
  0x000001dc2b82d8d0: 00e9 aab6 | d8ff 488b 

  0x000001dc2b82d8d8: ;   {runtime_call fast_new_instance Runtime1 stub}
  0x000001dc2b82d8d8: d2e8 228c 

  0x000001dc2b82d8dc: ; ImmutableOopMap {[160]=Oop [144]=Oop [168]=Oop [200]=Oop r9=Oop }
                      ;*new {reexecute=0 rethrow=0 return_oop=0}
                      ; - jdk.internal.loader.BuiltinClassLoader::defineClass@95 (line 861)
  0x000001dc2b82d8dc: e2ff e98c 

  0x000001dc2b82d8e0: ;   {runtime_call throw_null_pointer_exception Runtime1 stub}
  0x000001dc2b82d8e0: feff ffe8 

  0x000001dc2b82d8e4: ; ImmutableOopMap {[160]=Oop [144]=Oop [208]=Oop rax=Oop [200]=Oop }
                      ;*arraylength {reexecute=0 rethrow=0 return_oop=0}
                      ; - jdk.internal.loader.BuiltinClassLoader::defineClass@114 (line 862)
  0x000001dc2b82d8e4: 387e e2ff 

  0x000001dc2b82d8e8: ;   {internal_word}
  0x000001dc2b82d8e8: 49ba ecd7 | 822b dc01 | 0000 4d89 | 9760 0300 

  0x000001dc2b82d8f8: ;   {runtime_call SafepointBlob}
  0x000001dc2b82d8f8: 00e9 82b6 | d8ff 488d | 8424 e000 | 0000 4889 

  0x000001dc2b82d908: ;   {runtime_call monitorexit_nofpu Runtime1 stub}
  0x000001dc2b82d908: 0424 e8f1 | c8e2 ffe9 | 27ff ffff | 9090 498b | 87d8 0300 | 0049 c787 | d803 0000 | 0000 0000 
  0x000001dc2b82d928: 49c7 87e0 | 0300 0000 | 0000 0048 | 81c4 0001 

  0x000001dc2b82d938: ;   {runtime_call unwind_exception Runtime1 stub}
  0x000001dc2b82d938: 0000 5de9 | c06e e2ff 
[Stub Code]
  0x000001dc2b82d940: ;   {no_reloc}
  0x000001dc2b82d940: 0f1f 4400 

  0x000001dc2b82d944: ;   {static_stub}
  0x000001dc2b82d944: 0048 bb00 | 0000 0000 

  0x000001dc2b82d94c: ;   {runtime_call}
  0x000001dc2b82d94c: 0000 00e9 | fbff ffff 

  0x000001dc2b82d954: ;   {static_stub}
  0x000001dc2b82d954: 9048 bb00 | 0000 0000 

  0x000001dc2b82d95c: ;   {runtime_call}
  0x000001dc2b82d95c: 0000 00e9 | fbff ffff 

  0x000001dc2b82d964: ;   {static_stub}
  0x000001dc2b82d964: 9048 bb00 | 0000 0000 

  0x000001dc2b82d96c: ;   {runtime_call}
  0x000001dc2b82d96c: 0000 00e9 | fbff ffff 

  0x000001dc2b82d974: ;   {static_stub}
  0x000001dc2b82d974: 9048 bb00 | 0000 0000 

  0x000001dc2b82d97c: ;   {runtime_call}
  0x000001dc2b82d97c: 0000 00e9 | fbff ffff 

  0x000001dc2b82d984: ;   {static_stub}
  0x000001dc2b82d984: 9048 bb00 | 0000 0000 

  0x000001dc2b82d98c: ;   {runtime_call}
  0x000001dc2b82d98c: 0000 00e9 | fbff ffff 

  0x000001dc2b82d994: ;   {static_stub}
  0x000001dc2b82d994: 9048 bb00 | 0000 0000 

  0x000001dc2b82d99c: ;   {runtime_call}
  0x000001dc2b82d99c: 0000 00e9 | fbff ffff 

  0x000001dc2b82d9a4: ;   {static_stub}
  0x000001dc2b82d9a4: 9048 bb00 | 0000 0000 

  0x000001dc2b82d9ac: ;   {runtime_call}
  0x000001dc2b82d9ac: 0000 00e9 | fbff ffff 

  0x000001dc2b82d9b4: ;   {static_stub}
  0x000001dc2b82d9b4: 9048 bb00 | 0000 0000 

  0x000001dc2b82d9bc: ;   {runtime_call}
  0x000001dc2b82d9bc: 0000 00e9 | fbff ffff 

  0x000001dc2b82d9c4: ;   {static_stub}
  0x000001dc2b82d9c4: 9048 bb00 | 0000 0000 

  0x000001dc2b82d9cc: ;   {runtime_call}
  0x000001dc2b82d9cc: 0000 00e9 | fbff ffff 

  0x000001dc2b82d9d4: ;   {static_stub}
  0x000001dc2b82d9d4: 9048 bb00 | 0000 0000 

  0x000001dc2b82d9dc: ;   {runtime_call}
  0x000001dc2b82d9dc: 0000 00e9 | fbff ffff 

  0x000001dc2b82d9e4: ;   {static_stub}
  0x000001dc2b82d9e4: 9048 bb00 | 0000 0000 

  0x000001dc2b82d9ec: ;   {runtime_call}
  0x000001dc2b82d9ec: 0000 00e9 | fbff ffff 

  0x000001dc2b82d9f4: ;   {static_stub}
  0x000001dc2b82d9f4: 9048 bb00 | 0000 0000 

  0x000001dc2b82d9fc: ;   {runtime_call}
  0x000001dc2b82d9fc: 0000 00e9 | fbff ffff 

  0x000001dc2b82da04: ;   {static_stub}
  0x000001dc2b82da04: 9048 bb00 | 0000 0000 

  0x000001dc2b82da0c: ;   {runtime_call}
  0x000001dc2b82da0c: 0000 00e9 | fbff ffff 

  0x000001dc2b82da14: ;   {static_stub}
  0x000001dc2b82da14: 9048 bb00 | 0000 0000 

  0x000001dc2b82da1c: ;   {runtime_call}
  0x000001dc2b82da1c: 0000 00e9 | fbff ffff 

  0x000001dc2b82da24: ;   {static_stub}
  0x000001dc2b82da24: 9048 bb38 | 2f42 37dc 

  0x000001dc2b82da2c: ;   {runtime_call I2C/C2I adapters}
  0x000001dc2b82da2c: 0100 00e9 | 2dc4 d8ff 

  0x000001dc2b82da34: ;   {static_stub}
  0x000001dc2b82da34: 9048 bbf8 | 5043 37dc 

  0x000001dc2b82da3c: ;   {runtime_call I2C/C2I adapters}
  0x000001dc2b82da3c: 0100 00e9 | 199b d8ff 

  0x000001dc2b82da44: ;   {static_stub}
  0x000001dc2b82da44: 9048 bba8 | 0c01 37dc 

  0x000001dc2b82da4c: ;   {runtime_call I2C/C2I adapters}
  0x000001dc2b82da4c: 0100 00e9 | 97a8 d7ff 
[Exception Handler]
  0x000001dc2b82da54: ;   {runtime_call handle_exception_from_callee Runtime1 stub}
  0x000001dc2b82da54: e8a7 aee2 

  0x000001dc2b82da58: ;   {external_word}
  0x000001dc2b82da58: ff48 b900 | fabf c6fe | 7f00 0048 

  0x000001dc2b82da64: ;   {runtime_call}
  0x000001dc2b82da64: 83e4 f049 | ba00 8f88 | c6fe 7f00 | 0041 ffd2 

  0x000001dc2b82da74: ;   {section_word}
  0x000001dc2b82da74: f449 ba75 | da82 2bdc | 0100 0041 

  0x000001dc2b82da80: ;   {runtime_call DeoptimizationBlob}
  0x000001dc2b82da80: 52e9 9ac9 | d8ff f4f4 
[/MachCode]


---------------  P R O C E S S  ---------------

Threads class SMR info:
_java_thread_list=0x000001dc7c8085a0, length=12, elements={
0x000001dc221dca70, 0x000001dc3675c700, 0x000001dc3675d1d0, 0x000001dc3676ff30,
0x000001dc36772910, 0x000001dc367751f0, 0x000001dc36777ad0, 0x000001dc36782470,
0x000001dc367873b0, 0x000001dc36978770, 0x000001dc3698bc40, 0x000001dc3698ea00
}

Java Threads: ( => current thread )
=>0x000001dc221dca70 JavaThread "main" [_thread_in_vm, id=13984, stack(0x00000076e3400000,0x00000076e3500000)]
  0x000001dc3675c700 JavaThread "Reference Handler" daemon [_thread_blocked, id=18196, stack(0x00000076e3b00000,0x00000076e3c00000)]
  0x000001dc3675d1d0 JavaThread "Finalizer" daemon [_thread_blocked, id=2904, stack(0x00000076e3c00000,0x00000076e3d00000)]
  0x000001dc3676ff30 JavaThread "Signal Dispatcher" daemon [_thread_blocked, id=1784, stack(0x00000076e3d00000,0x00000076e3e00000)]
  0x000001dc36772910 JavaThread "Attach Listener" daemon [_thread_blocked, id=7320, stack(0x00000076e3e00000,0x00000076e3f00000)]
  0x000001dc367751f0 JavaThread "Service Thread" daemon [_thread_blocked, id=7664, stack(0x00000076e3f00000,0x00000076e4000000)]
  0x000001dc36777ad0 JavaThread "Monitor Deflation Thread" daemon [_thread_blocked, id=15588, stack(0x00000076e4000000,0x00000076e4100000)]
  0x000001dc36782470 JavaThread "C1 CompilerThread0" daemon [_thread_blocked, id=17080, stack(0x00000076e4100000,0x00000076e4200000)]
  0x000001dc367873b0 JavaThread "Sweeper thread" daemon [_thread_blocked, id=19692, stack(0x00000076e4200000,0x00000076e4300000)]
  0x000001dc36978770 JavaThread "C1 CompilerThread1" daemon [_thread_blocked, id=7744, stack(0x00000076e4300000,0x00000076e4400000)]
  0x000001dc3698bc40 JavaThread "Notification Thread" daemon [_thread_blocked, id=804, stack(0x00000076e4400000,0x00000076e4500000)]
  0x000001dc3698ea00 JavaThread "Common-Cleaner" daemon [_thread_blocked, id=16416, stack(0x00000076e4600000,0x00000076e4700000)]

Other Threads:
  0x000001dc367579f0 VMThread "VM Thread" [stack: 0x00000076e3a00000,0x00000076e3b00000] [id=10740]
  0x000001dc3698c120 WatcherThread [stack: 0x00000076e4500000,0x00000076e4600000] [id=7920]
  0x000001dc22235210 GCTaskThread "GC Thread#0" [stack: 0x00000076e3500000,0x00000076e3600000] [id=23556]
  0x000001dc7c4412e0 GCTaskThread "GC Thread#1" [stack: 0x00000076e4700000,0x00000076e4800000] [id=19972]
  0x000001dc7c431770 GCTaskThread "GC Thread#2" [stack: 0x00000076e4800000,0x00000076e4900000] [id=23980]
  0x000001dc7c474d00 GCTaskThread "GC Thread#3" [stack: 0x00000076e4900000,0x00000076e4a00000] [id=9460]
  0x000001dc7c474fd0 GCTaskThread "GC Thread#4" [stack: 0x00000076e4a00000,0x00000076e4b00000] [id=3680]
  0x000001dc7c754890 GCTaskThread "GC Thread#5" [stack: 0x00000076e4c00000,0x00000076e4d00000] [id=14620]
  0x000001dc7c784a30 GCTaskThread "GC Thread#6" [stack: 0x00000076e4d00000,0x00000076e4e00000] [id=17116]
  0x000001dc7c784cf0 GCTaskThread "GC Thread#7" [stack: 0x00000076e4e00000,0x00000076e4f00000] [id=14952]
  0x000001dc7c784fb0 GCTaskThread "GC Thread#8" [stack: 0x00000076e4f00000,0x00000076e5000000] [id=4340]
  0x000001dc7c7862a0 GCTaskThread "GC Thread#9" [stack: 0x00000076e5000000,0x00000076e5100000] [id=2672]
  0x000001dc22246980 ConcurrentGCThread "G1 Main Marker" [stack: 0x00000076e3600000,0x00000076e3700000] [id=18228]
  0x000001dc222472b0 ConcurrentGCThread "G1 Conc#0" [stack: 0x00000076e3700000,0x00000076e3800000] [id=12600]
  0x000001dc36610140 ConcurrentGCThread "G1 Refine#0" [stack: 0x00000076e3800000,0x00000076e3900000] [id=4968]
  0x000001dc36610a80 ConcurrentGCThread "G1 Service" [stack: 0x00000076e3900000,0x00000076e3a00000] [id=20568]

Threads with active compile tasks:

VM state: not at safepoint (normal execution)

VM Mutex/Monitor currently owned by a thread:  ([mutex/lock_event])
[0x000001dc221d6ed0] Metaspace_lock - owner thread: 0x000001dc221dca70

Heap address: 0x0000000083800000, size: 1992 MB, Compressed Oops mode: 32-bit

CDS archive(s) mapped at: [0x000001dc37000000-0x000001dc37bb0000-0x000001dc37bb0000), size 12255232, SharedBaseAddress: 0x000001dc37000000, ArchiveRelocationMode: 1.
Compressed class space mapped at: 0x000001dc38000000-0x000001dc78000000, reserved size: 1073741824
Narrow klass base: 0x000001dc37000000, Narrow klass shift: 0, Narrow klass range: 0x100000000

GC Precious Log:
 CPUs: 12 total, 12 available
 Memory: 7963M
 Large Page Support: Disabled
 NUMA Support: Disabled
 Compressed Oops: Enabled (32-bit)
 Heap Region Size: 1M
 Heap Min Capacity: 8M
 Heap Initial Capacity: 126M
 Heap Max Capacity: 1992M
 Pre-touch: Disabled
 Parallel Workers: 10
 Concurrent Workers: 3
 Concurrent Refinement Workers: 10
 Periodic GC: Disabled

Heap:
 garbage-first heap   total 129024K, used 58125K [0x0000000083800000, 0x0000000100000000)
  region size 1024K, 53 young (54272K), 3 survivors (3072K)
 Metaspace       used 18587K, committed 18880K, reserved 1114112K
  class space    used 2542K, committed 2688K, reserved 1048576K

Heap Regions: E=young(eden), S=young(survivor), O=old, HS=humongous(starts), HC=humongous(continues), CS=collection set, F=free, OA=open archive, CA=closed archive, TAMS=top-at-mark-start (previous, next)
|   0|0x0000000083800000, 0x0000000083900000, 0x0000000083900000|100%|HS|  |TAMS 0x0000000083800000, 0x0000000083800000| Complete 
|   1|0x0000000083900000, 0x0000000083a00000, 0x0000000083a00000|100%| O|  |TAMS 0x0000000083900000, 0x0000000083900000| Untracked 
|   2|0x0000000083a00000, 0x0000000083b00000, 0x0000000083b00000|100%| O|  |TAMS 0x0000000083a00000, 0x0000000083a00000| Untracked 
|   3|0x0000000083b00000, 0x0000000083c00000, 0x0000000083c00000|100%| O|  |TAMS 0x0000000083b00000, 0x0000000083b00000| Untracked 
|   4|0x0000000083c00000, 0x0000000083d00000, 0x0000000083d00000|100%| O|  |TAMS 0x0000000083c00000, 0x0000000083c00000| Untracked 
|   5|0x0000000083d00000, 0x0000000083e00000, 0x0000000083e00000|100%| O|  |TAMS 0x0000000083d00000, 0x0000000083d00000| Untracked 
|   6|0x0000000083e00000, 0x0000000083e94a00, 0x0000000083f00000| 58%| O|  |TAMS 0x0000000083e00000, 0x0000000083e00000| Untracked 
|   7|0x0000000083f00000, 0x0000000083f00000, 0x0000000084000000|  0%| F|  |TAMS 0x0000000083f00000, 0x0000000083f00000| Untracked 
|   8|0x0000000084000000, 0x0000000084000000, 0x0000000084100000|  0%| F|  |TAMS 0x0000000084000000, 0x0000000084000000| Untracked 
|   9|0x0000000084100000, 0x0000000084100000, 0x0000000084200000|  0%| F|  |TAMS 0x0000000084100000, 0x0000000084100000| Untracked 
|  10|0x0000000084200000, 0x0000000084200000, 0x0000000084300000|  0%| F|  |TAMS 0x0000000084200000, 0x0000000084200000| Untracked 
|  11|0x0000000084300000, 0x0000000084300000, 0x0000000084400000|  0%| F|  |TAMS 0x0000000084300000, 0x0000000084300000| Untracked 
|  12|0x0000000084400000, 0x0000000084400000, 0x0000000084500000|  0%| F|  |TAMS 0x0000000084400000, 0x0000000084400000| Untracked 
|  13|0x0000000084500000, 0x0000000084500000, 0x0000000084600000|  0%| F|  |TAMS 0x0000000084500000, 0x0000000084500000| Untracked 
|  14|0x0000000084600000, 0x0000000084600000, 0x0000000084700000|  0%| F|  |TAMS 0x0000000084600000, 0x0000000084600000| Untracked 
|  15|0x0000000084700000, 0x0000000084700000, 0x0000000084800000|  0%| F|  |TAMS 0x0000000084700000, 0x0000000084700000| Untracked 
|  16|0x0000000084800000, 0x0000000084800000, 0x0000000084900000|  0%| F|  |TAMS 0x0000000084800000, 0x0000000084800000| Untracked 
|  17|0x0000000084900000, 0x0000000084900000, 0x0000000084a00000|  0%| F|  |TAMS 0x0000000084900000, 0x0000000084900000| Untracked 
|  18|0x0000000084a00000, 0x0000000084a00000, 0x0000000084b00000|  0%| F|  |TAMS 0x0000000084a00000, 0x0000000084a00000| Untracked 
|  19|0x0000000084b00000, 0x0000000084b00000, 0x0000000084c00000|  0%| F|  |TAMS 0x0000000084b00000, 0x0000000084b00000| Untracked 
|  20|0x0000000084c00000, 0x0000000084c00000, 0x0000000084d00000|  0%| F|  |TAMS 0x0000000084c00000, 0x0000000084c00000| Untracked 
|  21|0x0000000084d00000, 0x0000000084d00000, 0x0000000084e00000|  0%| F|  |TAMS 0x0000000084d00000, 0x0000000084d00000| Untracked 
|  22|0x0000000084e00000, 0x0000000084e00000, 0x0000000084f00000|  0%| F|  |TAMS 0x0000000084e00000, 0x0000000084e00000| Untracked 
|  23|0x0000000084f00000, 0x0000000084f00000, 0x0000000085000000|  0%| F|  |TAMS 0x0000000084f00000, 0x0000000084f00000| Untracked 
|  24|0x0000000085000000, 0x0000000085000000, 0x0000000085100000|  0%| F|  |TAMS 0x0000000085000000, 0x0000000085000000| Untracked 
|  25|0x0000000085100000, 0x0000000085100000, 0x0000000085200000|  0%| F|  |TAMS 0x0000000085100000, 0x0000000085100000| Untracked 
|  26|0x0000000085200000, 0x0000000085200000, 0x0000000085300000|  0%| F|  |TAMS 0x0000000085200000, 0x0000000085200000| Untracked 
|  27|0x0000000085300000, 0x0000000085300000, 0x0000000085400000|  0%| F|  |TAMS 0x0000000085300000, 0x0000000085300000| Untracked 
|  28|0x0000000085400000, 0x0000000085400000, 0x0000000085500000|  0%| F|  |TAMS 0x0000000085400000, 0x0000000085400000| Untracked 
|  29|0x0000000085500000, 0x0000000085500000, 0x0000000085600000|  0%| F|  |TAMS 0x0000000085500000, 0x0000000085500000| Untracked 
|  30|0x0000000085600000, 0x0000000085600000, 0x0000000085700000|  0%| F|  |TAMS 0x0000000085600000, 0x0000000085600000| Untracked 
|  31|0x0000000085700000, 0x0000000085700000, 0x0000000085800000|  0%| F|  |TAMS 0x0000000085700000, 0x0000000085700000| Untracked 
|  32|0x0000000085800000, 0x0000000085800000, 0x0000000085900000|  0%| F|  |TAMS 0x0000000085800000, 0x0000000085800000| Untracked 
|  33|0x0000000085900000, 0x0000000085900000, 0x0000000085a00000|  0%| F|  |TAMS 0x0000000085900000, 0x0000000085900000| Untracked 
|  34|0x0000000085a00000, 0x0000000085a00000, 0x0000000085b00000|  0%| F|  |TAMS 0x0000000085a00000, 0x0000000085a00000| Untracked 
|  35|0x0000000085b00000, 0x0000000085b00000, 0x0000000085c00000|  0%| F|  |TAMS 0x0000000085b00000, 0x0000000085b00000| Untracked 
|  36|0x0000000085c00000, 0x0000000085c00000, 0x0000000085d00000|  0%| F|  |TAMS 0x0000000085c00000, 0x0000000085c00000| Untracked 
|  37|0x0000000085d00000, 0x0000000085d00000, 0x0000000085e00000|  0%| F|  |TAMS 0x0000000085d00000, 0x0000000085d00000| Untracked 
|  38|0x0000000085e00000, 0x0000000085e00000, 0x0000000085f00000|  0%| F|  |TAMS 0x0000000085e00000, 0x0000000085e00000| Untracked 
|  39|0x0000000085f00000, 0x0000000085f00000, 0x0000000086000000|  0%| F|  |TAMS 0x0000000085f00000, 0x0000000085f00000| Untracked 
|  40|0x0000000086000000, 0x0000000086000000, 0x0000000086100000|  0%| F|  |TAMS 0x0000000086000000, 0x0000000086000000| Untracked 
|  41|0x0000000086100000, 0x0000000086100000, 0x0000000086200000|  0%| F|  |TAMS 0x0000000086100000, 0x0000000086100000| Untracked 
|  42|0x0000000086200000, 0x0000000086200000, 0x0000000086300000|  0%| F|  |TAMS 0x0000000086200000, 0x0000000086200000| Untracked 
|  43|0x0000000086300000, 0x0000000086300000, 0x0000000086400000|  0%| F|  |TAMS 0x0000000086300000, 0x0000000086300000| Untracked 
|  44|0x0000000086400000, 0x0000000086400000, 0x0000000086500000|  0%| F|  |TAMS 0x0000000086400000, 0x0000000086400000| Untracked 
|  45|0x0000000086500000, 0x0000000086500000, 0x0000000086600000|  0%| F|  |TAMS 0x0000000086500000, 0x0000000086500000| Untracked 
|  46|0x0000000086600000, 0x0000000086600000, 0x0000000086700000|  0%| F|  |TAMS 0x0000000086600000, 0x0000000086600000| Untracked 
|  47|0x0000000086700000, 0x0000000086700000, 0x0000000086800000|  0%| F|  |TAMS 0x0000000086700000, 0x0000000086700000| Untracked 
|  48|0x0000000086800000, 0x0000000086800000, 0x0000000086900000|  0%| F|  |TAMS 0x0000000086800000, 0x0000000086800000| Untracked 
|  49|0x0000000086900000, 0x0000000086900000, 0x0000000086a00000|  0%| F|  |TAMS 0x0000000086900000, 0x0000000086900000| Untracked 
|  50|0x0000000086a00000, 0x0000000086a00000, 0x0000000086b00000|  0%| F|  |TAMS 0x0000000086a00000, 0x0000000086a00000| Untracked 
|  51|0x0000000086b00000, 0x0000000086b00000, 0x0000000086c00000|  0%| F|  |TAMS 0x0000000086b00000, 0x0000000086b00000| Untracked 
|  52|0x0000000086c00000, 0x0000000086c00000, 0x0000000086d00000|  0%| F|  |TAMS 0x0000000086c00000, 0x0000000086c00000| Untracked 
|  53|0x0000000086d00000, 0x0000000086d00000, 0x0000000086e00000|  0%| F|  |TAMS 0x0000000086d00000, 0x0000000086d00000| Untracked 
|  54|0x0000000086e00000, 0x0000000086e00000, 0x0000000086f00000|  0%| F|  |TAMS 0x0000000086e00000, 0x0000000086e00000| Untracked 
|  55|0x0000000086f00000, 0x0000000086f00000, 0x0000000087000000|  0%| F|  |TAMS 0x0000000086f00000, 0x0000000086f00000| Untracked 
|  56|0x0000000087000000, 0x0000000087000000, 0x0000000087100000|  0%| F|  |TAMS 0x0000000087000000, 0x0000000087000000| Untracked 
|  57|0x0000000087100000, 0x0000000087100000, 0x0000000087200000|  0%| F|  |TAMS 0x0000000087100000, 0x0000000087100000| Untracked 
|  58|0x0000000087200000, 0x0000000087200000, 0x0000000087300000|  0%| F|  |TAMS 0x0000000087200000, 0x0000000087200000| Untracked 
|  59|0x0000000087300000, 0x0000000087300000, 0x0000000087400000|  0%| F|  |TAMS 0x0000000087300000, 0x0000000087300000| Untracked 
|  60|0x0000000087400000, 0x0000000087400000, 0x0000000087500000|  0%| F|  |TAMS 0x0000000087400000, 0x0000000087400000| Untracked 
|  61|0x0000000087500000, 0x0000000087500000, 0x0000000087600000|  0%| F|  |TAMS 0x0000000087500000, 0x0000000087500000| Untracked 
|  62|0x0000000087600000, 0x0000000087600000, 0x0000000087700000|  0%| F|  |TAMS 0x0000000087600000, 0x0000000087600000| Untracked 
|  63|0x0000000087700000, 0x0000000087700000, 0x0000000087800000|  0%| F|  |TAMS 0x0000000087700000, 0x0000000087700000| Untracked 
|  64|0x0000000087800000, 0x0000000087800000, 0x0000000087900000|  0%| F|  |TAMS 0x0000000087800000, 0x0000000087800000| Untracked 
|  65|0x0000000087900000, 0x0000000087900000, 0x0000000087a00000|  0%| F|  |TAMS 0x0000000087900000, 0x0000000087900000| Untracked 
|  66|0x0000000087a00000, 0x0000000087a00000, 0x0000000087b00000|  0%| F|  |TAMS 0x0000000087a00000, 0x0000000087a00000| Untracked 
|  67|0x0000000087b00000, 0x0000000087b00000, 0x0000000087c00000|  0%| F|  |TAMS 0x0000000087b00000, 0x0000000087b00000| Untracked 
|  68|0x0000000087c00000, 0x0000000087c00000, 0x0000000087d00000|  0%| F|  |TAMS 0x0000000087c00000, 0x0000000087c00000| Untracked 
|  69|0x0000000087d00000, 0x0000000087d00000, 0x0000000087e00000|  0%| F|  |TAMS 0x0000000087d00000, 0x0000000087d00000| Untracked 
|  70|0x0000000087e00000, 0x0000000087e00000, 0x0000000087f00000|  0%| F|  |TAMS 0x0000000087e00000, 0x0000000087e00000| Untracked 
|  71|0x0000000087f00000, 0x0000000087f00000, 0x0000000088000000|  0%| F|  |TAMS 0x0000000087f00000, 0x0000000087f00000| Untracked 
|  72|0x0000000088000000, 0x0000000088000000, 0x0000000088100000|  0%| F|  |TAMS 0x0000000088000000, 0x0000000088000000| Untracked 
|  73|0x0000000088100000, 0x0000000088180000, 0x0000000088200000| 50%| E|  |TAMS 0x0000000088100000, 0x0000000088100000| Complete 
|  74|0x0000000088200000, 0x0000000088300000, 0x0000000088300000|100%| E|CS|TAMS 0x0000000088200000, 0x0000000088200000| Complete 
|  75|0x0000000088300000, 0x0000000088400000, 0x0000000088400000|100%| E|CS|TAMS 0x0000000088300000, 0x0000000088300000| Complete 
|  76|0x0000000088400000, 0x0000000088500000, 0x0000000088500000|100%| E|CS|TAMS 0x0000000088400000, 0x0000000088400000| Complete 
|  77|0x0000000088500000, 0x0000000088600000, 0x0000000088600000|100%| E|CS|TAMS 0x0000000088500000, 0x0000000088500000| Complete 
|  78|0x0000000088600000, 0x0000000088700000, 0x0000000088700000|100%| E|CS|TAMS 0x0000000088600000, 0x0000000088600000| Complete 
|  79|0x0000000088700000, 0x0000000088800000, 0x0000000088800000|100%| E|CS|TAMS 0x0000000088700000, 0x0000000088700000| Complete 
|  80|0x0000000088800000, 0x0000000088900000, 0x0000000088900000|100%| E|CS|TAMS 0x0000000088800000, 0x0000000088800000| Complete 
|  81|0x0000000088900000, 0x0000000088a00000, 0x0000000088a00000|100%| E|CS|TAMS 0x0000000088900000, 0x0000000088900000| Complete 
|  82|0x0000000088a00000, 0x0000000088b00000, 0x0000000088b00000|100%| E|CS|TAMS 0x0000000088a00000, 0x0000000088a00000| Complete 
|  83|0x0000000088b00000, 0x0000000088c00000, 0x0000000088c00000|100%| E|CS|TAMS 0x0000000088b00000, 0x0000000088b00000| Complete 
|  84|0x0000000088c00000, 0x0000000088d00000, 0x0000000088d00000|100%| E|CS|TAMS 0x0000000088c00000, 0x0000000088c00000| Complete 
|  85|0x0000000088d00000, 0x0000000088e00000, 0x0000000088e00000|100%| E|CS|TAMS 0x0000000088d00000, 0x0000000088d00000| Complete 
|  86|0x0000000088e00000, 0x0000000088f00000, 0x0000000088f00000|100%| E|CS|TAMS 0x0000000088e00000, 0x0000000088e00000| Complete 
|  87|0x0000000088f00000, 0x0000000089000000, 0x0000000089000000|100%| E|CS|TAMS 0x0000000088f00000, 0x0000000088f00000| Complete 
|  88|0x0000000089000000, 0x0000000089100000, 0x0000000089100000|100%| E|CS|TAMS 0x0000000089000000, 0x0000000089000000| Complete 
|  89|0x0000000089100000, 0x0000000089200000, 0x0000000089200000|100%| E|CS|TAMS 0x0000000089100000, 0x0000000089100000| Complete 
|  90|0x0000000089200000, 0x0000000089300000, 0x0000000089300000|100%| E|CS|TAMS 0x0000000089200000, 0x0000000089200000| Complete 
|  91|0x0000000089300000, 0x000000008932ed30, 0x0000000089400000| 18%| S|CS|TAMS 0x0000000089300000, 0x0000000089300000| Complete 
|  92|0x0000000089400000, 0x0000000089500000, 0x0000000089500000|100%| S|CS|TAMS 0x0000000089400000, 0x0000000089400000| Complete 
|  93|0x0000000089500000, 0x0000000089600000, 0x0000000089600000|100%| S|CS|TAMS 0x0000000089500000, 0x0000000089500000| Complete 
|  94|0x0000000089600000, 0x0000000089700000, 0x0000000089700000|100%| E|CS|TAMS 0x0000000089600000, 0x0000000089600000| Complete 
|  95|0x0000000089700000, 0x0000000089800000, 0x0000000089800000|100%| E|CS|TAMS 0x0000000089700000, 0x0000000089700000| Complete 
|  96|0x0000000089800000, 0x0000000089900000, 0x0000000089900000|100%| E|CS|TAMS 0x0000000089800000, 0x0000000089800000| Complete 
|  97|0x0000000089900000, 0x0000000089a00000, 0x0000000089a00000|100%| E|CS|TAMS 0x0000000089900000, 0x0000000089900000| Complete 
|  98|0x0000000089a00000, 0x0000000089b00000, 0x0000000089b00000|100%| E|CS|TAMS 0x0000000089a00000, 0x0000000089a00000| Complete 
|  99|0x0000000089b00000, 0x0000000089c00000, 0x0000000089c00000|100%| E|CS|TAMS 0x0000000089b00000, 0x0000000089b00000| Complete 
| 100|0x0000000089c00000, 0x0000000089d00000, 0x0000000089d00000|100%| E|CS|TAMS 0x0000000089c00000, 0x0000000089c00000| Complete 
| 101|0x0000000089d00000, 0x0000000089e00000, 0x0000000089e00000|100%| E|CS|TAMS 0x0000000089d00000, 0x0000000089d00000| Complete 
| 102|0x0000000089e00000, 0x0000000089f00000, 0x0000000089f00000|100%| E|CS|TAMS 0x0000000089e00000, 0x0000000089e00000| Complete 
| 103|0x0000000089f00000, 0x000000008a000000, 0x000000008a000000|100%| E|CS|TAMS 0x0000000089f00000, 0x0000000089f00000| Complete 
| 104|0x000000008a000000, 0x000000008a100000, 0x000000008a100000|100%| E|CS|TAMS 0x000000008a000000, 0x000000008a000000| Complete 
| 105|0x000000008a100000, 0x000000008a200000, 0x000000008a200000|100%| E|CS|TAMS 0x000000008a100000, 0x000000008a100000| Complete 
| 106|0x000000008a200000, 0x000000008a300000, 0x000000008a300000|100%| E|CS|TAMS 0x000000008a200000, 0x000000008a200000| Complete 
| 107|0x000000008a300000, 0x000000008a400000, 0x000000008a400000|100%| E|CS|TAMS 0x000000008a300000, 0x000000008a300000| Complete 
| 108|0x000000008a400000, 0x000000008a500000, 0x000000008a500000|100%| E|CS|TAMS 0x000000008a400000, 0x000000008a400000| Complete 
| 109|0x000000008a500000, 0x000000008a600000, 0x000000008a600000|100%| E|CS|TAMS 0x000000008a500000, 0x000000008a500000| Complete 
| 110|0x000000008a600000, 0x000000008a700000, 0x000000008a700000|100%| E|CS|TAMS 0x000000008a600000, 0x000000008a600000| Complete 
| 111|0x000000008a700000, 0x000000008a800000, 0x000000008a800000|100%| E|CS|TAMS 0x000000008a700000, 0x000000008a700000| Complete 
| 112|0x000000008a800000, 0x000000008a900000, 0x000000008a900000|100%| E|CS|TAMS 0x000000008a800000, 0x000000008a800000| Complete 
| 113|0x000000008a900000, 0x000000008aa00000, 0x000000008aa00000|100%| E|CS|TAMS 0x000000008a900000, 0x000000008a900000| Complete 
| 114|0x000000008aa00000, 0x000000008ab00000, 0x000000008ab00000|100%| E|  |TAMS 0x000000008aa00000, 0x000000008aa00000| Complete 
| 115|0x000000008ab00000, 0x000000008ac00000, 0x000000008ac00000|100%| E|CS|TAMS 0x000000008ab00000, 0x000000008ab00000| Complete 
| 116|0x000000008ac00000, 0x000000008ad00000, 0x000000008ad00000|100%| E|CS|TAMS 0x000000008ac00000, 0x000000008ac00000| Complete 
| 117|0x000000008ad00000, 0x000000008ae00000, 0x000000008ae00000|100%| E|CS|TAMS 0x000000008ad00000, 0x000000008ad00000| Complete 
| 118|0x000000008ae00000, 0x000000008af00000, 0x000000008af00000|100%| E|CS|TAMS 0x000000008ae00000, 0x000000008ae00000| Complete 
| 119|0x000000008af00000, 0x000000008b000000, 0x000000008b000000|100%| E|CS|TAMS 0x000000008af00000, 0x000000008af00000| Complete 
| 120|0x000000008b000000, 0x000000008b100000, 0x000000008b100000|100%| E|CS|TAMS 0x000000008b000000, 0x000000008b000000| Complete 
| 121|0x000000008b100000, 0x000000008b200000, 0x000000008b200000|100%| E|CS|TAMS 0x000000008b100000, 0x000000008b100000| Complete 
| 122|0x000000008b200000, 0x000000008b300000, 0x000000008b300000|100%| E|CS|TAMS 0x000000008b200000, 0x000000008b200000| Complete 
| 123|0x000000008b300000, 0x000000008b400000, 0x000000008b400000|100%| E|CS|TAMS 0x000000008b300000, 0x000000008b300000| Complete 
| 124|0x000000008b400000, 0x000000008b500000, 0x000000008b500000|100%| E|CS|TAMS 0x000000008b400000, 0x000000008b400000| Complete 
| 125|0x000000008b500000, 0x000000008b600000, 0x000000008b600000|100%| E|CS|TAMS 0x000000008b500000, 0x000000008b500000| Complete 

Card table byte_map: [0x000001dc2f450000,0x000001dc2f840000] _byte_map_base: 0x000001dc2f034000

Marking Bits (Prev, Next): (CMBitMap*) 0x000001dc22236750, (CMBitMap*) 0x000001dc22236790
 Prev Bits: [0x000001dc2fc30000, 0x000001dc31b50000)
 Next Bits: [0x000001dc31b50000, 0x000001dc33a70000)

Polling page: 0x000001dc22290000

Metaspace:

Usage:
  Non-class:     15.67 MB used.
      Class:      2.48 MB used.
       Both:     18.15 MB used.

Virtual space:
  Non-class space:       64.00 MB reserved,      15.81 MB ( 25%) committed,  1 nodes.
      Class space:        1.00 GB reserved,       2.62 MB ( <1%) committed,  1 nodes.
             Both:        1.06 GB reserved,      18.44 MB (  2%) committed. 

Chunk freelists:
   Non-Class:  15.30 MB
       Class:  13.23 MB
        Both:  28.53 MB

MaxMetaspaceSize: unlimited
CompressedClassSpaceSize: 1.00 GB
Initial GC threshold: 21.00 MB
Current GC threshold: 21.00 MB
CDS: on
MetaspaceReclaimPolicy: balanced
 - commit_granule_bytes: 65536.
 - commit_granule_words: 8192.
 - virtual_space_node_default_size: 8388608.
 - enlarge_chunks_in_place: 1.
 - new_chunks_are_fully_committed: 0.
 - uncommit_free_chunks: 1.
 - use_allocation_guard: 0.
 - handle_deallocations: 1.


Internal statistics:

num_allocs_failed_limit: 0.
num_arena_births: 234.
num_arena_deaths: 0.
num_vsnodes_births: 2.
num_vsnodes_deaths: 0.
num_space_committed: 295.
num_space_uncommitted: 0.
num_chunks_returned_to_freelist: 0.
num_chunks_taken_from_freelist: 895.
num_chunk_merges: 0.
num_chunk_splits: 637.
num_chunks_enlarged: 507.
num_inconsistent_stats: 0.

CodeCache: size=49152Kb used=6062Kb max_used=6062Kb free=43089Kb
 bounds [0x000001dc2b560000, 0x000001dc2bb50000, 0x000001dc2e560000]
 total_blobs=3302 nmethods=2818 adapters=410
 compilation: enabled
              stopped_count=0, restarted_count=0
 full_count=0

Compilation events (20 events):
Event: 1.075 Thread 0x000001dc36782470 nmethod 2810 0x000001dc2bb47790 code [0x000001dc2bb479c0, 0x000001dc2bb480b8]
Event: 1.075 Thread 0x000001dc36782470 2809       1       org.springframework.asm.ClassReader::<init> (10 bytes)
Event: 1.075 Thread 0x000001dc36782470 nmethod 2809 0x000001dc2bb48590 code [0x000001dc2bb48740, 0x000001dc2bb48878]
Event: 1.075 Thread 0x000001dc36782470 2811       1       org.springframework.asm.ClassReader::computeBufferSize (23 bytes)
Event: 1.075 Thread 0x000001dc36782470 nmethod 2811 0x000001dc2bb48990 code [0x000001dc2bb48b40, 0x000001dc2bb48c48]
Event: 1.075 Thread 0x000001dc36978770 nmethod 2808 0x000001dc2bb48d10 code [0x000001dc2bb48f20, 0x000001dc2bb492f8]
Event: 1.079 Thread 0x000001dc36978770 2812       1       java.lang.reflect.ProxyGenerator::collectCompatibleTypes (93 bytes)
Event: 1.079 Thread 0x000001dc36978770 nmethod 2812 0x000001dc2bb49690 code [0x000001dc2bb49860, 0x000001dc2bb49a48]
Event: 1.079 Thread 0x000001dc36782470 2813       1       org.springframework.core.annotation.AttributeMethods$$Lambda$56/0x000001dc380866f8::compare (12 bytes)
Event: 1.079 Thread 0x000001dc36978770 2814       1       org.springframework.core.annotation.AttributeMethods::lambda$static$0 (30 bytes)
Event: 1.080 Thread 0x000001dc36782470 nmethod 2813 0x000001dc2bb49c10 code [0x000001dc2bb49dc0, 0x000001dc2bb49f68]
Event: 1.080 Thread 0x000001dc36978770 nmethod 2814 0x000001dc2bb4a090 code [0x000001dc2bb4a240, 0x000001dc2bb4a368]
Event: 1.084 Thread 0x000001dc36782470 2815       1       ch.qos.logback.core.pattern.Converter::getNext (5 bytes)
Event: 1.084 Thread 0x000001dc36782470 nmethod 2815 0x000001dc2bb4a490 code [0x000001dc2bb4a620, 0x000001dc2bb4a6f8]
Event: 1.091 Thread 0x000001dc36782470 2816       1       java.lang.invoke.MethodHandles$Lookup::resolveOrFail (48 bytes)
Event: 1.091 Thread 0x000001dc36978770 2817       1       java.lang.invoke.MethodHandles$Lookup::checkMethodName (45 bytes)
Event: 1.091 Thread 0x000001dc36978770 nmethod 2817 0x000001dc2bb4a790 code [0x000001dc2bb4a980, 0x000001dc2bb4ada8]
Event: 1.091 Thread 0x000001dc36782470 nmethod 2816 0x000001dc2bb4af90 code [0x000001dc2bb4b180, 0x000001dc2bb4b548]
Event: 1.093 Thread 0x000001dc36782470 2818       1       java.util.stream.Sink::begin (1 bytes)
Event: 1.093 Thread 0x000001dc36782470 nmethod 2818 0x000001dc2bb4b790 code [0x000001dc2bb4b920, 0x000001dc2bb4b9d8]

GC Heap History (4 events):
Event: 0.427 GC heap before
{Heap before GC invocations=0 (full 0):
 garbage-first heap   total 129024K, used 23552K [0x0000000083800000, 0x0000000100000000)
  region size 1024K, 23 young (23552K), 0 survivors (0K)
 Metaspace       used 5282K, committed 5376K, reserved 1114112K
  class space    used 714K, committed 768K, reserved 1048576K
}
Event: 0.430 GC heap after
{Heap after GC invocations=1 (full 0):
 garbage-first heap   total 129024K, used 6521K [0x0000000083800000, 0x0000000100000000)
  region size 1024K, 3 young (3072K), 3 survivors (3072K)
 Metaspace       used 5282K, committed 5376K, reserved 1114112K
  class space    used 714K, committed 768K, reserved 1048576K
}
Event: 0.658 GC heap before
{Heap before GC invocations=1 (full 0):
 garbage-first heap   total 129024K, used 36217K [0x0000000083800000, 0x0000000100000000)
  region size 1024K, 32 young (32768K), 3 survivors (3072K)
 Metaspace       used 11803K, committed 12032K, reserved 1114112K
  class space    used 1586K, committed 1728K, reserved 1048576K
}
Event: 0.662 GC heap after
{Heap after GC invocations=2 (full 0):
 garbage-first heap   total 129024K, used 8973K [0x0000000083800000, 0x0000000100000000)
  region size 1024K, 3 young (3072K), 3 survivors (3072K)
 Metaspace       used 11803K, committed 12032K, reserved 1114112K
  class space    used 1586K, committed 1728K, reserved 1048576K
}

Dll operation events (7 events):
Event: 0.005 Loaded shared library C:\Program Files\Eclipse Adoptium\jdk-17.0.17.10-hotspot\bin\java.dll
Event: 0.020 Loaded shared library C:\Program Files\Eclipse Adoptium\jdk-17.0.17.10-hotspot\bin\jsvml.dll
Event: 0.066 Loaded shared library C:\Program Files\Eclipse Adoptium\jdk-17.0.17.10-hotspot\bin\net.dll
Event: 0.068 Loaded shared library C:\Program Files\Eclipse Adoptium\jdk-17.0.17.10-hotspot\bin\nio.dll
Event: 0.071 Loaded shared library C:\Program Files\Eclipse Adoptium\jdk-17.0.17.10-hotspot\bin\zip.dll
Event: 0.136 Loaded shared library C:\Program Files\Eclipse Adoptium\jdk-17.0.17.10-hotspot\bin\jimage.dll
Event: 0.756 Loaded shared library C:\Program Files\Eclipse Adoptium\jdk-17.0.17.10-hotspot\bin\sunmscapi.dll

Deoptimization events (0 events):
No events

Classes loaded (20 events):
Event: 0.767 Loading class sun/security/provider/certpath/ldap/JdkLDAP
Event: 0.767 Loading class sun/security/provider/certpath/ldap/JdkLDAP done
Event: 0.767 Loading class sun/security/provider/certpath/ldap/JdkLDAP$ProviderService
Event: 0.767 Loading class sun/security/provider/certpath/ldap/JdkLDAP$ProviderService done
Event: 0.767 Loading class com/sun/security/sasl/Provider
Event: 0.767 Loading class com/sun/security/sasl/Provider done
Event: 0.767 Loading class com/sun/security/sasl/Provider$1
Event: 0.767 Loading class com/sun/security/sasl/Provider$1 done
Event: 0.767 Loading class com/sun/security/sasl/Provider$ProviderService
Event: 0.767 Loading class com/sun/security/sasl/Provider$ProviderService done
Event: 0.771 Loading class javax/naming/ldap/LdapContext
Event: 0.771 Loading class javax/naming/directory/DirContext
Event: 0.771 Loading class javax/naming/directory/DirContext done
Event: 0.771 Loading class javax/naming/ldap/LdapContext done
Event: 0.877 Loading class java/beans/PropertyVetoException
Event: 0.877 Loading class java/beans/PropertyVetoException done
Event: 1.039 Loading class java/lang/UnsupportedClassVersionError
Event: 1.039 Loading class java/lang/ClassFormatError
Event: 1.039 Loading class java/lang/ClassFormatError done
Event: 1.039 Loading class java/lang/UnsupportedClassVersionError done

Classes unloaded (0 events):
No events

Classes redefined (0 events):
No events

Internal exceptions (20 events):
Event: 0.520 Thread 0x000001dc221dca70 Exception <a 'java/lang/NoSuchMethodError'{0x000000008aea47a0}: 'void java.lang.invoke.DirectMethodHandle$Holder.invokeStaticInit(java.lang.Object, java.lang.Object)'> (0x000000008aea47a0) 
thrown [s\src\hotspot\share\interpreter\linkResolver.cpp, line 759]
Event: 0.521 Thread 0x000001dc221dca70 Exception <a 'java/lang/NoSuchMethodError'{0x000000008aeb7670}: 'void java.lang.invoke.DirectMethodHandle$Holder.invokeStaticInit(java.lang.Object, java.lang.Object, java.lang.Object)'> (0x000000008aeb7670) 
thrown [s\src\hotspot\share\interpreter\linkResolver.cpp, line 759]
Event: 0.525 Thread 0x000001dc221dca70 Exception <a 'java/lang/NoSuchMethodError'{0x000000008ad03620}: 'java.lang.Object java.lang.invoke.DirectMethodHandle$Holder.invokeStatic(java.lang.Object, java.lang.Object, long, java.lang.Object)'> (0x000000008ad03620) 
thrown [s\src\hotspot\share\interpreter\linkResolver.cpp, line 759]
Event: 0.525 Thread 0x000001dc221dca70 Exception <a 'java/lang/NoSuchMethodError'{0x000000008ad070b8}: 'java.lang.Object java.lang.invoke.DirectMethodHandle$Holder.invokeStaticInit(java.lang.Object, java.lang.Object, long, java.lang.Object)'> (0x000000008ad070b8) 
thrown [s\src\hotspot\share\interpreter\linkResolver.cpp, line 759]
Event: 0.525 Thread 0x000001dc221dca70 Exception <a 'java/lang/NoSuchMethodError'{0x000000008ad0d838}: 'java.lang.Object java.lang.invoke.DirectMethodHandle$Holder.newInvokeSpecial(java.lang.Object, java.lang.Object, long)'> (0x000000008ad0d838) 
thrown [s\src\hotspot\share\interpreter\linkResolver.cpp, line 759]
Event: 0.525 Thread 0x000001dc221dca70 Exception <a 'java/lang/NoSuchMethodError'{0x000000008ad113a8}: 'java.lang.Object java.lang.invoke.Invokers$Holder.linkToTargetMethod(java.lang.Object, long, java.lang.Object)'> (0x000000008ad113a8) 
thrown [s\src\hotspot\share\interpreter\linkResolver.cpp, line 759]
Event: 0.532 Thread 0x000001dc221dca70 Exception <a 'java/lang/NoSuchMethodError'{0x000000008ad73138}: 'void java.lang.invoke.DirectMethodHandle$Holder.invokeVirtual(java.lang.Object, java.lang.Object, java.lang.Object, java.lang.Object)'> (0x000000008ad73138) 
thrown [s\src\hotspot\share\interpreter\linkResolver.cpp, line 759]
Event: 0.553 Thread 0x000001dc221dca70 Exception <a 'java/lang/NoSuchMethodError'{0x000000008ab5b010}: 'void java.lang.invoke.DirectMethodHandle$Holder.invokeSpecial(java.lang.Object, java.lang.Object, java.lang.Object)'> (0x000000008ab5b010) 
thrown [s\src\hotspot\share\interpreter\linkResolver.cpp, line 759]
Event: 0.555 Thread 0x000001dc221dca70 Exception <a 'java/lang/IncompatibleClassChangeError'{0x000000008abbd3a8}: Found class java.lang.Object, but interface was expected> (0x000000008abbd3a8) 
thrown [s\src\hotspot\share\interpreter\linkResolver.cpp, line 826]
Event: 0.556 Thread 0x000001dc7c4be190 Exception <a 'java/lang/NoClassDefFoundError'{0x000000008ab989e8}: jakarta/validation/Validation> (0x000000008ab989e8) 
thrown [s\src\hotspot\share\classfile\systemDictionary.cpp, line 245]
Event: 0.698 Thread 0x000001dc221dca70 Exception <a 'java/lang/NoSuchMethodError'{0x000000008ad12e08}: 'java.lang.Object java.lang.invoke.DirectMethodHandle$Holder.invokeVirtual(java.lang.Object, java.lang.Object, java.lang.Object)'> (0x000000008ad12e08) 
thrown [s\src\hotspot\share\interpreter\linkResolver.cpp, line 759]
Event: 0.700 Thread 0x000001dc221dca70 Exception <a 'java/lang/NoSuchMethodError'{0x000000008ad2ef20}: 'int java.lang.invoke.DirectMethodHandle$Holder.invokeSpecial(java.lang.Object, java.lang.Object, java.lang.Object, java.lang.Object, java.lang.Object)'> (0x000000008ad2ef20) 
thrown [s\src\hotspot\share\interpreter\linkResolver.cpp, line 759]
Event: 0.702 Thread 0x000001dc221dca70 Exception <a 'java/lang/NoSuchMethodError'{0x000000008ad37ed8}: 'void java.lang.invoke.DirectMethodHandle$Holder.invokeVirtual(java.lang.Object, java.lang.Object)'> (0x000000008ad37ed8) 
thrown [s\src\hotspot\share\interpreter\linkResolver.cpp, line 759]
Event: 0.712 Thread 0x000001dc7c4be190 Exception <a 'java/lang/NoSuchMethodError'{0x000000008abc3fa0}: 'long java.lang.invoke.DirectMethodHandle$Holder.invokeSpecial(java.lang.Object, java.lang.Object)'> (0x000000008abc3fa0) 
thrown [s\src\hotspot\share\interpreter\linkResolver.cpp, line 759]
Event: 0.713 Thread 0x000001dc7c4be190 Exception <a 'java/lang/NoSuchMethodError'{0x000000008abcedc0}: 'long java.lang.invoke.DirectMethodHandle$Holder.invokeStatic(java.lang.Object, java.lang.Object)'> (0x000000008abcedc0) 
thrown [s\src\hotspot\share\interpreter\linkResolver.cpp, line 759]
Event: 0.713 Thread 0x000001dc7c4be190 Exception <a 'java/lang/NoSuchMethodError'{0x000000008abd23c0}: 'long java.lang.invoke.DirectMethodHandle$Holder.invokeStaticInit(java.lang.Object, java.lang.Object)'> (0x000000008abd23c0) 
thrown [s\src\hotspot\share\interpreter\linkResolver.cpp, line 759]
Event: 0.714 Thread 0x000001dc7c4be190 Exception <a 'java/lang/NoSuchMethodError'{0x000000008abdff28}: 'long java.lang.invoke.DirectMethodHandle$Holder.invokeInterface(java.lang.Object, java.lang.Object)'> (0x000000008abdff28) 
thrown [s\src\hotspot\share\interpreter\linkResolver.cpp, line 759]
Event: 0.714 Thread 0x000001dc7c4be190 Exception <a 'java/lang/IncompatibleClassChangeError'{0x000000008abe34b8}: Found class java.lang.Object, but interface was expected> (0x000000008abe34b8) 
thrown [s\src\hotspot\share\interpreter\linkResolver.cpp, line 826]
Event: 0.720 Thread 0x000001dc7c4be190 Exception <a 'java/lang/NoSuchMethodError'{0x000000008aaec570}: 'java.lang.Object java.lang.invoke.DirectMethodHandle$Holder.invokeVirtual(java.lang.Object, java.lang.Object, java.lang.Object, java.lang.Object)'> (0x000000008aaec570) 
thrown [s\src\hotspot\share\interpreter\linkResolver.cpp, line 759]
Event: 0.797 Thread 0x000001dc221dca70 Exception <a 'java/lang/IncompatibleClassChangeError'{0x0000000089f99d10}: Found class java.lang.Object, but interface was expected> (0x0000000089f99d10) 
thrown [s\src\hotspot\share\interpreter\linkResolver.cpp, line 826]

VM Operations (20 events):
Event: 0.427 Executing VM operation: G1CollectForAllocation
Event: 0.430 Executing VM operation: G1CollectForAllocation done
Event: 0.552 Executing VM operation: HandshakeAllThreads
Event: 0.552 Executing VM operation: HandshakeAllThreads done
Event: 0.625 Executing VM operation: ICBufferFull
Event: 0.625 Executing VM operation: ICBufferFull done
Event: 0.658 Executing VM operation: G1CollectForAllocation
Event: 0.662 Executing VM operation: G1CollectForAllocation done
Event: 0.663 Executing VM operation: HandshakeAllThreads
Event: 0.663 Executing VM operation: HandshakeAllThreads done
Event: 0.690 Executing VM operation: HandshakeAllThreads
Event: 0.690 Executing VM operation: HandshakeAllThreads done
Event: 0.758 Executing VM operation: HandshakeAllThreads
Event: 0.759 Executing VM operation: HandshakeAllThreads done
Event: 0.854 Executing VM operation: ICBufferFull
Event: 0.855 Executing VM operation: ICBufferFull done
Event: 1.094 Executing VM operation: HandshakeAllThreads
Event: 1.094 Executing VM operation: HandshakeAllThreads done
Event: 1.094 Executing VM operation: HandshakeAllThreads
Event: 1.094 Executing VM operation: HandshakeAllThreads done

Memory protections (0 events):
No events

Nmethod flushes (0 events):
No events

Events (16 events):
Event: 0.020 Thread 0x000001dc221dca70 Thread added: 0x000001dc221dca70
Event: 0.021 Thread 0x000001dc221dca70 Thread added: 0x000001dc3675c700
Event: 0.021 Thread 0x000001dc221dca70 Thread added: 0x000001dc3675d1d0
Event: 0.028 Thread 0x000001dc221dca70 Thread added: 0x000001dc3676ff30
Event: 0.028 Thread 0x000001dc221dca70 Thread added: 0x000001dc36772910
Event: 0.028 Thread 0x000001dc221dca70 Thread added: 0x000001dc367751f0
Event: 0.028 Thread 0x000001dc221dca70 Thread added: 0x000001dc36777ad0
Event: 0.028 Thread 0x000001dc221dca70 Thread added: 0x000001dc36782470
Event: 0.028 Thread 0x000001dc221dca70 Thread added: 0x000001dc367873b0
Event: 0.059 Thread 0x000001dc36782470 Thread added: 0x000001dc36978770
Event: 0.060 Thread 0x000001dc221dca70 Thread added: 0x000001dc3698bc40
Event: 0.062 Thread 0x000001dc221dca70 Thread added: 0x000001dc3698ea00
Event: 0.555 Thread 0x000001dc221dca70 Thread added: 0x000001dc7c4be190
Event: 0.764 Thread 0x000001dc221dca70 Thread added: 0x000001dc7c91b010
Event: 0.769 Thread 0x000001dc7c4be190 Thread exited: 0x000001dc7c4be190
Event: 0.779 Thread 0x000001dc7c91b010 Thread exited: 0x000001dc7c91b010


Dynamic libraries:
0x00007ff6d4c40000 - 0x00007ff6d4c4e000 	C:\Program Files\Eclipse Adoptium\jdk-17.0.17.10-hotspot\bin\java.exe
0x00007fff43b50000 - 0x00007fff43d48000 	C:\Windows\SYSTEM32\ntdll.dll
0x00007fff427b0000 - 0x00007fff42872000 	C:\Windows\System32\KERNEL32.DLL
0x00007fff414c0000 - 0x00007fff417b6000 	C:\Windows\System32\KERNELBASE.dll
0x00007fff417c0000 - 0x00007fff418c0000 	C:\Windows\System32\ucrtbase.dll
0x00007fff2e100000 - 0x00007fff2e11e000 	C:\Program Files\Eclipse Adoptium\jdk-17.0.17.10-hotspot\bin\VCRUNTIME140.dll
0x00007fff2d4e0000 - 0x00007fff2d4f8000 	C:\Program Files\Eclipse Adoptium\jdk-17.0.17.10-hotspot\bin\jli.dll
0x00007fff41fe0000 - 0x00007fff42181000 	C:\Windows\System32\USER32.dll
0x00007fff2aea0000 - 0x00007fff2b13b000 	C:\Windows\WinSxS\amd64_microsoft.windows.common-controls_6595b64144ccf1df_6.0.19041.6456_none_60b8a6cb71f64256\COMCTL32.dll
0x00007fff41b10000 - 0x00007fff41b32000 	C:\Windows\System32\win32u.dll
0x00007fff42190000 - 0x00007fff4222e000 	C:\Windows\System32\msvcrt.dll
0x00007fff41d10000 - 0x00007fff41d3b000 	C:\Windows\System32\GDI32.dll
0x00007fff418c0000 - 0x00007fff419d9000 	C:\Windows\System32\gdi32full.dll
0x00007fff41390000 - 0x00007fff4142d000 	C:\Windows\System32\msvcp_win.dll
0x00007fff435e0000 - 0x00007fff4360f000 	C:\Windows\System32\IMM32.DLL
0x00007fff3a180000 - 0x00007fff3a18c000 	C:\Program Files\Eclipse Adoptium\jdk-17.0.17.10-hotspot\bin\vcruntime140_1.dll
0x00007fff04d10000 - 0x00007fff04d9d000 	C:\Program Files\Eclipse Adoptium\jdk-17.0.17.10-hotspot\bin\msvcp140.dll
0x00007ffec62d0000 - 0x00007ffec6f3b000 	C:\Program Files\Eclipse Adoptium\jdk-17.0.17.10-hotspot\bin\server\jvm.dll
0x00007fff41b80000 - 0x00007fff41c31000 	C:\Windows\System32\ADVAPI32.dll
0x00007fff41ec0000 - 0x00007fff41f5f000 	C:\Windows\System32\sechost.dll
0x00007fff425f0000 - 0x00007fff42710000 	C:\Windows\System32\RPCRT4.dll
0x00007fff41b40000 - 0x00007fff41b67000 	C:\Windows\System32\bcrypt.dll
0x00007fff42720000 - 0x00007fff4278b000 	C:\Windows\System32\WS2_32.dll
0x00007fff40780000 - 0x00007fff407cb000 	C:\Windows\SYSTEM32\POWRPROF.dll
0x00007fff32e90000 - 0x00007fff32eb7000 	C:\Windows\SYSTEM32\WINMM.dll
0x00007fff39650000 - 0x00007fff3965a000 	C:\Windows\SYSTEM32\VERSION.dll
0x00007fff405e0000 - 0x00007fff405f2000 	C:\Windows\SYSTEM32\UMPDC.dll
0x00007fff3f9e0000 - 0x00007fff3f9f2000 	C:\Windows\SYSTEM32\kernel.appcore.dll
0x00007fff3a100000 - 0x00007fff3a10a000 	C:\Program Files\Eclipse Adoptium\jdk-17.0.17.10-hotspot\bin\jimage.dll
0x00007fff3f6c0000 - 0x00007fff3f8c1000 	C:\Windows\SYSTEM32\DBGHELP.DLL
0x00007fff313c0000 - 0x00007fff313f4000 	C:\Windows\SYSTEM32\dbgcore.DLL
0x00007fff41430000 - 0x00007fff414b2000 	C:\Windows\System32\bcryptPrimitives.dll
0x00007fff2d4b0000 - 0x00007fff2d4d5000 	C:\Program Files\Eclipse Adoptium\jdk-17.0.17.10-hotspot\bin\java.dll
0x00007fff04520000 - 0x00007fff045f7000 	C:\Program Files\Eclipse Adoptium\jdk-17.0.17.10-hotspot\bin\jsvml.dll
0x00007fff428f0000 - 0x00007fff43060000 	C:\Windows\System32\SHELL32.dll
0x00007fff3ee50000 - 0x00007fff3f5f5000 	C:\Windows\SYSTEM32\windows.storage.dll
0x00007fff42230000 - 0x00007fff42584000 	C:\Windows\System32\combase.dll
0x00007fff40c10000 - 0x00007fff40c3b000 	C:\Windows\SYSTEM32\Wldp.dll
0x00007fff41c40000 - 0x00007fff41d0d000 	C:\Windows\System32\OLEAUT32.dll
0x00007fff43190000 - 0x00007fff4323d000 	C:\Windows\System32\SHCORE.dll
0x00007fff42890000 - 0x00007fff428eb000 	C:\Windows\System32\shlwapi.dll
0x00007fff41110000 - 0x00007fff41134000 	C:\Windows\SYSTEM32\profapi.dll
0x00007fff2d2d0000 - 0x00007fff2d2ea000 	C:\Program Files\Eclipse Adoptium\jdk-17.0.17.10-hotspot\bin\net.dll
0x00007fff3ae20000 - 0x00007fff3af2a000 	C:\Windows\SYSTEM32\WINHTTP.dll
0x00007fff40970000 - 0x00007fff409da000 	C:\Windows\system32\mswsock.dll
0x00007fff2bd80000 - 0x00007fff2bd96000 	C:\Program Files\Eclipse Adoptium\jdk-17.0.17.10-hotspot\bin\nio.dll
0x00007fff2bd60000 - 0x00007fff2bd78000 	C:\Program Files\Eclipse Adoptium\jdk-17.0.17.10-hotspot\bin\zip.dll
0x00007fff2dcb0000 - 0x00007fff2dcbe000 	C:\Program Files\Eclipse Adoptium\jdk-17.0.17.10-hotspot\bin\sunmscapi.dll
0x00007fff411e0000 - 0x00007fff4133d000 	C:\Windows\System32\CRYPT32.dll
0x00007fff40c80000 - 0x00007fff40ca7000 	C:\Windows\SYSTEM32\ncrypt.dll
0x00007fff40c40000 - 0x00007fff40c7b000 	C:\Windows\SYSTEM32\NTASN1.dll

dbghelp: loaded successfully - version: 4.0.5 - missing functions: none
symbol engine: initialized successfully - sym options: 0x614 - pdb path: .;C:\Program Files\Eclipse Adoptium\jdk-17.0.17.10-hotspot\bin;C:\Windows\SYSTEM32;C:\Windows\WinSxS\amd64_microsoft.windows.common-controls_6595b64144ccf1df_6.0.19041.6456_none_60b8a6cb71f64256;C:\Program Files\Eclipse Adoptium\jdk-17.0.17.10-hotspot\bin\server

VM Arguments:
jvm_args: -XX:TieredStopAtLevel=1 -Dfile.encoding=UTF-8 -Duser.country=TR -Duser.language=tr -Duser.variant 
java_command: com.example.backend.DemoApplication
java_class_path (initial): C:\apps\Restaurant_App\RestaurantAPI\backend\build\classes\java\main;C:\apps\Restaurant_App\RestaurantAPI\backend\build\resources\main;C:\Users\Yiðit Enes\.gradle\caches\modules-2\files-2.1\com.mysql\mysql-connector-j\8.3.0\1cc7fa5d61f4bbc113531a4ba6d85d41cf3d57e1\mysql-connector-j-8.3.0.jar;C:\Users\Yiðit Enes\.gradle\caches\modules-2\files-2.1\org.springframework\spring-webmvc\6.1.1\76c4408b67828aa9656f5955dc2c1c4c0e1b6da3\spring-webmvc-6.1.1.jar;C:\Users\Yiðit Enes\.gradle\caches\modules-2\files-2.1\org.springframework\spring-web\6.1.1\4eeb5f2edb9f04d00357edcc56b59d3874b3b453\spring-web-6.1.1.jar;C:\Users\Yiðit Enes\.gradle\caches\modules-2\files-2.1\org.hibernate.orm\hibernate-core\6.3.1.Final\1101d7e09e4853a110fd27a6f35c906f5709ac4f\hibernate-core-6.3.1.Final.jar;C:\Users\Yiðit Enes\.gradle\caches\modules-2\files-2.1\org.springframework.data\spring-data-jpa\3.2.0\59e49a0eca3d02c3dc593e7a881c19b932641894\spring-data-jpa-3.2.0.jar;C:\Users\Yiðit Enes\.gradle\caches\modules-2\files-2.1\org.springframework\spring-aspects\6.1.1\bfcb6682e205b4ef6ae7986ac7ea35eae29f31f4\spring-aspects-6.1.1.jar;C:\Users\Yiðit Enes\.gradle\caches\modules-2\files-2.1\org.springframework.boot\spring-boot-autoconfigure\3.2.0\29b231378146bd6606e75389297f3a7d55476b87\spring-boot-autoconfigure-3.2.0.jar;C:\Users\Yiðit Enes\.gradle\caches\modules-2\files-2.1\org.springframework.boot\spring-boot\3.2.0\4088ad23df91481bc7415cbfa068c423ccb7e54e\spring-boot-3.2.0.jar;C:\Users\Yiðit Enes\.gradle\caches\modules-2\files-2.1\jakarta.annotation\jakarta.annotation-api\2.1.1\48b9bda22b091b1f48b13af03fe36db3be6e1ae3\jakarta.annotation-api-2.1.1.jar;C:\Users\Yiðit Enes\.gradle\caches\modules-2\files-2.1\org.springframework\spring-context\6.1.1\610d7dd3f62d22d42b993a201e3110649b68e17\spring-context-6.1.1.jar;C:\Users\Yiðit Enes\.gradle\caches\modules-2\files-2.1\org.springframework\spring-aop\6.1.1\66cb0e08770d4523ae3976b0b791cde767466c61\spring-aop-6.1.1.jar;C:\Users\Yiðit Enes
Launcher Type: SUN_STANDARD

[Global flags]
     intx CICompilerCount                          = 4                                         {product} {ergonomic}
     uint ConcGCThreads                            = 3                                         {product} {ergonomic}
     uint G1ConcRefinementThreads                  = 10                                        {product} {ergonomic}
   size_t G1HeapRegionSize                         = 1048576                                   {product} {ergonomic}
    uintx GCDrainStackTargetSize                   = 64                                        {product} {ergonomic}
   size_t InitialHeapSize                          = 132120576                                 {product} {ergonomic}
   size_t MarkStackSize                            = 4194304                                   {product} {ergonomic}
   size_t MaxHeapSize                              = 2088763392                                {product} {ergonomic}
   size_t MaxNewSize                               = 1253048320                                {product} {ergonomic}
   size_t MinHeapDeltaBytes                        = 1048576                                   {product} {ergonomic}
   size_t MinHeapSize                              = 8388608                                   {product} {ergonomic}
    uintx NonProfiledCodeHeapSize                  = 0                                      {pd product} {ergonomic}
     bool ProfileInterpreter                       = false                                  {pd product} {command line}
    uintx ProfiledCodeHeapSize                     = 0                                      {pd product} {ergonomic}
   size_t SoftMaxHeapSize                          = 2088763392                             {manageable} {ergonomic}
     intx TieredStopAtLevel                        = 1                                         {product} {command line}
     bool UseCompressedClassPointers               = true                           {product lp64_product} {ergonomic}
     bool UseCompressedOops                        = true                           {product lp64_product} {ergonomic}
     bool UseG1GC                                  = true                                      {product} {ergonomic}
     bool UseLargePagesIndividualAllocation        = false                                  {pd product} {ergonomic}

Logging:
Log output configuration:
 #0: stdout all=warning uptime,level,tags
 #1: stderr all=off uptime,level,tags

Environment Variables:
PATH=C:\Program Files\Eclipse Adoptium\jdk-17.0.17.10-hotspot\bin;C:\Program Files\Microsoft\jdk-11.0.16.101-hotspot\bin;C:\Windows\system32;C:\Windows;C:\Windows\System32\Wbem;C:\Windows\System32\WindowsPowerShell\v1.0\;C:\Windows\System32\OpenSSH\;C:\Program Files (x86)\NVIDIA Corporation\PhysX\Common;C:\Program Files\dotnet\;C:\Program Files\Git\cmd;C:\Program Files\NVIDIA Corporation\NVIDIA app\NvDLISR;C:\MinGW\bin;C:\Program Files\MySQL\MySQL Shell 8.0\bin\;C:\Users\Yiðit Enes\AppData\Local\Microsoft\WindowsApps;C:\Users\Yiðit Enes\AppData\Local\Programs\Microsoft VS Code\bin;C:\Users\Yiðit Enes\AppData\Local\Microsoft\WinGet\Links;
USERNAME=yigit_E
OS=Windows_NT
PROCESSOR_IDENTIFIER=Intel64 Family 6 Model 141 Stepping 1, GenuineIntel
TMP=C:\Users\YIITEN~1\AppData\Local\Temp
TEMP=C:\Users\YIITEN~1\AppData\Local\Temp



Periodic native trim disabled


---------------  S Y S T E M  ---------------

OS:
 Windows 10 , 64 bit Build 19041 (10.0.19041.5915)
OS uptime: 10 days 20:58 hours

CPU: total 12 (initial active 12) (6 cores per cpu, 2 threads per core) family 6 model 141 stepping 1 microcode 0x34, cx8, cmov, fxsr, ht, mmx, 3dnowpref, sse, sse2, sse3, ssse3, sse4.1, sse4.2, popcnt, lzcnt, tsc, tscinvbit, avx, avx2, aes, erms, clmul, bmi1, bmi2, adx, avx512f, avx512dq, avx512cd, avx512bw, avx512vl, sha, fma, vzeroupper, avx512_vpopcntdq, avx512_vpclmulqdq, avx512_vaes, avx512_vnni, clflush, clflushopt, clwb, avx512_vbmi2, avx512_vbmi
Processor Information for all 12 processors :
  Max Mhz: 2688, Current Mhz: 2688, Mhz Limit: 2688

Memory: 4k page, system-wide physical 7963M (326M free)
TotalPageFile size 16155M (AvailPageFile size 0M)
current process WorkingSet (physical memory assigned to process): 127M, peak: 127M
current process commit charge ("private bytes"): 243M, peak: 243M

vm_info: OpenJDK 64-Bit Server VM (17.0.17+10) for windows-amd64 JRE (17.0.17+10), built on Oct 21 2025 23:25:32 by "admin" with unknown MS VC++:1942

END.
