#
# There is insufficient memory for the Java Runtime Environment to continue.
# Native memory allocation (malloc) failed to allocate 167136 bytes. Error detail: Chunk::new
# Possible reasons:
#   The system is out of physical RAM or swap space
#   This process is running with CompressedOops enabled, and the Java Heap may be blocking the growth of the native heap
# Possible solutions:
#   Reduce memory load on the system
#   Increase physical memory or swap space
#   Check if swap backing store is full
#   Decrease Java heap size (-Xmx/-Xms)
#   Decrease number of Java threads
#   Decrease Java thread stack sizes (-Xss)
#   Set larger code cache with -XX:ReservedCodeCacheSize=
#   JVM is running with Unscaled Compressed Oops mode in which the Java heap is
#     placed in the first 4GB address space. The Java Heap base address is the
#     maximum limit for the native heap growth. Please use -XX:HeapBaseMinAddress
#     to set the Java Heap base and to place the Java Heap above 4GB virtual address.
# This output file may be truncated or incomplete.
#
#  Out of Memory Error (arena.cpp:191), pid=2268, tid=19528
#
# JRE version: OpenJDK Runtime Environment Temurin-17.0.17+10 (17.0.17+10) (build 17.0.17+10)
# Java VM: OpenJDK 64-Bit Server VM Temurin-17.0.17+10 (17.0.17+10, mixed mode, sharing, tiered, compressed oops, compressed class ptrs, g1 gc, windows-amd64)
# No core dump will be written. Minidumps are not enabled by default on client versions of Windows
#

---------------  S U M M A R Y ------------

Command Line: -Xmx64m -Xms64m -Dorg.gradle.appname=gradlew C:\apps\Restaurant_App\RestaurantAPI\\gradle\wrapper\gradle-wrapper.jar bootRun

Host: 11th Gen Intel(R) Core(TM) i5-11400H @ 2.70GHz, 12 cores, 7G,  Windows 10 , 64 bit Build 19041 (10.0.19041.5915)
Time: Wed Dec 24 18:49:05 2025 Türkiye Standart Saati elapsed time: 316.421186 seconds (0d 0h 5m 16s)

---------------  T H R E A D  ---------------

Current thread (0x000002037811d740):  JavaThread "C2 CompilerThread0" daemon [_thread_in_native, id=19528, stack(0x0000002bfb300000,0x0000002bfb400000)]


Current CompileTask:
C2:316421 2189       4       org.gradle.internal.logging.sink.GroupingProgressLogEventGenerator::onUpdateNow (54 bytes)

Stack: [0x0000002bfb300000,0x0000002bfb400000]
Native frames: (J=compiled Java code, j=interpreted, Vv=VM code, C=native code)
V  [jvm.dll+0x683fb9]
V  [jvm.dll+0x83a1b5]
V  [jvm.dll+0x83bc2e]
V  [jvm.dll+0x83c2b3]
V  [jvm.dll+0x248eff]
V  [jvm.dll+0xad496]
V  [jvm.dll+0xadb3c]
V  [jvm.dll+0x2b05df]
V  [jvm.dll+0x58a5b5]
V  [jvm.dll+0x222e84]
V  [jvm.dll+0x21b5cf]
V  [jvm.dll+0x2190fe]
V  [jvm.dll+0x1a4920]
V  [jvm.dll+0x22989a]
V  [jvm.dll+0x227a4b]
V  [jvm.dll+0x7effb8]
V  [jvm.dll+0x7ea44c]
V  [jvm.dll+0x682e87]
C  [ucrtbase.dll+0x21bb2]
C  [KERNEL32.DLL+0x17374]
C  [ntdll.dll+0x4cc91]


---------------  P R O C E S S  ---------------

Threads class SMR info:
_java_thread_list=0x0000020378349b50, length=13, elements={
0x000002036d26bec0, 0x000002036d31ad10, 0x000002036d31b8d0, 0x0000020378111f20,
0x0000020378114af0, 0x00000203781198e0, 0x000002037811a2a0, 0x000002037811d740,
0x000002037811e1f0, 0x000002037811ebf0, 0x00000203783484f0, 0x0000020378357ca0,
0x000002037d27b650
}

Java Threads: ( => current thread )
  0x000002036d26bec0 JavaThread "main" [_thread_in_native, id=13860, stack(0x0000002bfa600000,0x0000002bfa700000)]
  0x000002036d31ad10 JavaThread "Reference Handler" daemon [_thread_blocked, id=20716, stack(0x0000002bfad00000,0x0000002bfae00000)]
  0x000002036d31b8d0 JavaThread "Finalizer" daemon [_thread_blocked, id=4752, stack(0x0000002bfae00000,0x0000002bfaf00000)]
  0x0000020378111f20 JavaThread "Signal Dispatcher" daemon [_thread_blocked, id=14860, stack(0x0000002bfaf00000,0x0000002bfb000000)]
  0x0000020378114af0 JavaThread "Attach Listener" daemon [_thread_blocked, id=8064, stack(0x0000002bfb000000,0x0000002bfb100000)]
  0x00000203781198e0 JavaThread "Service Thread" daemon [_thread_blocked, id=22604, stack(0x0000002bfb100000,0x0000002bfb200000)]
  0x000002037811a2a0 JavaThread "Monitor Deflation Thread" daemon [_thread_blocked, id=16916, stack(0x0000002bfb200000,0x0000002bfb300000)]
=>0x000002037811d740 JavaThread "C2 CompilerThread0" daemon [_thread_in_native, id=19528, stack(0x0000002bfb300000,0x0000002bfb400000)]
  0x000002037811e1f0 JavaThread "C1 CompilerThread0" daemon [_thread_blocked, id=9688, stack(0x0000002bfb400000,0x0000002bfb500000)]
  0x000002037811ebf0 JavaThread "Sweeper thread" daemon [_thread_blocked, id=9716, stack(0x0000002bfb500000,0x0000002bfb600000)]
  0x00000203783484f0 JavaThread "Notification Thread" daemon [_thread_blocked, id=7012, stack(0x0000002bfb600000,0x0000002bfb700000)]
  0x0000020378357ca0 JavaThread "Common-Cleaner" daemon [_thread_blocked, id=14040, stack(0x0000002bfb800000,0x0000002bfb900000)]
  0x000002037d27b650 JavaThread "pool-1-thread-1" [_thread_blocked, id=24464, stack(0x0000002bfbc00000,0x0000002bfbd00000)]

Other Threads:
  0x000002036d316380 VMThread "VM Thread" [stack: 0x0000002bfac00000,0x0000002bfad00000] [id=17184]
  0x000002037834d200 WatcherThread [stack: 0x0000002bfb700000,0x0000002bfb800000] [id=9584]
  0x000002036d28e910 GCTaskThread "GC Thread#0" [stack: 0x0000002bfa700000,0x0000002bfa800000] [id=8588]
  0x0000020378583770 GCTaskThread "GC Thread#1" [stack: 0x0000002bfb900000,0x0000002bfba00000] [id=1824]
  0x0000020378597850 GCTaskThread "GC Thread#2" [stack: 0x0000002bfba00000,0x0000002bfbb00000] [id=20876]
  0x0000020378597b10 GCTaskThread "GC Thread#3" [stack: 0x0000002bfbb00000,0x0000002bfbc00000] [id=4808]
  0x000002037d17bdd0 GCTaskThread "GC Thread#4" [stack: 0x0000002bfbd00000,0x0000002bfbe00000] [id=13360]
  0x000002037d5a3cc0 GCTaskThread "GC Thread#5" [stack: 0x0000002bfbe00000,0x0000002bfbf00000] [id=14812]
  0x000002036d290060 ConcurrentGCThread "G1 Main Marker" [stack: 0x0000002bfa800000,0x0000002bfa900000] [id=16992]
  0x000002036d291a90 ConcurrentGCThread "G1 Conc#0" [stack: 0x0000002bfa900000,0x0000002bfaa00000] [id=7616]
  0x000002036d2fa4c0 ConcurrentGCThread "G1 Refine#0" [stack: 0x0000002bfaa00000,0x0000002bfab00000] [id=2888]
  0x000002036d2faef0 ConcurrentGCThread "G1 Service" [stack: 0x0000002bfab00000,0x0000002bfac00000] [id=14976]

Threads with active compile tasks:
C2 CompilerThread0  316439 2189       4       org.gradle.internal.logging.sink.GroupingProgressLogEventGenerator::onUpdateNow (54 bytes)

VM state: not at safepoint (normal execution)

VM Mutex/Monitor currently owned by a thread: None

Heap address: 0x00000000fc000000, size: 64 MB, Compressed Oops mode: 32-bit

CDS archive(s) mapped at: [0x000002030f000000-0x000002030fbb0000-0x000002030fbb0000), size 12255232, SharedBaseAddress: 0x000002030f000000, ArchiveRelocationMode: 1.
Compressed class space mapped at: 0x0000020310000000-0x0000020350000000, reserved size: 1073741824
Narrow klass base: 0x000002030f000000, Narrow klass shift: 0, Narrow klass range: 0x100000000

GC Precious Log:
 CPUs: 12 total, 12 available
 Memory: 7963M
 Large Page Support: Disabled
 NUMA Support: Disabled
 Compressed Oops: Enabled (32-bit)
 Heap Region Size: 1M
 Heap Min Capacity: 64M
 Heap Initial Capacity: 64M
 Heap Max Capacity: 64M
 Pre-touch: Disabled
 Parallel Workers: 10
 Concurrent Workers: 3
 Concurrent Refinement Workers: 10
 Periodic GC: Disabled

Heap:
 garbage-first heap   total 65536K, used 39430K [0x00000000fc000000, 0x0000000100000000)
  region size 1024K, 34 young (34816K), 4 survivors (4096K)
 Metaspace       used 10273K, committed 10496K, reserved 1114112K
  class space    used 1328K, committed 1408K, reserved 1048576K

Heap Regions: E=young(eden), S=young(survivor), O=old, HS=humongous(starts), HC=humongous(continues), CS=collection set, F=free, OA=open archive, CA=closed archive, TAMS=top-at-mark-start (previous, next)
|   0|0x00000000fc000000, 0x00000000fc100000, 0x00000000fc100000|100%|HS|  |TAMS 0x00000000fc000000, 0x00000000fc000000| Complete 
|   1|0x00000000fc100000, 0x00000000fc200000, 0x00000000fc200000|100%|HC|  |TAMS 0x00000000fc100000, 0x00000000fc100000| Complete 
|   2|0x00000000fc200000, 0x00000000fc300000, 0x00000000fc300000|100%|HC|  |TAMS 0x00000000fc200000, 0x00000000fc200000| Complete 
|   3|0x00000000fc300000, 0x00000000fc400000, 0x00000000fc400000|100%| O|  |TAMS 0x00000000fc300000, 0x00000000fc300000| Untracked 
|   4|0x00000000fc400000, 0x00000000fc500000, 0x00000000fc500000|100%| O|  |TAMS 0x00000000fc400000, 0x00000000fc400000| Untracked 
|   5|0x00000000fc500000, 0x00000000fc600000, 0x00000000fc600000|100%| O|  |TAMS 0x00000000fc500000, 0x00000000fc500000| Untracked 
|   6|0x00000000fc600000, 0x00000000fc681a00, 0x00000000fc700000| 50%| O|  |TAMS 0x00000000fc600000, 0x00000000fc600000| Untracked 
|   7|0x00000000fc700000, 0x00000000fc700000, 0x00000000fc800000|  0%| F|  |TAMS 0x00000000fc700000, 0x00000000fc700000| Untracked 
|   8|0x00000000fc800000, 0x00000000fc800000, 0x00000000fc900000|  0%| F|  |TAMS 0x00000000fc800000, 0x00000000fc800000| Untracked 
|   9|0x00000000fc900000, 0x00000000fc900000, 0x00000000fca00000|  0%| F|  |TAMS 0x00000000fc900000, 0x00000000fc900000| Untracked 
|  10|0x00000000fca00000, 0x00000000fca00000, 0x00000000fcb00000|  0%| F|  |TAMS 0x00000000fca00000, 0x00000000fca00000| Untracked 
|  11|0x00000000fcb00000, 0x00000000fcb00000, 0x00000000fcc00000|  0%| F|  |TAMS 0x00000000fcb00000, 0x00000000fcb00000| Untracked 
|  12|0x00000000fcc00000, 0x00000000fcc00000, 0x00000000fcd00000|  0%| F|  |TAMS 0x00000000fcc00000, 0x00000000fcc00000| Untracked 
|  13|0x00000000fcd00000, 0x00000000fcd00000, 0x00000000fce00000|  0%| F|  |TAMS 0x00000000fcd00000, 0x00000000fcd00000| Untracked 
|  14|0x00000000fce00000, 0x00000000fce00000, 0x00000000fcf00000|  0%| F|  |TAMS 0x00000000fce00000, 0x00000000fce00000| Untracked 
|  15|0x00000000fcf00000, 0x00000000fcf00000, 0x00000000fd000000|  0%| F|  |TAMS 0x00000000fcf00000, 0x00000000fcf00000| Untracked 
|  16|0x00000000fd000000, 0x00000000fd000000, 0x00000000fd100000|  0%| F|  |TAMS 0x00000000fd000000, 0x00000000fd000000| Untracked 
|  17|0x00000000fd100000, 0x00000000fd100000, 0x00000000fd200000|  0%| F|  |TAMS 0x00000000fd100000, 0x00000000fd100000| Untracked 
|  18|0x00000000fd200000, 0x00000000fd200000, 0x00000000fd300000|  0%| F|  |TAMS 0x00000000fd200000, 0x00000000fd200000| Untracked 
|  19|0x00000000fd300000, 0x00000000fd300000, 0x00000000fd400000|  0%| F|  |TAMS 0x00000000fd300000, 0x00000000fd300000| Untracked 
|  20|0x00000000fd400000, 0x00000000fd400000, 0x00000000fd500000|  0%| F|  |TAMS 0x00000000fd400000, 0x00000000fd400000| Untracked 
|  21|0x00000000fd500000, 0x00000000fd500000, 0x00000000fd600000|  0%| F|  |TAMS 0x00000000fd500000, 0x00000000fd500000| Untracked 
|  22|0x00000000fd600000, 0x00000000fd600000, 0x00000000fd700000|  0%| F|  |TAMS 0x00000000fd600000, 0x00000000fd600000| Untracked 
|  23|0x00000000fd700000, 0x00000000fd700000, 0x00000000fd800000|  0%| F|  |TAMS 0x00000000fd700000, 0x00000000fd700000| Untracked 
|  24|0x00000000fd800000, 0x00000000fd800000, 0x00000000fd900000|  0%| F|  |TAMS 0x00000000fd800000, 0x00000000fd800000| Untracked 
|  25|0x00000000fd900000, 0x00000000fd900000, 0x00000000fda00000|  0%| F|  |TAMS 0x00000000fd900000, 0x00000000fd900000| Untracked 
|  26|0x00000000fda00000, 0x00000000fda00000, 0x00000000fdb00000|  0%| F|  |TAMS 0x00000000fda00000, 0x00000000fda00000| Untracked 
|  27|0x00000000fdb00000, 0x00000000fdb00000, 0x00000000fdc00000|  0%| F|  |TAMS 0x00000000fdb00000, 0x00000000fdb00000| Untracked 
|  28|0x00000000fdc00000, 0x00000000fdd00000, 0x00000000fdd00000|100%| S|CS|TAMS 0x00000000fdc00000, 0x00000000fdc00000| Complete 
|  29|0x00000000fdd00000, 0x00000000fde00000, 0x00000000fde00000|100%| S|CS|TAMS 0x00000000fdd00000, 0x00000000fdd00000| Complete 
|  30|0x00000000fde00000, 0x00000000fdf00000, 0x00000000fdf00000|100%| S|CS|TAMS 0x00000000fde00000, 0x00000000fde00000| Complete 
|  31|0x00000000fdf00000, 0x00000000fe000000, 0x00000000fe000000|100%| S|CS|TAMS 0x00000000fdf00000, 0x00000000fdf00000| Complete 
|  32|0x00000000fe000000, 0x00000000fe000000, 0x00000000fe100000|  0%| F|  |TAMS 0x00000000fe000000, 0x00000000fe000000| Untracked 
|  33|0x00000000fe100000, 0x00000000fe100000, 0x00000000fe200000|  0%| F|  |TAMS 0x00000000fe100000, 0x00000000fe100000| Untracked 
|  34|0x00000000fe200000, 0x00000000fe22a3f0, 0x00000000fe300000| 16%| E|  |TAMS 0x00000000fe200000, 0x00000000fe200000| Complete 
|  35|0x00000000fe300000, 0x00000000fe400000, 0x00000000fe400000|100%| E|CS|TAMS 0x00000000fe300000, 0x00000000fe300000| Complete 
|  36|0x00000000fe400000, 0x00000000fe500000, 0x00000000fe500000|100%| E|CS|TAMS 0x00000000fe400000, 0x00000000fe400000| Complete 
|  37|0x00000000fe500000, 0x00000000fe600000, 0x00000000fe600000|100%| E|CS|TAMS 0x00000000fe500000, 0x00000000fe500000| Complete 
|  38|0x00000000fe600000, 0x00000000fe700000, 0x00000000fe700000|100%| E|CS|TAMS 0x00000000fe600000, 0x00000000fe600000| Complete 
|  39|0x00000000fe700000, 0x00000000fe800000, 0x00000000fe800000|100%| E|CS|TAMS 0x00000000fe700000, 0x00000000fe700000| Complete 
|  40|0x00000000fe800000, 0x00000000fe900000, 0x00000000fe900000|100%| E|CS|TAMS 0x00000000fe800000, 0x00000000fe800000| Complete 
|  41|0x00000000fe900000, 0x00000000fea00000, 0x00000000fea00000|100%| E|CS|TAMS 0x00000000fe900000, 0x00000000fe900000| Complete 
|  42|0x00000000fea00000, 0x00000000feb00000, 0x00000000feb00000|100%| E|CS|TAMS 0x00000000fea00000, 0x00000000fea00000| Complete 
|  43|0x00000000feb00000, 0x00000000fec00000, 0x00000000fec00000|100%| E|CS|TAMS 0x00000000feb00000, 0x00000000feb00000| Complete 
|  44|0x00000000fec00000, 0x00000000fed00000, 0x00000000fed00000|100%| E|CS|TAMS 0x00000000fec00000, 0x00000000fec00000| Complete 
|  45|0x00000000fed00000, 0x00000000fee00000, 0x00000000fee00000|100%| E|CS|TAMS 0x00000000fed00000, 0x00000000fed00000| Complete 
|  46|0x00000000fee00000, 0x00000000fef00000, 0x00000000fef00000|100%| E|CS|TAMS 0x00000000fee00000, 0x00000000fee00000| Complete 
|  47|0x00000000fef00000, 0x00000000ff000000, 0x00000000ff000000|100%| E|CS|TAMS 0x00000000fef00000, 0x00000000fef00000| Complete 
|  48|0x00000000ff000000, 0x00000000ff100000, 0x00000000ff100000|100%| E|CS|TAMS 0x00000000ff000000, 0x00000000ff000000| Complete 
|  49|0x00000000ff100000, 0x00000000ff200000, 0x00000000ff200000|100%| E|CS|TAMS 0x00000000ff100000, 0x00000000ff100000| Complete 
|  50|0x00000000ff200000, 0x00000000ff300000, 0x00000000ff300000|100%| E|CS|TAMS 0x00000000ff200000, 0x00000000ff200000| Complete 
|  51|0x00000000ff300000, 0x00000000ff400000, 0x00000000ff400000|100%| E|CS|TAMS 0x00000000ff300000, 0x00000000ff300000| Complete 
|  52|0x00000000ff400000, 0x00000000ff500000, 0x00000000ff500000|100%| E|CS|TAMS 0x00000000ff400000, 0x00000000ff400000| Complete 
|  53|0x00000000ff500000, 0x00000000ff600000, 0x00000000ff600000|100%| E|CS|TAMS 0x00000000ff500000, 0x00000000ff500000| Complete 
|  54|0x00000000ff600000, 0x00000000ff700000, 0x00000000ff700000|100%| E|CS|TAMS 0x00000000ff600000, 0x00000000ff600000| Complete 
|  55|0x00000000ff700000, 0x00000000ff800000, 0x00000000ff800000|100%| E|CS|TAMS 0x00000000ff700000, 0x00000000ff700000| Complete 
|  56|0x00000000ff800000, 0x00000000ff900000, 0x00000000ff900000|100%| E|CS|TAMS 0x00000000ff800000, 0x00000000ff800000| Complete 
|  57|0x00000000ff900000, 0x00000000ffa00000, 0x00000000ffa00000|100%| E|CS|TAMS 0x00000000ff900000, 0x00000000ff900000| Complete 
|  58|0x00000000ffa00000, 0x00000000ffb00000, 0x00000000ffb00000|100%| E|CS|TAMS 0x00000000ffa00000, 0x00000000ffa00000| Complete 
|  59|0x00000000ffb00000, 0x00000000ffc00000, 0x00000000ffc00000|100%| E|  |TAMS 0x00000000ffb00000, 0x00000000ffb00000| Complete 
|  60|0x00000000ffc00000, 0x00000000ffd00000, 0x00000000ffd00000|100%| E|CS|TAMS 0x00000000ffc00000, 0x00000000ffc00000| Complete 
|  61|0x00000000ffd00000, 0x00000000ffe00000, 0x00000000ffe00000|100%| E|CS|TAMS 0x00000000ffd00000, 0x00000000ffd00000| Complete 
|  62|0x00000000ffe00000, 0x00000000fff00000, 0x00000000fff00000|100%| E|CS|TAMS 0x00000000ffe00000, 0x00000000ffe00000| Complete 
|  63|0x00000000fff00000, 0x0000000100000000, 0x0000000100000000|100%| E|CS|TAMS 0x00000000fff00000, 0x00000000fff00000| Complete 

Card table byte_map: [0x000002036d160000,0x000002036d180000] _byte_map_base: 0x000002036c980000

Marking Bits (Prev, Next): (CMBitMap*) 0x000002036d28ef30, (CMBitMap*) 0x000002036d28ef70
 Prev Bits: [0x0000020375340000, 0x0000020375440000)
 Next Bits: [0x0000020375440000, 0x0000020375540000)

Polling page: 0x000002036b230000

Metaspace:

Usage:
  Non-class:      8.74 MB used.
      Class:      1.30 MB used.
       Both:     10.03 MB used.

Virtual space:
  Non-class space:       64.00 MB reserved,       8.88 MB ( 14%) committed,  1 nodes.
      Class space:        1.00 GB reserved,       1.38 MB ( <1%) committed,  1 nodes.
             Both:        1.06 GB reserved,      10.25 MB ( <1%) committed. 

Chunk freelists:
   Non-Class:  6.30 MB
       Class:  14.57 MB
        Both:  20.87 MB

MaxMetaspaceSize: unlimited
CompressedClassSpaceSize: 1.00 GB
Initial GC threshold: 21.00 MB
Current GC threshold: 21.00 MB
CDS: on
MetaspaceReclaimPolicy: balanced
 - commit_granule_bytes: 65536.
 - commit_granule_words: 8192.
 - virtual_space_node_default_size: 8388608.
 - enlarge_chunks_in_place: 1.
 - new_chunks_are_fully_committed: 0.
 - uncommit_free_chunks: 1.
 - use_allocation_guard: 0.
 - handle_deallocations: 1.


Internal statistics:

num_allocs_failed_limit: 0.
num_arena_births: 90.
num_arena_deaths: 0.
num_vsnodes_births: 2.
num_vsnodes_deaths: 0.
num_space_committed: 164.
num_space_uncommitted: 0.
num_chunks_returned_to_freelist: 0.
num_chunks_taken_from_freelist: 375.
num_chunk_merges: 0.
num_chunk_splits: 246.
num_chunks_enlarged: 198.
num_inconsistent_stats: 0.

CodeHeap 'non-profiled nmethods': size=120000Kb used=958Kb max_used=958Kb free=119041Kb
 bounds [0x0000020307ad0000, 0x0000020307d40000, 0x000002030f000000]
CodeHeap 'profiled nmethods': size=120000Kb used=4226Kb max_used=4226Kb free=115774Kb
 bounds [0x0000020300000000, 0x0000020300430000, 0x0000020307530000]
CodeHeap 'non-nmethods': size=5760Kb used=1199Kb max_used=1224Kb free=4560Kb
 bounds [0x0000020307530000, 0x00000203077a0000, 0x0000020307ad0000]
 total_blobs=2675 nmethods=2188 adapters=400
 compilation: enabled
              stopped_count=0, restarted_count=0
 full_count=0

Compilation events (20 events):
Event: 268.514 Thread 0x000002037811d740 nmethod 2179 0x0000020307bb9610 code [0x0000020307bb97a0, 0x0000020307bb9858]
Event: 268.824 Thread 0x000002037811d740 2180       4       java.util.concurrent.TimeUnit::toNanos (45 bytes)
Event: 268.825 Thread 0x000002037811d740 nmethod 2180 0x0000020307bb9910 code [0x0000020307bb9aa0, 0x0000020307bb9b58]
Event: 269.111 Thread 0x000002037811d740 2181       4       java.util.concurrent.TimeUnit::convert (77 bytes)
Event: 269.112 Thread 0x000002037811d740 nmethod 2181 0x0000020307bb9c10 code [0x0000020307bb9da0, 0x0000020307bb9eb8]
Event: 269.421 Thread 0x000002037811d740 2182       4       java.util.concurrent.ScheduledThreadPoolExecutor$ScheduledFutureTask::getDelay (16 bytes)
Event: 269.422 Thread 0x000002037811d740 nmethod 2182 0x0000020307bba010 code [0x0000020307bba1a0, 0x0000020307bba2d8]
Event: 271.015 Thread 0x000002037811d740 2183       4       java.util.Collections$SingletonList::get (41 bytes)
Event: 271.015 Thread 0x000002037811d740 nmethod 2183 0x0000020307bba410 code [0x0000020307bba5a0, 0x0000020307bba638]
Event: 276.618 Thread 0x000002037811e1f0 2184       3       sun.nio.cs.SingleByte$Encoder::encodeArrayLoop (280 bytes)
Event: 276.623 Thread 0x000002037811e1f0 nmethod 2184 0x000002030041bc90 code [0x000002030041c1a0, 0x000002030041e948]
Event: 276.623 Thread 0x000002037811e1f0 2185       3       java.lang.System$2::encodeASCII (11 bytes)
Event: 276.623 Thread 0x000002037811e1f0 nmethod 2185 0x000002030041f710 code [0x000002030041f8c0, 0x000002030041fa08]
Event: 290.412 Thread 0x000002037811d740 2186       4       java.lang.AbstractStringBuilder::append (60 bytes)
Event: 290.420 Thread 0x000002037811d740 nmethod 2186 0x0000020307bba710 code [0x0000020307bba8c0, 0x0000020307bbb198]
Event: 290.615 Thread 0x000002037811e1f0 2187       3       com.google.common.collect.ImmutableList::asImmutableList (69 bytes)
Event: 290.618 Thread 0x000002037811e1f0 nmethod 2187 0x000002030041fb10 code [0x000002030041fd40, 0x00000203004204e8]
Event: 308.410 Thread 0x000002037811d740 2188       4       org.fusesource.jansi.Ansi::flushAttributes (94 bytes)
Event: 308.453 Thread 0x000002037811d740 nmethod 2188 0x0000020307bbb610 code [0x0000020307bbb880, 0x0000020307bbe588]
Event: 316.412 Thread 0x000002037811d740 2189       4       org.gradle.internal.logging.sink.GroupingProgressLogEventGenerator::onUpdateNow (54 bytes)

GC Heap History (4 events):
Event: 0.281 GC heap before
{Heap before GC invocations=0 (full 0):
 garbage-first heap   total 65536K, used 23552K [0x00000000fc000000, 0x0000000100000000)
  region size 1024K, 23 young (23552K), 0 survivors (0K)
 Metaspace       used 1699K, committed 1856K, reserved 1114112K
  class space    used 161K, committed 192K, reserved 1048576K
}
Event: 0.284 GC heap after
{Heap after GC invocations=1 (full 0):
 garbage-first heap   total 65536K, used 1824K [0x00000000fc000000, 0x0000000100000000)
  region size 1024K, 2 young (2048K), 2 survivors (2048K)
 Metaspace       used 1699K, committed 1856K, reserved 1114112K
  class space    used 161K, committed 192K, reserved 1048576K
}
Event: 0.630 GC heap before
{Heap before GC invocations=1 (full 0):
 garbage-first heap   total 65536K, used 35616K [0x00000000fc000000, 0x0000000100000000)
  region size 1024K, 32 young (32768K), 2 survivors (2048K)
 Metaspace       used 5389K, committed 5632K, reserved 1114112K
  class space    used 702K, committed 832K, reserved 1048576K
}
Event: 0.634 GC heap after
{Heap after GC invocations=2 (full 0):
 garbage-first heap   total 65536K, used 10758K [0x00000000fc000000, 0x0000000100000000)
  region size 1024K, 4 young (4096K), 4 survivors (4096K)
 Metaspace       used 5389K, committed 5632K, reserved 1114112K
  class space    used 702K, committed 832K, reserved 1048576K
}

Dll operation events (13 events):
Event: 0.004 Loaded shared library C:\Program Files\Eclipse Adoptium\jdk-17.0.17.10-hotspot\bin\java.dll
Event: 0.016 Loaded shared library C:\Program Files\Eclipse Adoptium\jdk-17.0.17.10-hotspot\bin\jsvml.dll
Event: 0.034 Loaded shared library C:\Program Files\Eclipse Adoptium\jdk-17.0.17.10-hotspot\bin\net.dll
Event: 0.035 Loaded shared library C:\Program Files\Eclipse Adoptium\jdk-17.0.17.10-hotspot\bin\nio.dll
Event: 0.038 Loaded shared library C:\Program Files\Eclipse Adoptium\jdk-17.0.17.10-hotspot\bin\zip.dll
Event: 0.308 Loaded shared library C:\Program Files\Eclipse Adoptium\jdk-17.0.17.10-hotspot\bin\jimage.dll
Event: 0.488 Loaded shared library C:\Program Files\Eclipse Adoptium\jdk-17.0.17.10-hotspot\bin\verify.dll
Event: 0.535 Loaded shared library C:\Program Files\Eclipse Adoptium\jdk-17.0.17.10-hotspot\bin\management.dll
Event: 0.538 Loaded shared library C:\Program Files\Eclipse Adoptium\jdk-17.0.17.10-hotspot\bin\management_ext.dll
Event: 0.573 Loaded shared library C:\Users\Yiðit Enes\.gradle\native\1def1411415f61bf3af743bc5b6707747c0891f09f0c88961ee8f79bc544acac\windows-amd64\native-platform.dll
Event: 0.596 Loaded shared library C:\Users\Yiðit Enes\.gradle\native\jansi\1.18\windows64\jansi.dll
Event: 0.737 Loaded shared library C:\Program Files\Eclipse Adoptium\jdk-17.0.17.10-hotspot\bin\extnet.dll
Event: 2.169 Loaded shared library C:\Program Files\Eclipse Adoptium\jdk-17.0.17.10-hotspot\bin\sunmscapi.dll

Deoptimization events (20 events):
Event: 2.138 Thread 0x000002037d47a050 Uncommon trap: trap_request=0xffffff45 fr.pc=0x0000020307b73aa4 relative=0x0000000000000084
Event: 2.138 Thread 0x000002037d3dd510 Uncommon trap: trap_request=0xffffff45 fr.pc=0x0000020307b73aa4 relative=0x0000000000000084
Event: 2.138 Thread 0x000002037d47a050 Uncommon trap: reason=unstable_if action=reinterpret pc=0x0000020307b73aa4 method=java.lang.invoke.VarForm.getMemberName(I)Ljava/lang/invoke/MemberName; @ 8 c2
Event: 2.138 Thread 0x000002037d3dd510 Uncommon trap: reason=unstable_if action=reinterpret pc=0x0000020307b73aa4 method=java.lang.invoke.VarForm.getMemberName(I)Ljava/lang/invoke/MemberName; @ 8 c2
Event: 2.138 Thread 0x000002037d3dd510 DEOPT PACKING pc=0x0000020307b73aa4 sp=0x0000002bfbfff360
Event: 2.138 Thread 0x000002037d47a050 DEOPT PACKING pc=0x0000020307b73aa4 sp=0x0000002bfc0fefe0
Event: 2.138 Thread 0x000002037d3dd510 DEOPT UNPACKING pc=0x000002030758a1a3 sp=0x0000002bfbfff2f8 mode 2
Event: 2.138 Thread 0x000002037d47a050 DEOPT UNPACKING pc=0x000002030758a1a3 sp=0x0000002bfc0fef78 mode 2
Event: 2.145 Thread 0x000002036d26bec0 Uncommon trap: trap_request=0xffffff45 fr.pc=0x0000020307b84194 relative=0x00000000000000d4
Event: 2.145 Thread 0x000002036d26bec0 Uncommon trap: reason=unstable_if action=reinterpret pc=0x0000020307b84194 method=java.lang.String$CaseInsensitiveComparator.compare(Ljava/lang/String;Ljava/lang/String;)I @ 28 c2
Event: 2.145 Thread 0x000002036d26bec0 DEOPT PACKING pc=0x0000020307b84194 sp=0x0000002bfa6fd430
Event: 2.145 Thread 0x000002036d26bec0 DEOPT UNPACKING pc=0x000002030758a1a3 sp=0x0000002bfa6fd190 mode 2
Event: 2.172 Thread 0x000002036d26bec0 Uncommon trap: trap_request=0xffffff45 fr.pc=0x0000020307b19e70 relative=0x0000000000000a50
Event: 2.172 Thread 0x000002036d26bec0 Uncommon trap: reason=unstable_if action=reinterpret pc=0x0000020307b19e70 method=java.util.HashMap.putVal(ILjava/lang/Object;Ljava/lang/Object;ZZ)Ljava/lang/Object; @ 162 c2
Event: 2.172 Thread 0x000002036d26bec0 DEOPT PACKING pc=0x0000020307b19e70 sp=0x0000002bfa6fb410
Event: 2.172 Thread 0x000002036d26bec0 DEOPT UNPACKING pc=0x000002030758a1a3 sp=0x0000002bfa6fb348 mode 2
Event: 2.182 Thread 0x000002036d26bec0 Uncommon trap: trap_request=0xffffff45 fr.pc=0x0000020307b71208 relative=0x00000000000004a8
Event: 2.182 Thread 0x000002036d26bec0 Uncommon trap: reason=unstable_if action=reinterpret pc=0x0000020307b71208 method=java.lang.invoke.VarForm.getMemberName(I)Ljava/lang/invoke/MemberName; @ 8 c2
Event: 2.182 Thread 0x000002036d26bec0 DEOPT PACKING pc=0x0000020307b71208 sp=0x0000002bfa6fd230
Event: 2.182 Thread 0x000002036d26bec0 DEOPT UNPACKING pc=0x000002030758a1a3 sp=0x0000002bfa6fd190 mode 2

Classes loaded (20 events):
Event: 2.181 Loading class java/nio/channels/Pipe$SourceChannel done
Event: 2.181 Loading class sun/nio/ch/SourceChannelImpl done
Event: 2.181 Loading class sun/nio/ch/SinkChannelImpl
Event: 2.181 Loading class java/nio/channels/Pipe$SinkChannel
Event: 2.181 Loading class java/nio/channels/Pipe$SinkChannel done
Event: 2.181 Loading class sun/nio/ch/SinkChannelImpl done
Event: 2.181 Loading class sun/nio/ch/SelectionKeyImpl
Event: 2.181 Loading class java/nio/channels/spi/AbstractSelectionKey
Event: 2.181 Loading class java/nio/channels/SelectionKey
Event: 2.181 Loading class java/nio/channels/SelectionKey done
Event: 2.182 Loading class java/nio/channels/spi/AbstractSelectionKey done
Event: 2.182 Loading class sun/nio/ch/SelectionKeyImpl done
Event: 2.182 Loading class java/lang/invoke/ConstantBootstraps
Event: 2.182 Loading class java/lang/invoke/ConstantBootstraps done
Event: 2.192 Loading class java/nio/channels/spi/AbstractSelector$1
Event: 2.192 Loading class java/nio/channels/spi/AbstractSelector$1 done
Event: 2.218 Loading class java/util/concurrent/Executors$FinalizableDelegatedExecutorService
Event: 2.218 Loading class java/util/concurrent/Executors$FinalizableDelegatedExecutorService done
Event: 5.614 Loading class java/util/ArrayList$ListItr
Event: 5.614 Loading class java/util/ArrayList$ListItr done

Classes unloaded (0 events):
No events

Classes redefined (0 events):
No events

Internal exceptions (20 events):
Event: 0.561 Thread 0x000002036d26bec0 Exception <a 'java/lang/NoClassDefFoundError'{0x00000000fe552dc8}: org/slf4j/impl/StaticMarkerBinder> (0x00000000fe552dc8) 
thrown [s\src\hotspot\share\classfile\systemDictionary.cpp, line 245]
Event: 0.579 Thread 0x000002036d26bec0 Exception <a 'java/lang/NoSuchMethodError'{0x00000000fe4af0d8}: 'java.lang.Object java.lang.invoke.Invokers$Holder.invoker(java.lang.Object, java.lang.Object, java.lang.Object)'> (0x00000000fe4af0d8) 
thrown [s\src\hotspot\share\interpreter\linkResolver.cpp, line 759]
Event: 0.580 Thread 0x000002036d26bec0 Exception <a 'java/lang/NoSuchMethodError'{0x00000000fe4b8230}: 'java.lang.Object java.lang.invoke.DirectMethodHandle$Holder.invokeStatic(java.lang.Object, java.lang.Object, int)'> (0x00000000fe4b8230) 
thrown [s\src\hotspot\share\interpreter\linkResolver.cpp, line 759]
Event: 0.580 Thread 0x000002036d26bec0 Exception <a 'java/lang/NoSuchMethodError'{0x00000000fe4c3f20}: 'void java.lang.invoke.DelegatingMethodHandle$Holder.delegate(java.lang.Object, java.lang.Object, int, java.lang.Object)'> (0x00000000fe4c3f20) 
thrown [s\src\hotspot\share\interpreter\linkResolver.cpp, line 759]
Event: 0.582 Thread 0x000002036d26bec0 Exception <a 'java/lang/NoSuchMethodError'{0x00000000fe4d7568}: 'java.lang.Object java.lang.invoke.Invokers$Holder.invokeExact_MT(java.lang.Object, java.lang.Object, java.lang.Object, java.lang.Object)'> (0x00000000fe4d7568) 
thrown [s\src\hotspot\share\interpreter\linkResolver.cpp, line 759]
Event: 0.584 Thread 0x000002036d26bec0 Exception <a 'java/lang/NoSuchMethodError'{0x00000000fe4ff290}: 'java.lang.Object java.lang.invoke.DirectMethodHandle$Holder.invokeVirtual(java.lang.Object, java.lang.Object, java.lang.Object)'> (0x00000000fe4ff290) 
thrown [s\src\hotspot\share\interpreter\linkResolver.cpp, line 759]
Event: 0.641 Thread 0x000002036d26bec0 Exception <a 'java/lang/NoSuchMethodError'{0x00000000fff99db0}: 'java.lang.Object java.lang.invoke.DirectMethodHandle$Holder.newInvokeSpecial(java.lang.Object, java.lang.Object, java.lang.Object, java.lang.Object, java.lang.Object)'> (0x00000000fff99db0) 
thrown [s\src\hotspot\share\interpreter\linkResolver.cpp, line 759]
Event: 0.656 Thread 0x000002036d26bec0 Exception <a 'java/lang/NoSuchMethodError'{0x00000000ffd13570}: 'void java.lang.invoke.DirectMethodHandle$Holder.invokeSpecial(java.lang.Object, java.lang.Object, java.lang.Object)'> (0x00000000ffd13570) 
thrown [s\src\hotspot\share\interpreter\linkResolver.cpp, line 759]
Event: 0.739 Thread 0x000002036d26bec0 Exception <a 'java/lang/NoSuchMethodError'{0x00000000ffb65d08}: 'void java.lang.invoke.DirectMethodHandle$Holder.invokeStatic(java.lang.Object, java.lang.Object, java.lang.Object)'> (0x00000000ffb65d08) 
thrown [s\src\hotspot\share\interpreter\linkResolver.cpp, line 759]
Event: 0.768 Thread 0x000002036d26bec0 Exception <a 'java/lang/NoSuchMethodError'{0x00000000ff711940}: 'java.lang.Object java.lang.invoke.DirectMethodHandle$Holder.newInvokeSpecial(java.lang.Object, java.lang.Object, java.lang.Object, java.lang.Object, java.lang.Object, java.lang.Object, java.lang.Object, java.lang.Object, java.lang.Object, java.lang.Object, java.lang.Object, java.lang.Object, java.lang.Object, java.lang.Object, java.lang.Object, java.lang.Object, java.lang.Object, java.lang.Object, java.lang.Object, java.lang.Object, java.lang
Event: 0.768 Thread 0x000002036d26bec0 Exception <a 'java/lang/NoSuchMethodError'{0x00000000ff71df48}: 'java.lang.Object java.lang.invoke.Invokers$Holder.linkToTargetMethod(java.lang.Object, java.lang.Object, java.lang.Object, java.lang.Object, java.lang.Object, java.lang.Object, java.lang.Object, java.lang.Object, java.lang.Object, java.lang.Object, java.lang.Object, java.lang.Object, java.lang.Object, java.lang.Object, java.lang.Object, java.lang.Object, java.lang.Object, java.lang.Object, java.lang.Object, java.lang.Object, java.lang.Object,
Event: 0.791 Thread 0x000002036d26bec0 Exception <a 'java/lang/NoSuchMethodError'{0x00000000ff5ba670}: 'java.lang.Object java.lang.invoke.DirectMethodHandle$Holder.invokeStaticInit(java.lang.Object, int, int, int, int)'> (0x00000000ff5ba670) 
thrown [s\src\hotspot\share\interpreter\linkResolver.cpp, line 759]
Event: 0.859 Thread 0x000002036d26bec0 Exception <a 'java/lang/NoSuchMethodError'{0x00000000ff49f3c8}: 'java.lang.Object java.lang.invoke.DirectMethodHandle$Holder.invokeStaticInit(java.lang.Object, java.lang.Object, int, int, int, int)'> (0x00000000ff49f3c8) 
thrown [s\src\hotspot\share\interpreter\linkResolver.cpp, line 759]
Event: 0.873 Thread 0x000002036d26bec0 Implicit null exception at 0x0000020307b1c679 to 0x0000020307b1d308
Event: 0.875 Thread 0x000002036d26bec0 Implicit null exception at 0x0000020307b436f9 to 0x0000020307b4436c
Event: 0.977 Thread 0x000002037d3dd510 Exception <a 'java/lang/NoSuchMethodError'{0x00000000fea0fa00}: 'void java.lang.invoke.DirectMethodHandle$Holder.invokeStatic(java.lang.Object, long)'> (0x00000000fea0fa00) 
thrown [s\src\hotspot\share\interpreter\linkResolver.cpp, line 759]
Event: 0.978 Thread 0x000002037d3dd510 Exception <a 'java/lang/NoSuchMethodError'{0x00000000fea15358}: 'java.lang.Object java.lang.invoke.DirectMethodHandle$Holder.newInvokeSpecial(java.lang.Object, long)'> (0x00000000fea15358) 
thrown [s\src\hotspot\share\interpreter\linkResolver.cpp, line 759]
Event: 0.979 Thread 0x000002037d3dd510 Exception <a 'java/lang/NoSuchMethodError'{0x00000000fea1fef0}: 'java.lang.Object java.lang.invoke.DirectMethodHandle$Holder.invokeStaticInit(java.lang.Object, java.lang.Object, long, java.lang.Object)'> (0x00000000fea1fef0) 
thrown [s\src\hotspot\share\interpreter\linkResolver.cpp, line 759]
Event: 0.980 Thread 0x000002037d3dd510 Exception <a 'java/lang/NoSuchMethodError'{0x00000000fea26578}: 'java.lang.Object java.lang.invoke.DirectMethodHandle$Holder.newInvokeSpecial(java.lang.Object, java.lang.Object, long)'> (0x00000000fea26578) 
thrown [s\src\hotspot\share\interpreter\linkResolver.cpp, line 759]
Event: 0.980 Thread 0x000002037d3dd510 Exception <a 'java/lang/NoSuchMethodError'{0x00000000fea2a868}: 'java.lang.Object java.lang.invoke.Invokers$Holder.linkToTargetMethod(java.lang.Object, long, java.lang.Object)'> (0x00000000fea2a868) 
thrown [s\src\hotspot\share\interpreter\linkResolver.cpp, line 759]

VM Operations (20 events):
Event: 181.756 Executing VM operation: Cleanup
Event: 181.756 Executing VM operation: Cleanup done
Event: 184.777 Executing VM operation: Cleanup
Event: 184.777 Executing VM operation: Cleanup done
Event: 201.878 Executing VM operation: Cleanup
Event: 201.879 Executing VM operation: Cleanup done
Event: 206.912 Executing VM operation: Cleanup
Event: 206.912 Executing VM operation: Cleanup done
Event: 216.969 Executing VM operation: Cleanup
Event: 216.969 Executing VM operation: Cleanup done
Event: 218.992 Executing VM operation: Cleanup
Event: 218.993 Executing VM operation: Cleanup done
Event: 251.141 Executing VM operation: Cleanup
Event: 251.141 Executing VM operation: Cleanup done
Event: 258.185 Executing VM operation: Cleanup
Event: 258.185 Executing VM operation: Cleanup done
Event: 259.195 Executing VM operation: Cleanup
Event: 259.195 Executing VM operation: Cleanup done
Event: 269.275 Executing VM operation: Cleanup
Event: 269.276 Executing VM operation: Cleanup done

Memory protections (0 events):
No events

Nmethod flushes (0 events):
No events

Events (19 events):
Event: 0.016 Thread 0x000002036d26bec0 Thread added: 0x000002036d26bec0
Event: 0.018 Thread 0x000002036d26bec0 Thread added: 0x000002036d31ad10
Event: 0.018 Thread 0x000002036d26bec0 Thread added: 0x000002036d31b8d0
Event: 0.023 Thread 0x000002036d26bec0 Thread added: 0x0000020378111f20
Event: 0.023 Thread 0x000002036d26bec0 Thread added: 0x0000020378114af0
Event: 0.023 Thread 0x000002036d26bec0 Thread added: 0x00000203781198e0
Event: 0.023 Thread 0x000002036d26bec0 Thread added: 0x000002037811a2a0
Event: 0.023 Thread 0x000002036d26bec0 Thread added: 0x000002037811d740
Event: 0.023 Thread 0x000002036d26bec0 Thread added: 0x000002037811e1f0
Event: 0.023 Thread 0x000002036d26bec0 Thread added: 0x000002037811ebf0
Event: 0.030 Thread 0x000002036d26bec0 Thread added: 0x00000203783484f0
Event: 0.031 Thread 0x000002036d26bec0 Thread added: 0x0000020378357ca0
Event: 0.608 Thread 0x000002036d26bec0 Thread added: 0x000002037d27b650
Event: 0.971 Thread 0x000002036d26bec0 Thread added: 0x000002037d3dd510
Event: 0.982 Thread 0x000002037d3dd510 Thread added: 0x000002037d47a050
Event: 0.982 Thread 0x000002037d47a050 Thread exited: 0x000002037d47a050
Event: 0.982 Thread 0x000002037d3dd510 Thread added: 0x000002037d47a050
Event: 2.138 Thread 0x000002037d47a050 Thread exited: 0x000002037d47a050
Event: 2.141 Thread 0x000002037d3dd510 Thread exited: 0x000002037d3dd510


Dynamic libraries:
0x00007ff624690000 - 0x00007ff62469e000 	C:\Program Files\Eclipse Adoptium\jdk-17.0.17.10-hotspot\bin\java.exe
0x00007fff43b50000 - 0x00007fff43d48000 	C:\Windows\SYSTEM32\ntdll.dll
0x00007fff427b0000 - 0x00007fff42872000 	C:\Windows\System32\KERNEL32.DLL
0x00007fff414c0000 - 0x00007fff417b6000 	C:\Windows\System32\KERNELBASE.dll
0x00007fff417c0000 - 0x00007fff418c0000 	C:\Windows\System32\ucrtbase.dll
0x00007fff2d510000 - 0x00007fff2d528000 	C:\Program Files\Eclipse Adoptium\jdk-17.0.17.10-hotspot\bin\jli.dll
0x00007fff41fe0000 - 0x00007fff42181000 	C:\Windows\System32\USER32.dll
0x00007fff2d4f0000 - 0x00007fff2d50e000 	C:\Program Files\Eclipse Adoptium\jdk-17.0.17.10-hotspot\bin\VCRUNTIME140.dll
0x00007fff2aea0000 - 0x00007fff2b13b000 	C:\Windows\WinSxS\amd64_microsoft.windows.common-controls_6595b64144ccf1df_6.0.19041.6456_none_60b8a6cb71f64256\COMCTL32.dll
0x00007fff41b10000 - 0x00007fff41b32000 	C:\Windows\System32\win32u.dll
0x00007fff42190000 - 0x00007fff4222e000 	C:\Windows\System32\msvcrt.dll
0x00007fff41d10000 - 0x00007fff41d3b000 	C:\Windows\System32\GDI32.dll
0x00007fff418c0000 - 0x00007fff419d9000 	C:\Windows\System32\gdi32full.dll
0x00007fff41390000 - 0x00007fff4142d000 	C:\Windows\System32\msvcp_win.dll
0x00007fff435e0000 - 0x00007fff4360f000 	C:\Windows\System32\IMM32.DLL
0x00007fff2e0c0000 - 0x00007fff2e0cc000 	C:\Program Files\Eclipse Adoptium\jdk-17.0.17.10-hotspot\bin\vcruntime140_1.dll
0x00007fff04a40000 - 0x00007fff04acd000 	C:\Program Files\Eclipse Adoptium\jdk-17.0.17.10-hotspot\bin\msvcp140.dll
0x00007ffedd550000 - 0x00007ffede1bb000 	C:\Program Files\Eclipse Adoptium\jdk-17.0.17.10-hotspot\bin\server\jvm.dll
0x00007fff41b80000 - 0x00007fff41c31000 	C:\Windows\System32\ADVAPI32.dll
0x00007fff41ec0000 - 0x00007fff41f5f000 	C:\Windows\System32\sechost.dll
0x00007fff425f0000 - 0x00007fff42710000 	C:\Windows\System32\RPCRT4.dll
0x00007fff41b40000 - 0x00007fff41b67000 	C:\Windows\System32\bcrypt.dll
0x00007fff42720000 - 0x00007fff4278b000 	C:\Windows\System32\WS2_32.dll
0x00007fff32e90000 - 0x00007fff32eb7000 	C:\Windows\SYSTEM32\WINMM.dll
0x00007fff40780000 - 0x00007fff407cb000 	C:\Windows\SYSTEM32\POWRPROF.dll
0x00007fff39650000 - 0x00007fff3965a000 	C:\Windows\SYSTEM32\VERSION.dll
0x00007fff405e0000 - 0x00007fff405f2000 	C:\Windows\SYSTEM32\UMPDC.dll
0x00007fff3f9e0000 - 0x00007fff3f9f2000 	C:\Windows\SYSTEM32\kernel.appcore.dll
0x00007fff2dee0000 - 0x00007fff2deea000 	C:\Program Files\Eclipse Adoptium\jdk-17.0.17.10-hotspot\bin\jimage.dll
0x00007fff3f6c0000 - 0x00007fff3f8c1000 	C:\Windows\SYSTEM32\DBGHELP.DLL
0x00007fff313c0000 - 0x00007fff313f4000 	C:\Windows\SYSTEM32\dbgcore.DLL
0x00007fff41430000 - 0x00007fff414b2000 	C:\Windows\System32\bcryptPrimitives.dll
0x00007fff2d2c0000 - 0x00007fff2d2e5000 	C:\Program Files\Eclipse Adoptium\jdk-17.0.17.10-hotspot\bin\java.dll
0x00007ffef4760000 - 0x00007ffef4837000 	C:\Program Files\Eclipse Adoptium\jdk-17.0.17.10-hotspot\bin\jsvml.dll
0x00007fff428f0000 - 0x00007fff43060000 	C:\Windows\System32\SHELL32.dll
0x00007fff3ee50000 - 0x00007fff3f5f5000 	C:\Windows\SYSTEM32\windows.storage.dll
0x00007fff42230000 - 0x00007fff42584000 	C:\Windows\System32\combase.dll
0x00007fff40c10000 - 0x00007fff40c3b000 	C:\Windows\SYSTEM32\Wldp.dll
0x00007fff41c40000 - 0x00007fff41d0d000 	C:\Windows\System32\OLEAUT32.dll
0x00007fff43190000 - 0x00007fff4323d000 	C:\Windows\System32\SHCORE.dll
0x00007fff42890000 - 0x00007fff428eb000 	C:\Windows\System32\shlwapi.dll
0x00007fff41110000 - 0x00007fff41134000 	C:\Windows\SYSTEM32\profapi.dll
0x00007fff2d490000 - 0x00007fff2d4aa000 	C:\Program Files\Eclipse Adoptium\jdk-17.0.17.10-hotspot\bin\net.dll
0x00007fff3ae20000 - 0x00007fff3af2a000 	C:\Windows\SYSTEM32\WINHTTP.dll
0x00007fff40970000 - 0x00007fff409da000 	C:\Windows\system32\mswsock.dll
0x00007fff2d3c0000 - 0x00007fff2d3d6000 	C:\Program Files\Eclipse Adoptium\jdk-17.0.17.10-hotspot\bin\nio.dll
0x00007fff2bd80000 - 0x00007fff2bd98000 	C:\Program Files\Eclipse Adoptium\jdk-17.0.17.10-hotspot\bin\zip.dll
0x00007fff2dcb0000 - 0x00007fff2dcc0000 	C:\Program Files\Eclipse Adoptium\jdk-17.0.17.10-hotspot\bin\verify.dll
0x00007fff2c050000 - 0x00007fff2c05a000 	C:\Program Files\Eclipse Adoptium\jdk-17.0.17.10-hotspot\bin\management.dll
0x00007fff2bd70000 - 0x00007fff2bd7c000 	C:\Program Files\Eclipse Adoptium\jdk-17.0.17.10-hotspot\bin\management_ext.dll
0x00007fff42710000 - 0x00007fff42718000 	C:\Windows\System32\PSAPI.DLL
0x00007fff2b330000 - 0x00007fff2b357000 	C:\Users\Yiðit Enes\.gradle\native\1def1411415f61bf3af743bc5b6707747c0891f09f0c88961ee8f79bc544acac\windows-amd64\native-platform.dll
0x00007fff2bd60000 - 0x00007fff2bd6a000 	C:\Users\Yiðit Enes\.gradle\native\jansi\1.18\windows64\jansi.dll
0x00007fff40600000 - 0x00007fff4063b000 	C:\Windows\SYSTEM32\IPHLPAPI.DLL
0x00007fff41b70000 - 0x00007fff41b78000 	C:\Windows\System32\NSI.dll
0x00007fff39950000 - 0x00007fff39967000 	C:\Windows\SYSTEM32\dhcpcsvc6.DLL
0x00007fff39910000 - 0x00007fff3992d000 	C:\Windows\SYSTEM32\dhcpcsvc.DLL
0x00007fff40650000 - 0x00007fff4071a000 	C:\Windows\SYSTEM32\DNSAPI.dll
0x00007fff2bd50000 - 0x00007fff2bd59000 	C:\Program Files\Eclipse Adoptium\jdk-17.0.17.10-hotspot\bin\extnet.dll
0x00007fff40b60000 - 0x00007fff40b78000 	C:\Windows\SYSTEM32\CRYPTSP.dll
0x00007fff40220000 - 0x00007fff40258000 	C:\Windows\system32\rsaenh.dll
0x00007fff41090000 - 0x00007fff410be000 	C:\Windows\SYSTEM32\USERENV.dll
0x00007fff40b80000 - 0x00007fff40b8c000 	C:\Windows\SYSTEM32\CRYPTBASE.dll
0x00007fff2aaa0000 - 0x00007fff2aaae000 	C:\Program Files\Eclipse Adoptium\jdk-17.0.17.10-hotspot\bin\sunmscapi.dll
0x00007fff411e0000 - 0x00007fff4133d000 	C:\Windows\System32\CRYPT32.dll
0x00007fff40c80000 - 0x00007fff40ca7000 	C:\Windows\SYSTEM32\ncrypt.dll
0x00007fff40c40000 - 0x00007fff40c7b000 	C:\Windows\SYSTEM32\NTASN1.dll
0x00007fff379a0000 - 0x00007fff379a7000 	C:\Windows\system32\wshunix.dll

dbghelp: loaded successfully - version: 4.0.5 - missing functions: none
symbol engine: initialized successfully - sym options: 0x614 - pdb path: .;C:\Program Files\Eclipse Adoptium\jdk-17.0.17.10-hotspot\bin;C:\Windows\SYSTEM32;C:\Windows\WinSxS\amd64_microsoft.windows.common-controls_6595b64144ccf1df_6.0.19041.6456_none_60b8a6cb71f64256;C:\Program Files\Eclipse Adoptium\jdk-17.0.17.10-hotspot\bin\server;C:\Users\Yiðit Enes\.gradle\native\1def1411415f61bf3af743bc5b6707747c0891f09f0c88961ee8f79bc544acac\windows-amd64;C:\Users\Yiðit Enes\.gradle\native\jansi\1.18\windows64

VM Arguments:
jvm_args: -Xmx64m -Xms64m -Dorg.gradle.appname=gradlew 
java_command: C:\apps\Restaurant_App\RestaurantAPI\\gradle\wrapper\gradle-wrapper.jar bootRun
java_class_path (initial): C:\apps\Restaurant_App\RestaurantAPI\\gradle\wrapper\gradle-wrapper.jar
Launcher Type: SUN_STANDARD

[Global flags]
     intx CICompilerCount                          = 4                                         {product} {ergonomic}
     uint ConcGCThreads                            = 3                                         {product} {ergonomic}
     uint G1ConcRefinementThreads                  = 10                                        {product} {ergonomic}
   size_t G1HeapRegionSize                         = 1048576                                   {product} {ergonomic}
    uintx GCDrainStackTargetSize                   = 64                                        {product} {ergonomic}
   size_t InitialHeapSize                          = 67108864                                  {product} {command line}
   size_t MarkStackSize                            = 4194304                                   {product} {ergonomic}
   size_t MaxHeapSize                              = 67108864                                  {product} {command line}
   size_t MaxNewSize                               = 39845888                                  {product} {ergonomic}
   size_t MinHeapDeltaBytes                        = 1048576                                   {product} {ergonomic}
   size_t MinHeapSize                              = 67108864                                  {product} {command line}
    uintx NonNMethodCodeHeapSize                   = 5839372                                {pd product} {ergonomic}
    uintx NonProfiledCodeHeapSize                  = 122909434                              {pd product} {ergonomic}
    uintx ProfiledCodeHeapSize                     = 122909434                              {pd product} {ergonomic}
    uintx ReservedCodeCacheSize                    = 251658240                              {pd product} {ergonomic}
     bool SegmentedCodeCache                       = true                                      {product} {ergonomic}
   size_t SoftMaxHeapSize                          = 67108864                               {manageable} {ergonomic}
     bool UseCompressedClassPointers               = true                           {product lp64_product} {ergonomic}
     bool UseCompressedOops                        = true                           {product lp64_product} {ergonomic}
     bool UseG1GC                                  = true                                      {product} {ergonomic}
     bool UseLargePagesIndividualAllocation        = false                                  {pd product} {ergonomic}

Logging:
Log output configuration:
 #0: stdout all=warning uptime,level,tags
 #1: stderr all=off uptime,level,tags

Environment Variables:
PATH=C:\Program Files\Eclipse Adoptium\jdk-17.0.17.10-hotspot\bin;C:\Program Files\Microsoft\jdk-11.0.16.101-hotspot\bin;C:\Windows\system32;C:\Windows;C:\Windows\System32\Wbem;C:\Windows\System32\WindowsPowerShell\v1.0\;C:\Windows\System32\OpenSSH\;C:\Program Files (x86)\NVIDIA Corporation\PhysX\Common;C:\Program Files\dotnet\;C:\Program Files\Git\cmd;C:\Program Files\NVIDIA Corporation\NVIDIA app\NvDLISR;C:\MinGW\bin;C:\Program Files\MySQL\MySQL Shell 8.0\bin\;C:\Users\Yiðit Enes\AppData\Local\Microsoft\WindowsApps;C:\Users\Yiðit Enes\AppData\Local\Programs\Microsoft VS Code\bin;C:\Users\Yiðit Enes\AppData\Local\Microsoft\WinGet\Links;
USERNAME=yigit_E
OS=Windows_NT
PROCESSOR_IDENTIFIER=Intel64 Family 6 Model 141 Stepping 1, GenuineIntel
TMP=C:\Users\YIITEN~1\AppData\Local\Temp
TEMP=C:\Users\YIITEN~1\AppData\Local\Temp



Periodic native trim disabled


---------------  S Y S T E M  ---------------

OS:
 Windows 10 , 64 bit Build 19041 (10.0.19041.5915)
OS uptime: 10 days 18:21 hours

CPU: total 12 (initial active 12) (6 cores per cpu, 2 threads per core) family 6 model 141 stepping 1 microcode 0x34, cx8, cmov, fxsr, ht, mmx, 3dnowpref, sse, sse2, sse3, ssse3, sse4.1, sse4.2, popcnt, lzcnt, tsc, tscinvbit, avx, avx2, aes, erms, clmul, bmi1, bmi2, adx, avx512f, avx512dq, avx512cd, avx512bw, avx512vl, sha, fma, vzeroupper, avx512_vpopcntdq, avx512_vpclmulqdq, avx512_vaes, avx512_vnni, clflush, clflushopt, clwb, avx512_vbmi2, avx512_vbmi
Processor Information for all 12 processors :
  Max Mhz: 2688, Current Mhz: 2688, Mhz Limit: 2688

Memory: 4k page, system-wide physical 7963M (305M free)
TotalPageFile size 16155M (AvailPageFile size 0M)
current process WorkingSet (physical memory assigned to process): 24M, peak: 108M
current process commit charge ("private bytes"): 173M, peak: 176M

vm_info: OpenJDK 64-Bit Server VM (17.0.17+10) for windows-amd64 JRE (17.0.17+10), built on Oct 21 2025 23:25:32 by "admin" with unknown MS VC++:1942

END.
