#
# There is insufficient memory for the Java Runtime Environment to continue.
# Native memory allocation (malloc) failed to allocate 1153616 bytes. Error detail: Chunk::new
# Possible reasons:
#   The system is out of physical RAM or swap space
#   This process is running with CompressedOops enabled, and the Java Heap may be blocking the growth of the native heap
# Possible solutions:
#   Reduce memory load on the system
#   Increase physical memory or swap space
#   Check if swap backing store is full
#   Decrease Java heap size (-Xmx/-Xms)
#   Decrease number of Java threads
#   Decrease Java thread stack sizes (-Xss)
#   Set larger code cache with -XX:ReservedCodeCacheSize=
#   JVM is running with Unscaled Compressed Oops mode in which the Java heap is
#     placed in the first 4GB address space. The Java Heap base address is the
#     maximum limit for the native heap growth. Please use -XX:HeapBaseMinAddress
#     to set the Java Heap base and to place the Java Heap above 4GB virtual address.
# This output file may be truncated or incomplete.
#
#  Out of Memory Error (arena.cpp:191), pid=2020, tid=3916
#
# JRE version: OpenJDK Runtime Environment JBR-17.0.14+1-1367.22-nomod (17.0.14+1) (build 17.0.14+1-b1367.22)
# Java VM: OpenJDK 64-Bit Server VM JBR-17.0.14+1-1367.22-nomod (17.0.14+1-b1367.22, mixed mode, sharing, tiered, compressed oops, compressed class ptrs, g1 gc, windows-amd64)
# No core dump will be written. Minidumps are not enabled by default on client versions of Windows
#

---------------  S U M M A R Y ------------

Command Line: --add-opens=java.base/java.lang=ALL-UNNAMED --add-opens=java.base/java.lang.invoke=ALL-UNNAMED --add-opens=java.base/java.util=ALL-UNNAMED --add-opens=java.prefs/java.util.prefs=ALL-UNNAMED --add-exports=jdk.compiler/com.sun.tools.javac.api=ALL-UNNAMED --add-exports=jdk.compiler/com.sun.tools.javac.util=ALL-UNNAMED --add-opens=java.base/java.util=ALL-UNNAMED --add-opens=java.prefs/java.util.prefs=ALL-UNNAMED --add-opens=java.base/java.nio.charset=ALL-UNNAMED --add-opens=java.base/java.net=ALL-UNNAMED --add-opens=java.base/java.util.concurrent.atomic=ALL-UNNAMED --add-opens=java.xml/javax.xml.namespace=ALL-UNNAMED -Xmx2048m -Dfile.encoding=UTF-8 -Duser.country=TR -Duser.language=tr -Duser.variant -javaagent:C:\Users\Yiðit Enes\wrapper\dists\gradle-8.13-bin\5xuhj0ry160q40clulazy9h7d\gradle-8.13\lib\agents\gradle-instrumentation-agent-8.13.jar org.gradle.launcher.daemon.bootstrap.GradleDaemon 8.13

Host: 11th Gen Intel(R) Core(TM) i5-11400H @ 2.70GHz, 12 cores, 7G,  Windows 10 , 64 bit Build 19041 (10.0.19041.5915)
Time: Wed Dec 24 00:34:46 2025 Türkiye Standart Saati elapsed time: 20.789354 seconds (0d 0h 0m 20s)

---------------  T H R E A D  ---------------

Current thread (0x000001c47ee02db0):  JavaThread "C2 CompilerThread0" daemon [_thread_in_native, id=3916, stack(0x00000093a3b00000,0x00000093a3c00000)]


Current CompileTask:
C2:  20789 4308 % !   4       java.util.jar.Attributes::read @ 214 (494 bytes)

Stack: [0x00000093a3b00000,0x00000093a3c00000]
Native frames: (J=compiled Java code, j=interpreted, Vv=VM code, C=native code)
V  [jvm.dll+0x68b969]


---------------  P R O C E S S  ---------------

Threads class SMR info:
_java_thread_list=0x000001c45f91b1a0, length=43, elements={
0x000001c4778ae740, 0x000001c47ede1140, 0x000001c47ede1c10, 0x000001c47edfc570,
0x000001c47edfef50, 0x000001c47edff820, 0x000001c47ee000f0, 0x000001c47ee02db0,
0x000001c47ee05780, 0x000001c47ee15790, 0x000001c47edc9920, 0x000001c47f23bef0,
0x000001c45dcc4cc0, 0x000001c45df53650, 0x000001c45df524f0, 0x000001c45d8fb140,
0x000001c47f2b70a0, 0x000001c45e60e9f0, 0x000001c45e60c170, 0x000001c45e60ef00,
0x000001c45e60dfd0, 0x000001c45e60dac0, 0x000001c45e60f410, 0x000001c45e60c680,
0x000001c45e60d0a0, 0x000001c45efc6bc0, 0x000001c45efc3920, 0x000001c45efc61a0,
0x000001c45efc4850, 0x000001c45efc5780, 0x000001c45efc4d60, 0x000001c45efc7af0,
0x000001c45efc9e60, 0x000001c45efc75e0, 0x000001c45efc5270, 0x000001c45efc8a20,
0x000001c45efc8000, 0x000001c45efc8510, 0x000001c45efc70d0, 0x000001c45efc8f30,
0x000001c45efc9440, 0x000001c45efc5c90, 0x000001c45efca370
}

Java Threads: ( => current thread )
  0x000001c4778ae740 JavaThread "main" [_thread_blocked, id=3344, stack(0x00000093a2e00000,0x00000093a2f00000)]
  0x000001c47ede1140 JavaThread "Reference Handler" daemon [_thread_blocked, id=14916, stack(0x00000093a3500000,0x00000093a3600000)]
  0x000001c47ede1c10 JavaThread "Finalizer" daemon [_thread_blocked, id=8948, stack(0x00000093a3600000,0x00000093a3700000)]
  0x000001c47edfc570 JavaThread "Signal Dispatcher" daemon [_thread_blocked, id=14652, stack(0x00000093a3700000,0x00000093a3800000)]
  0x000001c47edfef50 JavaThread "Attach Listener" daemon [_thread_blocked, id=21016, stack(0x00000093a3800000,0x00000093a3900000)]
  0x000001c47edff820 JavaThread "Service Thread" daemon [_thread_blocked, id=22388, stack(0x00000093a3900000,0x00000093a3a00000)]
  0x000001c47ee000f0 JavaThread "Monitor Deflation Thread" daemon [_thread_blocked, id=19080, stack(0x00000093a3a00000,0x00000093a3b00000)]
=>0x000001c47ee02db0 JavaThread "C2 CompilerThread0" daemon [_thread_in_native, id=3916, stack(0x00000093a3b00000,0x00000093a3c00000)]
  0x000001c47ee05780 JavaThread "C1 CompilerThread0" daemon [_thread_blocked, id=3856, stack(0x00000093a3c00000,0x00000093a3d00000)]
  0x000001c47ee15790 JavaThread "Sweeper thread" daemon [_thread_blocked, id=8964, stack(0x00000093a3d00000,0x00000093a3e00000)]
  0x000001c47edc9920 JavaThread "Common-Cleaner" daemon [_thread_blocked, id=22980, stack(0x00000093a3e00000,0x00000093a3f00000)]
  0x000001c47f23bef0 JavaThread "Notification Thread" daemon [_thread_blocked, id=12712, stack(0x00000093a3f00000,0x00000093a4000000)]
  0x000001c45dcc4cc0 JavaThread "Daemon health stats" [_thread_blocked, id=19952, stack(0x00000093a4600000,0x00000093a4700000)]
  0x000001c45df53650 JavaThread "Incoming local TCP Connector on port 59165" [_thread_in_native, id=8236, stack(0x00000093a4700000,0x00000093a4800000)]
  0x000001c45df524f0 JavaThread "Daemon periodic checks" [_thread_blocked, id=3768, stack(0x00000093a4800000,0x00000093a4900000)]
  0x000001c45d8fb140 JavaThread "Daemon" [_thread_blocked, id=12340, stack(0x00000093a4900000,0x00000093a4a00000)]
  0x000001c47f2b70a0 JavaThread "Handler for socket connection from /127.0.0.1:59165 to /127.0.0.1:59171" [_thread_in_native, id=7936, stack(0x00000093a4a00000,0x00000093a4b00000)]
  0x000001c45e60e9f0 JavaThread "Cancel handler" [_thread_blocked, id=4812, stack(0x00000093a4b00000,0x00000093a4c00000)]
  0x000001c45e60c170 JavaThread "Daemon worker" [_thread_in_vm, id=15968, stack(0x00000093a4c00000,0x00000093a4d00000)]
  0x000001c45e60ef00 JavaThread "Asynchronous log dispatcher for DefaultDaemonConnection: socket connection from /127.0.0.1:59165 to /127.0.0.1:59171" [_thread_blocked, id=9380, stack(0x00000093a4d00000,0x00000093a4e00000)]
  0x000001c45e60dfd0 JavaThread "Stdin handler" [_thread_blocked, id=23108, stack(0x00000093a4e00000,0x00000093a4f00000)]
  0x000001c45e60dac0 JavaThread "Daemon client event forwarder" [_thread_blocked, id=20756, stack(0x00000093a4f00000,0x00000093a5000000)]
  0x000001c45e60f410 JavaThread "Cache worker for journal cache (C:\Users\YiÄŸit Enes\caches\journal-1)" [_thread_blocked, id=19440, stack(0x00000093a5000000,0x00000093a5100000)]
  0x000001c45e60c680 JavaThread "File lock request listener" [_thread_in_native, id=2888, stack(0x00000093a5100000,0x00000093a5200000)]
  0x000001c45e60d0a0 JavaThread "Cache worker for file hash cache (C:\Users\YiÄŸit Enes\caches\8.13\fileHashes)" [_thread_blocked, id=17720, stack(0x00000093a4300000,0x00000093a4400000)]
  0x000001c45efc6bc0 JavaThread "Cache worker for file hash cache (C:\apps\RestaurantAPI\.gradle\8.13\fileHashes)" [_thread_blocked, id=19756, stack(0x00000093a5900000,0x00000093a5a00000)]
  0x000001c45efc3920 JavaThread "Cache worker for Build Output Cleanup Cache (C:\apps\RestaurantAPI\.gradle\buildOutputCleanup)" [_thread_blocked, id=16708, stack(0x00000093a5a00000,0x00000093a5b00000)]
  0x000001c45efc61a0 JavaThread "File watcher server" daemon [_thread_in_native, id=7600, stack(0x00000093a5b00000,0x00000093a5c00000)]
  0x000001c45efc4850 JavaThread "File watcher consumer" daemon [_thread_blocked, id=7728, stack(0x00000093a5c00000,0x00000093a5d00000)]
  0x000001c45efc5780 JavaThread "jar transforms" [_thread_blocked, id=10064, stack(0x00000093a5d00000,0x00000093a5e00000)]
  0x000001c45efc4d60 JavaThread "jar transforms Thread 2" [_thread_blocked, id=18508, stack(0x00000093a5e00000,0x00000093a5f00000)]
  0x000001c45efc7af0 JavaThread "jar transforms Thread 3" [_thread_blocked, id=14788, stack(0x00000093a5f00000,0x00000093a6000000)]
  0x000001c45efc9e60 JavaThread "jar transforms Thread 4" [_thread_blocked, id=8800, stack(0x00000093a6000000,0x00000093a6100000)]
  0x000001c45efc75e0 JavaThread "jar transforms Thread 5" [_thread_blocked, id=3128, stack(0x00000093a6100000,0x00000093a6200000)]
  0x000001c45efc5270 JavaThread "jar transforms Thread 6" [_thread_blocked, id=22928, stack(0x00000093a6200000,0x00000093a6300000)]
  0x000001c45efc8a20 JavaThread "jar transforms Thread 7" [_thread_blocked, id=6788, stack(0x00000093a6300000,0x00000093a6400000)]
  0x000001c45efc8000 JavaThread "jar transforms Thread 8" [_thread_blocked, id=10056, stack(0x00000093a6400000,0x00000093a6500000)]
  0x000001c45efc8510 JavaThread "jar transforms Thread 9" [_thread_blocked, id=17388, stack(0x00000093a6500000,0x00000093a6600000)]
  0x000001c45efc70d0 JavaThread "jar transforms Thread 10" [_thread_blocked, id=22076, stack(0x00000093a6600000,0x00000093a6700000)]
  0x000001c45efc8f30 JavaThread "jar transforms Thread 11" [_thread_blocked, id=12836, stack(0x00000093a6700000,0x00000093a6800000)]
  0x000001c45efc9440 JavaThread "jar transforms Thread 12" [_thread_blocked, id=8084, stack(0x00000093a6800000,0x00000093a6900000)]
  0x000001c45efc5c90 JavaThread "Cache worker for checksums cache (C:\apps\RestaurantAPI\.gradle\8.13\checksums)" [_thread_blocked, id=2720, stack(0x00000093a6900000,0x00000093a6a00000)]
  0x000001c45efca370 JavaThread "Cache worker for file content cache (C:\Users\YiÄŸit Enes\caches\8.13\fileContent)" [_thread_blocked, id=22512, stack(0x00000093a6a00000,0x00000093a6b00000)]

Other Threads:
  0x000001c47edd8ce0 VMThread "VM Thread" [stack: 0x00000093a3400000,0x00000093a3500000] [id=11164]
  0x000001c4778af250 WatcherThread [stack: 0x00000093a4000000,0x00000093a4100000] [id=17804]
  0x000001c47790d520 GCTaskThread "GC Thread#0" [stack: 0x00000093a2f00000,0x00000093a3000000] [id=16776]
  0x000001c47f29d120 GCTaskThread "GC Thread#1" [stack: 0x00000093a4100000,0x00000093a4200000] [id=7792]
  0x000001c47f29dc20 GCTaskThread "GC Thread#2" [stack: 0x00000093a4200000,0x00000093a4300000] [id=10356]
  0x000001c47f29dee0 GCTaskThread "GC Thread#3" [stack: 0x00000093a4400000,0x00000093a4500000] [id=21836]
  0x000001c47f29c360 GCTaskThread "GC Thread#4" [stack: 0x00000093a4500000,0x00000093a4600000] [id=2372]
  0x000001c47f29cba0 GCTaskThread "GC Thread#5" [stack: 0x00000093a5200000,0x00000093a5300000] [id=9144]
  0x000001c47f29ce60 GCTaskThread "GC Thread#6" [stack: 0x00000093a5300000,0x00000093a5400000] [id=10252]
  0x000001c47f29d3e0 GCTaskThread "GC Thread#7" [stack: 0x00000093a5400000,0x00000093a5500000] [id=6824]
  0x000001c45f0771a0 GCTaskThread "GC Thread#8" [stack: 0x00000093a5500000,0x00000093a5600000] [id=13760]
  0x000001c45f076c20 GCTaskThread "GC Thread#9" [stack: 0x00000093a5600000,0x00000093a5700000] [id=4436]
  0x000001c47791e220 ConcurrentGCThread "G1 Main Marker" [stack: 0x00000093a3000000,0x00000093a3100000] [id=8404]
  0x000001c47791f190 ConcurrentGCThread "G1 Conc#0" [stack: 0x00000093a3100000,0x00000093a3200000] [id=9016]
  0x000001c45f0766a0 ConcurrentGCThread "G1 Conc#1" [stack: 0x00000093a5700000,0x00000093a5800000] [id=22604]
  0x000001c45f077460 ConcurrentGCThread "G1 Conc#2" [stack: 0x00000093a5800000,0x00000093a5900000] [id=19352]
  0x000001c47796e3d0 ConcurrentGCThread "G1 Refine#0" [stack: 0x00000093a3200000,0x00000093a3300000] [id=2568]
  0x000001c47796ebb0 ConcurrentGCThread "G1 Service" [stack: 0x00000093a3300000,0x00000093a3400000] [id=10172]

Threads with active compile tasks:
C2 CompilerThread0    20869 4308 % !   4       java.util.jar.Attributes::read @ 214 (494 bytes)

VM state: not at safepoint (normal execution)

VM Mutex/Monitor currently owned by a thread: None

Heap address: 0x0000000080000000, size: 2048 MB, Compressed Oops mode: 32-bit

CDS archive(s) mapped at: [0x000001c415000000-0x000001c415c00000-0x000001c415c00000), size 12582912, SharedBaseAddress: 0x000001c415000000, ArchiveRelocationMode: 1.
Compressed class space mapped at: 0x000001c416000000-0x000001c456000000, reserved size: 1073741824
Narrow klass base: 0x000001c415000000, Narrow klass shift: 0, Narrow klass range: 0x100000000

GC Precious Log:
 CPUs: 12 total, 12 available
 Memory: 7963M
 Large Page Support: Disabled
 NUMA Support: Disabled
 Compressed Oops: Enabled (32-bit)
 Heap Region Size: 1M
 Heap Min Capacity: 8M
 Heap Initial Capacity: 126M
 Heap Max Capacity: 2G
 Pre-touch: Disabled
 Parallel Workers: 10
 Concurrent Workers: 3
 Concurrent Refinement Workers: 10
 Periodic GC: Disabled

Heap:
 garbage-first heap   total 182272K, used 93585K [0x0000000080000000, 0x0000000100000000)
  region size 1024K, 25 young (25600K), 3 survivors (3072K)
 Metaspace       used 38088K, committed 38592K, reserved 1114112K
  class space    used 5463K, committed 5696K, reserved 1048576K

Heap Regions: E=young(eden), S=young(survivor), O=old, HS=humongous(starts), HC=humongous(continues), CS=collection set, F=free, OA=open archive, CA=closed archive, TAMS=top-at-mark-start (previous, next)
|   0|0x0000000080000000, 0x0000000080100000, 0x0000000080100000|100%|HS|  |TAMS 0x0000000080100000, 0x0000000080100000| Complete 
|   1|0x0000000080100000, 0x0000000080200000, 0x0000000080200000|100%|HC|  |TAMS 0x0000000080200000, 0x0000000080200000| Complete 
|   2|0x0000000080200000, 0x0000000080300000, 0x0000000080300000|100%|HC|  |TAMS 0x0000000080300000, 0x0000000080300000| Complete 
|   3|0x0000000080300000, 0x0000000080400000, 0x0000000080400000|100%| O|  |TAMS 0x0000000080400000, 0x0000000080400000| Untracked 
|   4|0x0000000080400000, 0x0000000080500000, 0x0000000080500000|100%| O|  |TAMS 0x0000000080500000, 0x0000000080500000| Untracked 
|   5|0x0000000080500000, 0x0000000080600000, 0x0000000080600000|100%| O|  |TAMS 0x0000000080600000, 0x0000000080600000| Untracked 
|   6|0x0000000080600000, 0x0000000080700000, 0x0000000080700000|100%|HS|  |TAMS 0x0000000080700000, 0x0000000080700000| Complete 
|   7|0x0000000080700000, 0x0000000080800000, 0x0000000080800000|100%| O|  |TAMS 0x0000000080800000, 0x0000000080800000| Untracked 
|   8|0x0000000080800000, 0x0000000080900000, 0x0000000080900000|100%| O|  |TAMS 0x0000000080900000, 0x0000000080900000| Untracked 
|   9|0x0000000080900000, 0x0000000080a00000, 0x0000000080a00000|100%| O|  |TAMS 0x0000000080a00000, 0x0000000080a00000| Untracked 
|  10|0x0000000080a00000, 0x0000000080b00000, 0x0000000080b00000|100%| O|  |TAMS 0x0000000080b00000, 0x0000000080b00000| Untracked 
|  11|0x0000000080b00000, 0x0000000080c00000, 0x0000000080c00000|100%| O|  |TAMS 0x0000000080c00000, 0x0000000080c00000| Untracked 
|  12|0x0000000080c00000, 0x0000000080d00000, 0x0000000080d00000|100%| O|  |TAMS 0x0000000080d00000, 0x0000000080d00000| Untracked 
|  13|0x0000000080d00000, 0x0000000080e00000, 0x0000000080e00000|100%| O|  |TAMS 0x0000000080e00000, 0x0000000080e00000| Untracked 
|  14|0x0000000080e00000, 0x0000000080f00000, 0x0000000080f00000|100%| O|  |TAMS 0x0000000080f00000, 0x0000000080f00000| Untracked 
|  15|0x0000000080f00000, 0x0000000081000000, 0x0000000081000000|100%|HS|  |TAMS 0x0000000081000000, 0x0000000081000000| Complete 
|  16|0x0000000081000000, 0x0000000081100000, 0x0000000081100000|100%|HS|  |TAMS 0x0000000081100000, 0x0000000081100000| Complete 
|  17|0x0000000081100000, 0x0000000081200000, 0x0000000081200000|100%|HC|  |TAMS 0x0000000081200000, 0x0000000081200000| Complete 
|  18|0x0000000081200000, 0x0000000081300000, 0x0000000081300000|100%|HC|  |TAMS 0x0000000081300000, 0x0000000081300000| Complete 
|  19|0x0000000081300000, 0x0000000081400000, 0x0000000081400000|100%|HC|  |TAMS 0x0000000081400000, 0x0000000081400000| Complete 
|  20|0x0000000081400000, 0x0000000081500000, 0x0000000081500000|100%|HC|  |TAMS 0x0000000081500000, 0x0000000081500000| Complete 
|  21|0x0000000081500000, 0x0000000081600000, 0x0000000081600000|100%|HC|  |TAMS 0x0000000081600000, 0x0000000081600000| Complete 
|  22|0x0000000081600000, 0x0000000081700000, 0x0000000081700000|100%|HS|  |TAMS 0x0000000081700000, 0x0000000081700000| Complete 
|  23|0x0000000081700000, 0x0000000081800000, 0x0000000081800000|100%|HS|  |TAMS 0x0000000081800000, 0x0000000081800000| Complete 
|  24|0x0000000081800000, 0x0000000081900000, 0x0000000081900000|100%|HC|  |TAMS 0x0000000081900000, 0x0000000081900000| Complete 
|  25|0x0000000081900000, 0x0000000081a00000, 0x0000000081a00000|100%|HC|  |TAMS 0x0000000081a00000, 0x0000000081a00000| Complete 
|  26|0x0000000081a00000, 0x0000000081b00000, 0x0000000081b00000|100%|HC|  |TAMS 0x0000000081b00000, 0x0000000081b00000| Complete 
|  27|0x0000000081b00000, 0x0000000081c00000, 0x0000000081c00000|100%|HS|  |TAMS 0x0000000081c00000, 0x0000000081c00000| Complete 
|  28|0x0000000081c00000, 0x0000000081d00000, 0x0000000081d00000|100%|HC|  |TAMS 0x0000000081d00000, 0x0000000081d00000| Complete 
|  29|0x0000000081d00000, 0x0000000081e00000, 0x0000000081e00000|100%| O|  |TAMS 0x0000000081e00000, 0x0000000081e00000| Untracked 
|  30|0x0000000081e00000, 0x0000000081f00000, 0x0000000081f00000|100%| O|  |TAMS 0x0000000081f00000, 0x0000000081f00000| Untracked 
|  31|0x0000000081f00000, 0x0000000082000000, 0x0000000082000000|100%| O|  |TAMS 0x0000000082000000, 0x0000000082000000| Untracked 
|  32|0x0000000082000000, 0x0000000082100000, 0x0000000082100000|100%| O|  |TAMS 0x0000000082100000, 0x0000000082100000| Untracked 
|  33|0x0000000082100000, 0x0000000082200000, 0x0000000082200000|100%| O|  |TAMS 0x0000000082200000, 0x0000000082200000| Untracked 
|  34|0x0000000082200000, 0x0000000082300000, 0x0000000082300000|100%| O|  |TAMS 0x0000000082300000, 0x0000000082300000| Untracked 
|  35|0x0000000082300000, 0x0000000082400000, 0x0000000082400000|100%| O|  |TAMS 0x0000000082400000, 0x0000000082400000| Untracked 
|  36|0x0000000082400000, 0x0000000082500000, 0x0000000082500000|100%| O|  |TAMS 0x0000000082500000, 0x0000000082500000| Untracked 
|  37|0x0000000082500000, 0x0000000082600000, 0x0000000082600000|100%|HS|  |TAMS 0x0000000082600000, 0x0000000082600000| Complete 
|  38|0x0000000082600000, 0x0000000082700000, 0x0000000082700000|100%|HC|  |TAMS 0x0000000082700000, 0x0000000082700000| Complete 
|  39|0x0000000082700000, 0x0000000082800000, 0x0000000082800000|100%|HC|  |TAMS 0x0000000082800000, 0x0000000082800000| Complete 
|  40|0x0000000082800000, 0x0000000082900000, 0x0000000082900000|100%|HC|  |TAMS 0x0000000082900000, 0x0000000082900000| Complete 
|  41|0x0000000082900000, 0x0000000082a00000, 0x0000000082a00000|100%|HC|  |TAMS 0x0000000082a00000, 0x0000000082a00000| Complete 
|  42|0x0000000082a00000, 0x0000000082b00000, 0x0000000082b00000|100%|HC|  |TAMS 0x0000000082b00000, 0x0000000082b00000| Complete 
|  43|0x0000000082b00000, 0x0000000082c00000, 0x0000000082c00000|100%| O|  |TAMS 0x0000000082c00000, 0x0000000082c00000| Untracked 
|  44|0x0000000082c00000, 0x0000000082d00000, 0x0000000082d00000|100%| O|  |TAMS 0x0000000082d00000, 0x0000000082d00000| Untracked 
|  45|0x0000000082d00000, 0x0000000082e00000, 0x0000000082e00000|100%| O|  |TAMS 0x0000000082e00000, 0x0000000082e00000| Untracked 
|  46|0x0000000082e00000, 0x0000000082f00000, 0x0000000082f00000|100%| O|  |TAMS 0x0000000082f00000, 0x0000000082f00000| Untracked 
|  47|0x0000000082f00000, 0x0000000083000000, 0x0000000083000000|100%|HS|  |TAMS 0x0000000083000000, 0x0000000083000000| Complete 
|  48|0x0000000083000000, 0x0000000083100000, 0x0000000083100000|100%|HS|  |TAMS 0x0000000083100000, 0x0000000083100000| Complete 
|  49|0x0000000083100000, 0x0000000083200000, 0x0000000083200000|100%|HC|  |TAMS 0x0000000083200000, 0x0000000083200000| Complete 
|  50|0x0000000083200000, 0x0000000083300000, 0x0000000083300000|100%|HC|  |TAMS 0x0000000083300000, 0x0000000083300000| Complete 
|  51|0x0000000083300000, 0x0000000083400000, 0x0000000083400000|100%|HC|  |TAMS 0x0000000083400000, 0x0000000083400000| Complete 
|  52|0x0000000083400000, 0x0000000083500000, 0x0000000083500000|100%|HS|  |TAMS 0x0000000083500000, 0x0000000083500000| Complete 
|  53|0x0000000083500000, 0x0000000083600000, 0x0000000083600000|100%|HC|  |TAMS 0x0000000083600000, 0x0000000083600000| Complete 
|  54|0x0000000083600000, 0x0000000083700000, 0x0000000083700000|100%|HS|  |TAMS 0x0000000083700000, 0x0000000083700000| Complete 
|  55|0x0000000083700000, 0x0000000083800000, 0x0000000083800000|100%| O|  |TAMS 0x0000000083800000, 0x0000000083800000| Untracked 
|  56|0x0000000083800000, 0x0000000083900000, 0x0000000083900000|100%| O|  |TAMS 0x000000008385e600, 0x0000000083900000| Untracked 
|  57|0x0000000083900000, 0x0000000083a00000, 0x0000000083a00000|100%| O|  |TAMS 0x0000000083900000, 0x0000000083a00000| Untracked 
|  58|0x0000000083a00000, 0x0000000083b00000, 0x0000000083b00000|100%| O|  |TAMS 0x0000000083a00000, 0x0000000083b00000| Untracked 
|  59|0x0000000083b00000, 0x0000000083c00000, 0x0000000083c00000|100%| O|  |TAMS 0x0000000083b00000, 0x0000000083b76200| Untracked 
|  60|0x0000000083c00000, 0x0000000083d00000, 0x0000000083d00000|100%| O|  |TAMS 0x0000000083c00000, 0x0000000083c00000| Untracked 
|  61|0x0000000083d00000, 0x0000000083e00000, 0x0000000083e00000|100%| O|  |TAMS 0x0000000083d00000, 0x0000000083d00000| Untracked 
|  62|0x0000000083e00000, 0x0000000083ed6400, 0x0000000083f00000| 83%| O|  |TAMS 0x0000000083e00000, 0x0000000083e00000| Untracked 
|  63|0x0000000083f00000, 0x0000000084000000, 0x0000000084000000|100%|HS|  |TAMS 0x0000000083f00000, 0x0000000083f00000| Complete 
|  64|0x0000000084000000, 0x0000000084100000, 0x0000000084100000|100%|HS|  |TAMS 0x0000000084000000, 0x0000000084000000| Complete 
|  65|0x0000000084100000, 0x0000000084200000, 0x0000000084200000|100%|HC|  |TAMS 0x0000000084100000, 0x0000000084100000| Complete 
|  66|0x0000000084200000, 0x0000000084300000, 0x0000000084300000|100%|HS|  |TAMS 0x0000000084200000, 0x0000000084200000| Complete 
|  67|0x0000000084300000, 0x0000000084400000, 0x0000000084400000|100%|HC|  |TAMS 0x0000000084300000, 0x0000000084300000| Complete 
|  68|0x0000000084400000, 0x0000000084400000, 0x0000000084500000|  0%| F|  |TAMS 0x0000000084400000, 0x0000000084400000| Untracked 
|  69|0x0000000084500000, 0x0000000084500000, 0x0000000084600000|  0%| F|  |TAMS 0x0000000084500000, 0x0000000084500000| Untracked 
|  70|0x0000000084600000, 0x0000000084600000, 0x0000000084700000|  0%| F|  |TAMS 0x0000000084600000, 0x0000000084600000| Untracked 
|  71|0x0000000084700000, 0x0000000084700000, 0x0000000084800000|  0%| F|  |TAMS 0x0000000084700000, 0x0000000084700000| Untracked 
|  72|0x0000000084800000, 0x0000000084800000, 0x0000000084900000|  0%| F|  |TAMS 0x0000000084800000, 0x0000000084800000| Untracked 
|  73|0x0000000084900000, 0x0000000084900000, 0x0000000084a00000|  0%| F|  |TAMS 0x0000000084900000, 0x0000000084900000| Untracked 
|  74|0x0000000084a00000, 0x0000000084a00000, 0x0000000084b00000|  0%| F|  |TAMS 0x0000000084a00000, 0x0000000084a00000| Untracked 
|  75|0x0000000084b00000, 0x0000000084b00000, 0x0000000084c00000|  0%| F|  |TAMS 0x0000000084b00000, 0x0000000084b00000| Untracked 
|  76|0x0000000084c00000, 0x0000000084c00000, 0x0000000084d00000|  0%| F|  |TAMS 0x0000000084c00000, 0x0000000084c00000| Untracked 
|  77|0x0000000084d00000, 0x0000000084d00000, 0x0000000084e00000|  0%| F|  |TAMS 0x0000000084d00000, 0x0000000084d00000| Untracked 
|  78|0x0000000084e00000, 0x0000000084e00000, 0x0000000084f00000|  0%| F|  |TAMS 0x0000000084e00000, 0x0000000084e00000| Untracked 
|  79|0x0000000084f00000, 0x0000000084f00000, 0x0000000085000000|  0%| F|  |TAMS 0x0000000084f00000, 0x0000000084f00000| Untracked 
|  80|0x0000000085000000, 0x0000000085000000, 0x0000000085100000|  0%| F|  |TAMS 0x0000000085000000, 0x0000000085000000| Untracked 
|  81|0x0000000085100000, 0x0000000085100000, 0x0000000085200000|  0%| F|  |TAMS 0x0000000085100000, 0x0000000085100000| Untracked 
|  82|0x0000000085200000, 0x0000000085200000, 0x0000000085300000|  0%| F|  |TAMS 0x0000000085200000, 0x0000000085200000| Untracked 
|  83|0x0000000085300000, 0x0000000085300000, 0x0000000085400000|  0%| F|  |TAMS 0x0000000085300000, 0x0000000085300000| Untracked 
|  84|0x0000000085400000, 0x0000000085400000, 0x0000000085500000|  0%| F|  |TAMS 0x0000000085400000, 0x0000000085400000| Untracked 
|  85|0x0000000085500000, 0x0000000085500000, 0x0000000085600000|  0%| F|  |TAMS 0x0000000085500000, 0x0000000085500000| Untracked 
|  86|0x0000000085600000, 0x0000000085600000, 0x0000000085700000|  0%| F|  |TAMS 0x0000000085600000, 0x0000000085600000| Untracked 
|  87|0x0000000085700000, 0x0000000085700000, 0x0000000085800000|  0%| F|  |TAMS 0x0000000085700000, 0x0000000085700000| Untracked 
|  88|0x0000000085800000, 0x0000000085800000, 0x0000000085900000|  0%| F|  |TAMS 0x0000000085800000, 0x0000000085800000| Untracked 
|  89|0x0000000085900000, 0x0000000085900000, 0x0000000085a00000|  0%| F|  |TAMS 0x0000000085900000, 0x0000000085900000| Untracked 
|  90|0x0000000085a00000, 0x0000000085a00000, 0x0000000085b00000|  0%| F|  |TAMS 0x0000000085a00000, 0x0000000085a00000| Untracked 
|  91|0x0000000085b00000, 0x0000000085b00000, 0x0000000085c00000|  0%| F|  |TAMS 0x0000000085b00000, 0x0000000085b00000| Untracked 
|  92|0x0000000085c00000, 0x0000000085c8e230, 0x0000000085d00000| 55%| S|CS|TAMS 0x0000000085c00000, 0x0000000085c00000| Complete 
|  93|0x0000000085d00000, 0x0000000085e00000, 0x0000000085e00000|100%| S|CS|TAMS 0x0000000085d00000, 0x0000000085d00000| Complete 
|  94|0x0000000085e00000, 0x0000000085f00000, 0x0000000085f00000|100%| S|CS|TAMS 0x0000000085e00000, 0x0000000085e00000| Complete 
|  95|0x0000000085f00000, 0x0000000085f00000, 0x0000000086000000|  0%| F|  |TAMS 0x0000000085f00000, 0x0000000085f00000| Untracked 
|  96|0x0000000086000000, 0x0000000086000000, 0x0000000086100000|  0%| F|  |TAMS 0x0000000086000000, 0x0000000086000000| Untracked 
|  97|0x0000000086100000, 0x0000000086100000, 0x0000000086200000|  0%| F|  |TAMS 0x0000000086100000, 0x0000000086100000| Untracked 
|  98|0x0000000086200000, 0x0000000086200000, 0x0000000086300000|  0%| F|  |TAMS 0x0000000086200000, 0x0000000086200000| Untracked 
|  99|0x0000000086300000, 0x0000000086300000, 0x0000000086400000|  0%| F|  |TAMS 0x0000000086300000, 0x0000000086300000| Untracked 
| 100|0x0000000086400000, 0x0000000086400000, 0x0000000086500000|  0%| F|  |TAMS 0x0000000086400000, 0x0000000086400000| Untracked 
| 101|0x0000000086500000, 0x0000000086500000, 0x0000000086600000|  0%| F|  |TAMS 0x0000000086500000, 0x0000000086500000| Untracked 
| 102|0x0000000086600000, 0x0000000086600000, 0x0000000086700000|  0%| F|  |TAMS 0x0000000086600000, 0x0000000086600000| Untracked 
| 103|0x0000000086700000, 0x0000000086700000, 0x0000000086800000|  0%| F|  |TAMS 0x0000000086700000, 0x0000000086700000| Untracked 
| 104|0x0000000086800000, 0x0000000086800000, 0x0000000086900000|  0%| F|  |TAMS 0x0000000086800000, 0x0000000086800000| Untracked 
| 105|0x0000000086900000, 0x0000000086900000, 0x0000000086a00000|  0%| F|  |TAMS 0x0000000086900000, 0x0000000086900000| Untracked 
| 106|0x0000000086a00000, 0x0000000086a00000, 0x0000000086b00000|  0%| F|  |TAMS 0x0000000086a00000, 0x0000000086a00000| Untracked 
| 107|0x0000000086b00000, 0x0000000086b00000, 0x0000000086c00000|  0%| F|  |TAMS 0x0000000086b00000, 0x0000000086b00000| Untracked 
| 108|0x0000000086c00000, 0x0000000086c00000, 0x0000000086d00000|  0%| F|  |TAMS 0x0000000086c00000, 0x0000000086c00000| Untracked 
| 109|0x0000000086d00000, 0x0000000086d00000, 0x0000000086e00000|  0%| F|  |TAMS 0x0000000086d00000, 0x0000000086d00000| Untracked 
| 110|0x0000000086e00000, 0x0000000086e00000, 0x0000000086f00000|  0%| F|  |TAMS 0x0000000086e00000, 0x0000000086e00000| Untracked 
| 111|0x0000000086f00000, 0x0000000086f00000, 0x0000000087000000|  0%| F|  |TAMS 0x0000000086f00000, 0x0000000086f00000| Untracked 
| 112|0x0000000087000000, 0x0000000087000000, 0x0000000087100000|  0%| F|  |TAMS 0x0000000087000000, 0x0000000087000000| Untracked 
| 113|0x0000000087100000, 0x0000000087100000, 0x0000000087200000|  0%| F|  |TAMS 0x0000000087100000, 0x0000000087100000| Untracked 
| 114|0x0000000087200000, 0x0000000087200000, 0x0000000087300000|  0%| F|  |TAMS 0x0000000087200000, 0x0000000087200000| Untracked 
| 115|0x0000000087300000, 0x0000000087300000, 0x0000000087400000|  0%| F|  |TAMS 0x0000000087300000, 0x0000000087300000| Untracked 
| 116|0x0000000087400000, 0x0000000087400000, 0x0000000087500000|  0%| F|  |TAMS 0x0000000087400000, 0x0000000087400000| Untracked 
| 117|0x0000000087500000, 0x0000000087500000, 0x0000000087600000|  0%| F|  |TAMS 0x0000000087500000, 0x0000000087500000| Untracked 
| 118|0x0000000087600000, 0x0000000087600000, 0x0000000087700000|  0%| F|  |TAMS 0x0000000087600000, 0x0000000087600000| Untracked 
| 119|0x0000000087700000, 0x0000000087700000, 0x0000000087800000|  0%| F|  |TAMS 0x0000000087700000, 0x0000000087700000| Untracked 
| 120|0x0000000087800000, 0x0000000087800000, 0x0000000087900000|  0%| F|  |TAMS 0x0000000087800000, 0x0000000087800000| Untracked 
| 121|0x0000000087900000, 0x0000000087900000, 0x0000000087a00000|  0%| F|  |TAMS 0x0000000087900000, 0x0000000087900000| Untracked 
| 122|0x0000000087a00000, 0x0000000087a00000, 0x0000000087b00000|  0%| F|  |TAMS 0x0000000087a00000, 0x0000000087a00000| Untracked 
| 123|0x0000000087b00000, 0x0000000087b00000, 0x0000000087c00000|  0%| F|  |TAMS 0x0000000087b00000, 0x0000000087b00000| Untracked 
| 124|0x0000000087c00000, 0x0000000087c00000, 0x0000000087d00000|  0%| F|  |TAMS 0x0000000087c00000, 0x0000000087c00000| Untracked 
| 125|0x0000000087d00000, 0x0000000087d00000, 0x0000000087e00000|  0%| F|  |TAMS 0x0000000087d00000, 0x0000000087d00000| Untracked 
| 126|0x0000000087e00000, 0x0000000087e00000, 0x0000000087f00000|  0%| F|  |TAMS 0x0000000087e00000, 0x0000000087e00000| Untracked 
| 127|0x0000000087f00000, 0x0000000087f00000, 0x0000000088000000|  0%| F|  |TAMS 0x0000000087f00000, 0x0000000087f00000| Untracked 
| 128|0x0000000088000000, 0x0000000088000000, 0x0000000088100000|  0%| F|  |TAMS 0x0000000088000000, 0x0000000088000000| Untracked 
| 129|0x0000000088100000, 0x0000000088100000, 0x0000000088200000|  0%| F|  |TAMS 0x0000000088100000, 0x0000000088100000| Untracked 
| 130|0x0000000088200000, 0x0000000088200000, 0x0000000088300000|  0%| F|  |TAMS 0x0000000088200000, 0x0000000088200000| Untracked 
| 131|0x0000000088300000, 0x0000000088300000, 0x0000000088400000|  0%| F|  |TAMS 0x0000000088300000, 0x0000000088300000| Untracked 
| 132|0x0000000088400000, 0x0000000088400000, 0x0000000088500000|  0%| F|  |TAMS 0x0000000088400000, 0x0000000088400000| Untracked 
| 133|0x0000000088500000, 0x0000000088500000, 0x0000000088600000|  0%| F|  |TAMS 0x0000000088500000, 0x0000000088500000| Untracked 
| 134|0x0000000088600000, 0x0000000088600000, 0x0000000088700000|  0%| F|  |TAMS 0x0000000088600000, 0x0000000088600000| Untracked 
| 135|0x0000000088700000, 0x0000000088700000, 0x0000000088800000|  0%| F|  |TAMS 0x0000000088700000, 0x0000000088700000| Untracked 
| 136|0x0000000088800000, 0x0000000088800000, 0x0000000088900000|  0%| F|  |TAMS 0x0000000088800000, 0x0000000088800000| Untracked 
| 137|0x0000000088900000, 0x0000000088900000, 0x0000000088a00000|  0%| F|  |TAMS 0x0000000088900000, 0x0000000088900000| Untracked 
| 138|0x0000000088a00000, 0x0000000088a00000, 0x0000000088b00000|  0%| F|  |TAMS 0x0000000088a00000, 0x0000000088a00000| Untracked 
| 139|0x0000000088b00000, 0x0000000088b00000, 0x0000000088c00000|  0%| F|  |TAMS 0x0000000088b00000, 0x0000000088b00000| Untracked 
| 140|0x0000000088c00000, 0x0000000088c00000, 0x0000000088d00000|  0%| F|  |TAMS 0x0000000088c00000, 0x0000000088c00000| Untracked 
| 141|0x0000000088d00000, 0x0000000088d00000, 0x0000000088e00000|  0%| F|  |TAMS 0x0000000088d00000, 0x0000000088d00000| Untracked 
| 142|0x0000000088e00000, 0x0000000088e00000, 0x0000000088f00000|  0%| F|  |TAMS 0x0000000088e00000, 0x0000000088e00000| Untracked 
| 143|0x0000000088f00000, 0x0000000088f00000, 0x0000000089000000|  0%| F|  |TAMS 0x0000000088f00000, 0x0000000088f00000| Untracked 
| 144|0x0000000089000000, 0x0000000089000000, 0x0000000089100000|  0%| F|  |TAMS 0x0000000089000000, 0x0000000089000000| Untracked 
| 145|0x0000000089100000, 0x0000000089100000, 0x0000000089200000|  0%| F|  |TAMS 0x0000000089100000, 0x0000000089100000| Untracked 
| 146|0x0000000089200000, 0x0000000089200000, 0x0000000089300000|  0%| F|  |TAMS 0x0000000089200000, 0x0000000089200000| Untracked 
| 147|0x0000000089300000, 0x0000000089300000, 0x0000000089400000|  0%| F|  |TAMS 0x0000000089300000, 0x0000000089300000| Untracked 
| 148|0x0000000089400000, 0x0000000089400000, 0x0000000089500000|  0%| F|  |TAMS 0x0000000089400000, 0x0000000089400000| Untracked 
| 149|0x0000000089500000, 0x0000000089500000, 0x0000000089600000|  0%| F|  |TAMS 0x0000000089500000, 0x0000000089500000| Untracked 
| 150|0x0000000089600000, 0x0000000089600000, 0x0000000089700000|  0%| F|  |TAMS 0x0000000089600000, 0x0000000089600000| Untracked 
| 151|0x0000000089700000, 0x0000000089700000, 0x0000000089800000|  0%| F|  |TAMS 0x0000000089700000, 0x0000000089700000| Untracked 
| 152|0x0000000089800000, 0x0000000089800000, 0x0000000089900000|  0%| F|  |TAMS 0x0000000089800000, 0x0000000089800000| Untracked 
| 153|0x0000000089900000, 0x0000000089900000, 0x0000000089a00000|  0%| F|  |TAMS 0x0000000089900000, 0x0000000089900000| Untracked 
| 154|0x0000000089a00000, 0x0000000089a00000, 0x0000000089b00000|  0%| F|  |TAMS 0x0000000089a00000, 0x0000000089a00000| Untracked 
| 155|0x0000000089b00000, 0x0000000089b851a0, 0x0000000089c00000| 51%| E|  |TAMS 0x0000000089b00000, 0x0000000089b00000| Complete 
| 156|0x0000000089c00000, 0x0000000089d00000, 0x0000000089d00000|100%| E|CS|TAMS 0x0000000089c00000, 0x0000000089c00000| Complete 
| 157|0x0000000089d00000, 0x0000000089e00000, 0x0000000089e00000|100%| E|CS|TAMS 0x0000000089d00000, 0x0000000089d00000| Complete 
| 158|0x0000000089e00000, 0x0000000089f00000, 0x0000000089f00000|100%| E|CS|TAMS 0x0000000089e00000, 0x0000000089e00000| Complete 
| 159|0x0000000089f00000, 0x000000008a000000, 0x000000008a000000|100%| E|CS|TAMS 0x0000000089f00000, 0x0000000089f00000| Complete 
| 160|0x000000008a000000, 0x000000008a100000, 0x000000008a100000|100%| E|CS|TAMS 0x000000008a000000, 0x000000008a000000| Complete 
| 161|0x000000008a100000, 0x000000008a200000, 0x000000008a200000|100%| E|CS|TAMS 0x000000008a100000, 0x000000008a100000| Complete 
| 162|0x000000008a200000, 0x000000008a300000, 0x000000008a300000|100%| E|CS|TAMS 0x000000008a200000, 0x000000008a200000| Complete 
| 163|0x000000008a300000, 0x000000008a400000, 0x000000008a400000|100%| E|CS|TAMS 0x000000008a300000, 0x000000008a300000| Complete 
| 164|0x000000008a400000, 0x000000008a500000, 0x000000008a500000|100%| E|CS|TAMS 0x000000008a400000, 0x000000008a400000| Complete 
| 165|0x000000008a500000, 0x000000008a600000, 0x000000008a600000|100%| E|CS|TAMS 0x000000008a500000, 0x000000008a500000| Complete 
| 166|0x000000008a600000, 0x000000008a700000, 0x000000008a700000|100%| E|CS|TAMS 0x000000008a600000, 0x000000008a600000| Complete 
| 167|0x000000008a700000, 0x000000008a800000, 0x000000008a800000|100%| E|CS|TAMS 0x000000008a700000, 0x000000008a700000| Complete 
| 168|0x000000008a800000, 0x000000008a900000, 0x000000008a900000|100%| E|CS|TAMS 0x000000008a800000, 0x000000008a800000| Complete 
| 169|0x000000008a900000, 0x000000008aa00000, 0x000000008aa00000|100%| E|CS|TAMS 0x000000008a900000, 0x000000008a900000| Complete 
| 170|0x000000008aa00000, 0x000000008ab00000, 0x000000008ab00000|100%| E|CS|TAMS 0x000000008aa00000, 0x000000008aa00000| Complete 
| 171|0x000000008ab00000, 0x000000008ac00000, 0x000000008ac00000|100%| E|CS|TAMS 0x000000008ab00000, 0x000000008ab00000| Complete 
| 172|0x000000008ac00000, 0x000000008ad00000, 0x000000008ad00000|100%| E|CS|TAMS 0x000000008ac00000, 0x000000008ac00000| Complete 
| 173|0x000000008ad00000, 0x000000008ae00000, 0x000000008ae00000|100%| E|CS|TAMS 0x000000008ad00000, 0x000000008ad00000| Complete 
| 174|0x000000008ae00000, 0x000000008af00000, 0x000000008af00000|100%| E|CS|TAMS 0x000000008ae00000, 0x000000008ae00000| Complete 
| 175|0x000000008af00000, 0x000000008b000000, 0x000000008b000000|100%| E|CS|TAMS 0x000000008af00000, 0x000000008af00000| Complete 
| 176|0x000000008b000000, 0x000000008b100000, 0x000000008b100000|100%| E|CS|TAMS 0x000000008b000000, 0x000000008b000000| Complete 
| 177|0x000000008b100000, 0x000000008b200000, 0x000000008b200000|100%| E|CS|TAMS 0x000000008b100000, 0x000000008b100000| Complete 

Card table byte_map: [0x000001c47d910000,0x000001c47dd10000] _byte_map_base: 0x000001c47d510000

Marking Bits (Prev, Next): (CMBitMap*) 0x000001c47790d8f0, (CMBitMap*) 0x000001c47790d930
 Prev Bits: [0x000001c40f000000, 0x000001c411000000)
 Next Bits: [0x000001c411000000, 0x000001c413000000)

Polling page: 0x000001c477970000

Metaspace:

Usage:
  Non-class:     31.89 MB used.
      Class:      5.34 MB used.
       Both:     37.23 MB used.

Virtual space:
  Non-class space:       64.00 MB reserved,      32.12 MB ( 50%) committed,  1 nodes.
      Class space:        1.00 GB reserved,       5.56 MB ( <1%) committed,  1 nodes.
             Both:        1.06 GB reserved,      37.69 MB (  3%) committed. 

Chunk freelists:
   Non-Class:  15.39 MB
       Class:  10.45 MB
        Both:  25.84 MB

MaxMetaspaceSize: unlimited
CompressedClassSpaceSize: 1.00 GB
Initial GC threshold: 21.00 MB
Current GC threshold: 50.62 MB
CDS: on
MetaspaceReclaimPolicy: balanced
 - commit_granule_bytes: 65536.
 - commit_granule_words: 8192.
 - virtual_space_node_default_size: 8388608.
 - enlarge_chunks_in_place: 1.
 - new_chunks_are_fully_committed: 0.
 - uncommit_free_chunks: 1.
 - use_allocation_guard: 0.
 - handle_deallocations: 1.


Internal statistics:

num_allocs_failed_limit: 3.
num_arena_births: 534.
num_arena_deaths: 0.
num_vsnodes_births: 2.
num_vsnodes_deaths: 0.
num_space_committed: 603.
num_space_uncommitted: 0.
num_chunks_returned_to_freelist: 3.
num_chunks_taken_from_freelist: 2019.
num_chunk_merges: 3.
num_chunk_splits: 1297.
num_chunks_enlarged: 864.
num_inconsistent_stats: 0.

CodeHeap 'non-profiled nmethods': size=120000Kb used=2370Kb max_used=2370Kb free=117629Kb
 bounds [0x000001c407ad0000, 0x000001c407d40000, 0x000001c40f000000]
CodeHeap 'profiled nmethods': size=120000Kb used=8923Kb max_used=8923Kb free=111076Kb
 bounds [0x000001c400000000, 0x000001c4008c0000, 0x000001c407530000]
CodeHeap 'non-nmethods': size=5760Kb used=2308Kb max_used=2351Kb free=3452Kb
 bounds [0x000001c407530000, 0x000001c4077a0000, 0x000001c407ad0000]
 total_blobs=5196 nmethods=4390 adapters=718
 compilation: enabled
              stopped_count=0, restarted_count=0
 full_count=0

Compilation events (20 events):
Event: 20.786 Thread 0x000001c47ee05780 nmethod 4327 0x000001c407d1c690 code [0x000001c407d1c820, 0x000001c407d1c8f8]
Event: 20.787 Thread 0x000001c47ee05780 4330       3       jdk.internal.misc.VM::isModuleSystemInited (13 bytes)
Event: 20.787 Thread 0x000001c47ee05780 nmethod 4330 0x000001c400888310 code [0x000001c4008884a0, 0x000001c400888658]
Event: 20.787 Thread 0x000001c47ee05780 4331       3       java.lang.WeakPairMap$Pair$Lookup::hashCode (12 bytes)
Event: 20.787 Thread 0x000001c47ee05780 nmethod 4331 0x000001c400888710 code [0x000001c4008888c0, 0x000001c400888a98]
Event: 20.787 Thread 0x000001c47ee05780 4332       3       org.gradle.internal.instantiation.generator.AbstractClassGenerator$ClassValidator::validateProperty (1 bytes)
Event: 20.787 Thread 0x000001c47ee05780 nmethod 4332 0x000001c400888b90 code [0x000001c400888d20, 0x000001c400888e38]
Event: 20.787 Thread 0x000001c47ee05780 4334       3       org.gradle.internal.instantiation.generator.AbstractClassGenerator$ClassGenerationHandler::visitProperty (1 bytes)
Event: 20.787 Thread 0x000001c47ee05780 nmethod 4334 0x000001c400888f10 code [0x000001c4008890a0, 0x000001c4008891b8]
Event: 20.787 Thread 0x000001c47ee05780 4336       3       org.gradle.internal.instantiation.generator.AbstractClassGenerator$PropertyMetadata::isReadOnly (20 bytes)
Event: 20.788 Thread 0x000001c47ee05780 nmethod 4336 0x000001c400889290 code [0x000001c400889460, 0x000001c400889848]
Event: 20.788 Thread 0x000001c47ee05780 4333       3       org.gradle.internal.instantiation.generator.AbstractClassGenerator$MethodMetadata::shouldOverride (29 bytes)
Event: 20.788 Thread 0x000001c47ee05780 nmethod 4333 0x000001c400889990 code [0x000001c400889b40, 0x000001c400889e78]
Event: 20.788 Thread 0x000001c47ee05780 4335       1       org.gradle.internal.instantiation.generator.AbstractClassGenerator$ClassGenerationHandler::claimPropertyImplementation (2 bytes)
Event: 20.788 Thread 0x000001c47ee05780 nmethod 4335 0x000001c407d1c990 code [0x000001c407d1cb20, 0x000001c407d1cbf8]
Event: 20.788 Thread 0x000001c47ee05780 4337       1       org.gradle.internal.instantiation.generator.AbstractClassGenerator$PropertyMetadata::access$600 (5 bytes)
Event: 20.788 Thread 0x000001c47ee05780 nmethod 4337 0x000001c407d1cc90 code [0x000001c407d1ce20, 0x000001c407d1ced8]
Event: 20.788 Thread 0x000001c47ee05780 4339       3       java.util.ArrayList$ArrayListSpliterator::estimateSize (11 bytes)
Event: 20.788 Thread 0x000001c47ee05780 nmethod 4339 0x000001c400889f90 code [0x000001c40088a120, 0x000001c40088a2d8]
Event: 20.788 Thread 0x000001c47ee05780 4340       3       org.objectweb.asm.MethodVisitor::visitLabel (16 bytes)

GC Heap History (20 events):
Event: 18.552 GC heap before
{Heap before GC invocations=7 (full 0):
 garbage-first heap   total 86016K, used 41323K [0x0000000080000000, 0x0000000100000000)
  region size 1024K, 7 young (7168K), 6 survivors (6144K)
 Metaspace       used 24402K, committed 24768K, reserved 1114112K
  class space    used 3751K, committed 3904K, reserved 1048576K
}
Event: 18.555 GC heap after
{Heap after GC invocations=8 (full 0):
 garbage-first heap   total 86016K, used 41984K [0x0000000080000000, 0x0000000100000000)
  region size 1024K, 1 young (1024K), 1 survivors (1024K)
 Metaspace       used 24402K, committed 24768K, reserved 1114112K
  class space    used 3751K, committed 3904K, reserved 1048576K
}
Event: 18.587 GC heap before
{Heap before GC invocations=8 (full 0):
 garbage-first heap   total 86016K, used 43008K [0x0000000080000000, 0x0000000100000000)
  region size 1024K, 3 young (3072K), 1 survivors (1024K)
 Metaspace       used 24538K, committed 24896K, reserved 1114112K
  class space    used 3771K, committed 3968K, reserved 1048576K
}
Event: 18.588 GC heap after
{Heap after GC invocations=9 (full 0):
 garbage-first heap   total 86016K, used 41243K [0x0000000080000000, 0x0000000100000000)
  region size 1024K, 1 young (1024K), 1 survivors (1024K)
 Metaspace       used 24538K, committed 24896K, reserved 1114112K
  class space    used 3771K, committed 3968K, reserved 1048576K
}
Event: 18.814 GC heap before
{Heap before GC invocations=10 (full 0):
 garbage-first heap   total 86016K, used 46363K [0x0000000080000000, 0x0000000100000000)
  region size 1024K, 6 young (6144K), 1 survivors (1024K)
 Metaspace       used 24944K, committed 25344K, reserved 1114112K
  class space    used 3850K, committed 4032K, reserved 1048576K
}
Event: 18.815 GC heap after
{Heap after GC invocations=11 (full 0):
 garbage-first heap   total 86016K, used 42622K [0x0000000080000000, 0x0000000100000000)
  region size 1024K, 1 young (1024K), 1 survivors (1024K)
 Metaspace       used 24944K, committed 25344K, reserved 1114112K
  class space    used 3850K, committed 4032K, reserved 1048576K
}
Event: 18.844 GC heap before
{Heap before GC invocations=12 (full 0):
 garbage-first heap   total 86016K, used 49790K [0x0000000080000000, 0x0000000100000000)
  region size 1024K, 2 young (2048K), 1 survivors (1024K)
 Metaspace       used 24945K, committed 25344K, reserved 1114112K
  class space    used 3850K, committed 4032K, reserved 1048576K
}
Event: 18.845 GC heap after
{Heap after GC invocations=13 (full 0):
 garbage-first heap   total 86016K, used 49851K [0x0000000080000000, 0x0000000100000000)
  region size 1024K, 1 young (1024K), 1 survivors (1024K)
 Metaspace       used 24945K, committed 25344K, reserved 1114112K
  class space    used 3850K, committed 4032K, reserved 1048576K
}
Event: 18.870 GC heap before
{Heap before GC invocations=14 (full 0):
 garbage-first heap   total 92160K, used 53947K [0x0000000080000000, 0x0000000100000000)
  region size 1024K, 2 young (2048K), 1 survivors (1024K)
 Metaspace       used 24946K, committed 25344K, reserved 1114112K
  class space    used 3850K, committed 4032K, reserved 1048576K
}
Event: 18.871 GC heap after
{Heap after GC invocations=15 (full 0):
 garbage-first heap   total 118784K, used 54382K [0x0000000080000000, 0x0000000100000000)
  region size 1024K, 2 young (2048K), 2 survivors (2048K)
 Metaspace       used 24946K, committed 25344K, reserved 1114112K
  class space    used 3850K, committed 4032K, reserved 1048576K
}
Event: 19.652 GC heap before
{Heap before GC invocations=15 (full 0):
 garbage-first heap   total 118784K, used 56430K [0x0000000080000000, 0x0000000100000000)
  region size 1024K, 4 young (4096K), 2 survivors (2048K)
 Metaspace       used 24960K, committed 25408K, reserved 1114112K
  class space    used 3850K, committed 4032K, reserved 1048576K
}
Event: 19.654 GC heap after
{Heap after GC invocations=16 (full 0):
 garbage-first heap   total 118784K, used 58440K [0x0000000080000000, 0x0000000100000000)
  region size 1024K, 4 young (4096K), 4 survivors (4096K)
 Metaspace       used 24960K, committed 25408K, reserved 1114112K
  class space    used 3850K, committed 4032K, reserved 1048576K
}
Event: 19.940 GC heap before
{Heap before GC invocations=17 (full 0):
 garbage-first heap   total 118784K, used 79944K [0x0000000080000000, 0x0000000100000000)
  region size 1024K, 24 young (24576K), 4 survivors (4096K)
 Metaspace       used 27595K, committed 27968K, reserved 1114112K
  class space    used 4237K, committed 4416K, reserved 1048576K
}
Event: 19.942 GC heap after
{Heap after GC invocations=18 (full 0):
 garbage-first heap   total 118784K, used 60050K [0x0000000080000000, 0x0000000100000000)
  region size 1024K, 3 young (3072K), 3 survivors (3072K)
 Metaspace       used 27595K, committed 27968K, reserved 1114112K
  class space    used 4237K, committed 4416K, reserved 1048576K
}
Event: 20.145 GC heap before
{Heap before GC invocations=18 (full 0):
 garbage-first heap   total 118784K, used 80530K [0x0000000080000000, 0x0000000100000000)
  region size 1024K, 24 young (24576K), 3 survivors (3072K)
 Metaspace       used 30446K, committed 30912K, reserved 1114112K
  class space    used 4618K, committed 4864K, reserved 1048576K
}
Event: 20.147 GC heap after
{Heap after GC invocations=19 (full 0):
 garbage-first heap   total 118784K, used 61703K [0x0000000080000000, 0x0000000100000000)
  region size 1024K, 3 young (3072K), 3 survivors (3072K)
 Metaspace       used 30446K, committed 30912K, reserved 1114112K
  class space    used 4618K, committed 4864K, reserved 1048576K
}
Event: 20.330 GC heap before
{Heap before GC invocations=20 (full 0):
 garbage-first heap   total 118784K, used 84231K [0x0000000080000000, 0x0000000100000000)
  region size 1024K, 26 young (26624K), 3 survivors (3072K)
 Metaspace       used 34299K, committed 34752K, reserved 1114112K
  class space    used 5016K, committed 5248K, reserved 1048576K
}
Event: 20.334 GC heap after
{Heap after GC invocations=21 (full 0):
 garbage-first heap   total 118784K, used 64984K [0x0000000080000000, 0x0000000100000000)
  region size 1024K, 4 young (4096K), 4 survivors (4096K)
 Metaspace       used 34299K, committed 34752K, reserved 1114112K
  class space    used 5016K, committed 5248K, reserved 1048576K
}
Event: 20.486 GC heap before
{Heap before GC invocations=21 (full 0):
 garbage-first heap   total 118784K, used 84440K [0x0000000080000000, 0x0000000100000000)
  region size 1024K, 25 young (25600K), 4 survivors (4096K)
 Metaspace       used 35178K, committed 35648K, reserved 1114112K
  class space    used 5127K, committed 5376K, reserved 1048576K
}
Event: 20.489 GC heap after
{Heap after GC invocations=22 (full 0):
 garbage-first heap   total 182272K, used 66961K [0x0000000080000000, 0x0000000100000000)
  region size 1024K, 3 young (3072K), 3 survivors (3072K)
 Metaspace       used 35178K, committed 35648K, reserved 1114112K
  class space    used 5127K, committed 5376K, reserved 1048576K
}

Dll operation events (4 events):
Event: 0.104 Loaded shared library C:\Users\Yiðit Enes\.jdks\jbr-17.0.14\bin\java.dll
Event: 0.124 Loaded shared library C:\Users\Yiðit Enes\.jdks\jbr-17.0.14\bin\jsvml.dll
Event: 0.224 Loaded shared library C:\Users\Yiðit Enes\.jdks\jbr-17.0.14\bin\zip.dll
Event: 9.085 Loaded shared library C:\Users\Yiðit Enes\.jdks\jbr-17.0.14\bin\verify.dll

Deoptimization events (20 events):
Event: 20.405 Thread 0x000001c45e60c170 DEOPT PACKING pc=0x000001c400679ca9 sp=0x00000093a4cf3950
Event: 20.405 Thread 0x000001c45e60c170 DEOPT UNPACKING pc=0x000001c40758ace3 sp=0x00000093a4cf2e60 mode 0
Event: 20.413 Thread 0x000001c45e60c170 DEOPT PACKING pc=0x000001c400679cca sp=0x00000093a4cf3c40
Event: 20.413 Thread 0x000001c45e60c170 DEOPT UNPACKING pc=0x000001c40758ace3 sp=0x00000093a4cf3150 mode 0
Event: 20.591 Thread 0x000001c45efc75e0 Uncommon trap: trap_request=0xffffff45 fr.pc=0x000001c407b64b84 relative=0x0000000000000ce4
Event: 20.591 Thread 0x000001c45efc75e0 Uncommon trap: reason=unstable_if action=reinterpret pc=0x000001c407b64b84 method=java.lang.StringUTF16.compareToCIImpl([BII[BII)I @ 99 c2
Event: 20.591 Thread 0x000001c45efc75e0 DEOPT PACKING pc=0x000001c407b64b84 sp=0x00000093a61fec80
Event: 20.591 Thread 0x000001c45efc75e0 DEOPT UNPACKING pc=0x000001c40758a1a3 sp=0x00000093a61febf0 mode 2
Event: 20.615 Thread 0x000001c45efc75e0 Uncommon trap: trap_request=0xffffff45 fr.pc=0x000001c407bdec88 relative=0x00000000000004e8
Event: 20.615 Thread 0x000001c45efc75e0 Uncommon trap: reason=unstable_if action=reinterpret pc=0x000001c407bdec88 method=java.util.StringTokenizer.scanToken(I)I @ 42 c2
Event: 20.615 Thread 0x000001c45efc75e0 DEOPT PACKING pc=0x000001c407bdec88 sp=0x00000093a61fe620
Event: 20.615 Thread 0x000001c45efc75e0 DEOPT UNPACKING pc=0x000001c40758a1a3 sp=0x00000093a61fe5b0 mode 2
Event: 20.773 Thread 0x000001c45e60c170 DEOPT PACKING pc=0x000001c400679cca sp=0x00000093a4cf4420
Event: 20.773 Thread 0x000001c45e60c170 DEOPT UNPACKING pc=0x000001c40758ace3 sp=0x00000093a4cf3930 mode 0
Event: 20.779 Thread 0x000001c45e60c170 Uncommon trap: trap_request=0xffffff45 fr.pc=0x000001c407b6c5b0 relative=0x0000000000000570
Event: 20.779 Thread 0x000001c45e60c170 Uncommon trap: reason=unstable_if action=reinterpret pc=0x000001c407b6c5b0 method=java.util.HashMap.hash(Ljava/lang/Object;)I @ 1 c2
Event: 20.779 Thread 0x000001c45e60c170 DEOPT PACKING pc=0x000001c407b6c5b0 sp=0x00000093a4cf4d20
Event: 20.779 Thread 0x000001c45e60c170 DEOPT UNPACKING pc=0x000001c40758a1a3 sp=0x00000093a4cf4bb8 mode 2
Event: 20.781 Thread 0x000001c45e60c170 DEOPT PACKING pc=0x000001c400679cca sp=0x00000093a4cf42f0
Event: 20.781 Thread 0x000001c45e60c170 DEOPT UNPACKING pc=0x000001c40758ace3 sp=0x00000093a4cf3800 mode 0

Classes loaded (20 events):
Event: 20.547 Loading class com/sun/beans/finder/AbstractFinder done
Event: 20.547 Loading class com/sun/beans/finder/MethodFinder done
Event: 20.547 Loading class com/sun/beans/finder/MethodFinder$1
Event: 20.547 Loading class com/sun/beans/finder/MethodFinder$1 done
Event: 20.547 Loading class com/sun/beans/finder/FinderUtils
Event: 20.547 Loading class com/sun/beans/finder/FinderUtils done
Event: 20.596 Loading class sun/nio/fs/WindowsException
Event: 20.596 Loading class sun/nio/fs/WindowsException done
Event: 20.612 Loading class java/nio/channels/Channels
Event: 20.612 Loading class java/nio/channels/Channels done
Event: 20.612 Loading class sun/nio/ch/ChannelInputStream
Event: 20.612 Loading class sun/nio/ch/ChannelInputStream done
Event: 20.618 Loading class java/nio/channels/Channels$1
Event: 20.618 Loading class java/nio/channels/Channels$1 done
Event: 20.707 Loading class java/util/function/IntBinaryOperator
Event: 20.707 Loading class java/util/function/IntBinaryOperator done
Event: 20.774 Loading class java/lang/invoke/SerializedLambda
Event: 20.774 Loading class java/lang/invoke/SerializedLambda done
Event: 20.787 Loading class java/lang/SafeVarargs
Event: 20.787 Loading class java/lang/SafeVarargs done

Classes unloaded (0 events):
No events

Classes redefined (0 events):
No events

Internal exceptions (20 events):
Event: 20.475 Thread 0x000001c45e60c170 Exception <a 'java/lang/ClassNotFoundException'{0x000000008618ef40}: org/gradle/invocation/DefaultGradle_DecoratedCustomizer> (0x000000008618ef40) 
thrown [s\src\hotspot\share\classfile\systemDictionary.cpp, line 256]
Event: 20.543 Thread 0x000001c45e60c170 Exception <a 'java/lang/ClassNotFoundException'{0x000000008af18768}: groovy/lang/Closure$1BeanInfo> (0x000000008af18768) 
thrown [s\src\hotspot\share\classfile\systemDictionary.cpp, line 256]
Event: 20.544 Thread 0x000001c45e60c170 Exception <a 'java/lang/ClassNotFoundException'{0x000000008af38b90}: groovy/lang/ClosureBeanInfo> (0x000000008af38b90) 
thrown [s\src\hotspot\share\classfile\systemDictionary.cpp, line 256]
Event: 20.544 Thread 0x000001c45e60c170 Exception <a 'java/lang/ClassNotFoundException'{0x000000008af58420}: groovy/lang/ClosureCustomizer> (0x000000008af58420) 
thrown [s\src\hotspot\share\classfile\systemDictionary.cpp, line 256]
Event: 20.546 Thread 0x000001c45e60c170 Exception <a 'java/lang/ClassNotFoundException'{0x000000008af9c3f0}: groovy/lang/Closure$1Customizer> (0x000000008af9c3f0) 
thrown [s\src\hotspot\share\classfile\systemDictionary.cpp, line 256]
Event: 20.594 Thread 0x000001c45efc75e0 Exception <a 'java/lang/NoSuchMethodError'{0x000000008ad1c968}: 'void java.lang.invoke.DirectMethodHandle$Holder.invokeInterface(java.lang.Object, java.lang.Object, java.lang.Object, java.lang.Object)'> (0x000000008ad1c968) 
thrown [s\src\hotspot\share\interpreter\linkResolver.cpp, line 771]
Event: 20.596 Thread 0x000001c45efc75e0 Exception <a 'sun/nio/fs/WindowsException'{0x000000008ad28bb0}> (0x000000008ad28bb0) 
thrown [s\src\hotspot\share\prims\jni.cpp, line 531]
Event: 20.597 Thread 0x000001c45efc75e0 Exception <a 'sun/nio/fs/WindowsException'{0x000000008ad29410}> (0x000000008ad29410) 
thrown [s\src\hotspot\share\prims\jni.cpp, line 531]
Event: 20.618 Thread 0x000001c45efc75e0 Exception <a 'sun/nio/fs/WindowsException'{0x000000008ad967b0}> (0x000000008ad967b0) 
thrown [s\src\hotspot\share\prims\jni.cpp, line 531]
Event: 20.633 Thread 0x000001c45efc75e0 Exception <a 'sun/nio/fs/WindowsException'{0x000000008ada76a8}> (0x000000008ada76a8) 
thrown [s\src\hotspot\share\prims\jni.cpp, line 531]
Event: 20.647 Thread 0x000001c45efc75e0 Exception <a 'sun/nio/fs/WindowsException'{0x000000008adb3cd0}> (0x000000008adb3cd0) 
thrown [s\src\hotspot\share\prims\jni.cpp, line 531]
Event: 20.669 Thread 0x000001c45e60c170 Exception <a 'java/lang/ClassNotFoundException'{0x000000008ac3f700}: sync_studio_tooling5845_1fqj6z476rx18mnzv0op94pt1BeanInfo> (0x000000008ac3f700) 
thrown [s\src\hotspot\share\classfile\systemDictionary.cpp, line 256]
Event: 20.669 Thread 0x000001c45e60c170 Exception <a 'java/lang/ClassNotFoundException'{0x000000008ac47ba0}: sync_studio_tooling5845_1fqj6z476rx18mnzv0op94pt1Customizer> (0x000000008ac47ba0) 
thrown [s\src\hotspot\share\classfile\systemDictionary.cpp, line 256]
Event: 20.696 Thread 0x000001c45e60c170 Exception <a 'java/lang/ClassNotFoundException'{0x000000008aca55e8}: org/gradle/internal/metaobject/ConfigureDelegateBeanInfo> (0x000000008aca55e8) 
thrown [s\src\hotspot\share\classfile\systemDictionary.cpp, line 256]
Event: 20.696 Thread 0x000001c45e60c170 Exception <a 'java/lang/ClassNotFoundException'{0x000000008acb6248}: org/gradle/internal/metaobject/ConfigureDelegateCustomizer> (0x000000008acb6248) 
thrown [s\src\hotspot\share\classfile\systemDictionary.cpp, line 256]
Event: 20.728 Thread 0x000001c45e60c170 Exception <a 'java/lang/ClassNotFoundException'{0x000000008abd96d8}: org/gradle/api/internal/initialization/DefaultScriptHandler_DecoratedBeanInfo> (0x000000008abd96d8) 
thrown [s\src\hotspot\share\classfile\systemDictionary.cpp, line 256]
Event: 20.728 Thread 0x000001c45e60c170 Exception <a 'java/lang/ClassNotFoundException'{0x000000008abec490}: org/gradle/api/internal/initialization/DefaultScriptHandlerBeanInfo> (0x000000008abec490) 
thrown [s\src\hotspot\share\classfile\systemDictionary.cpp, line 256]
Event: 20.729 Thread 0x000001c45e60c170 Exception <a 'java/lang/ClassNotFoundException'{0x000000008abff218}: org/gradle/api/internal/initialization/DefaultScriptHandlerCustomizer> (0x000000008abff218) 
thrown [s\src\hotspot\share\classfile\systemDictionary.cpp, line 256]
Event: 20.729 Thread 0x000001c45e60c170 Exception <a 'java/lang/ClassNotFoundException'{0x000000008aa1f128}: org/gradle/api/internal/initialization/DefaultScriptHandler_DecoratedCustomizer> (0x000000008aa1f128) 
thrown [s\src\hotspot\share\classfile\systemDictionary.cpp, line 256]
Event: 20.779 Thread 0x000001c45e60c170 Implicit null exception at 0x000001c407b6c08f to 0x000001c407b6c590

VM Operations (20 events):
Event: 20.154 Executing VM operation: G1PauseRemark
Event: 20.155 Executing VM operation: G1PauseRemark done
Event: 20.158 Executing VM operation: G1PauseCleanup
Event: 20.158 Executing VM operation: G1PauseCleanup done
Event: 20.204 Executing VM operation: HandshakeAllThreads
Event: 20.204 Executing VM operation: HandshakeAllThreads done
Event: 20.257 Executing VM operation: HandshakeAllThreads
Event: 20.257 Executing VM operation: HandshakeAllThreads done
Event: 20.260 Executing VM operation: HandshakeAllThreads
Event: 20.260 Executing VM operation: HandshakeAllThreads done
Event: 20.264 Executing VM operation: HandshakeAllThreads
Event: 20.265 Executing VM operation: HandshakeAllThreads done
Event: 20.309 Executing VM operation: HandshakeAllThreads
Event: 20.309 Executing VM operation: HandshakeAllThreads done
Event: 20.330 Executing VM operation: G1CollectForAllocation
Event: 20.334 Executing VM operation: G1CollectForAllocation done
Event: 20.486 Executing VM operation: G1TryInitiateConcMark
Event: 20.489 Executing VM operation: G1TryInitiateConcMark done
Event: 20.781 Executing VM operation: HandshakeAllThreads
Event: 20.781 Executing VM operation: HandshakeAllThreads done

Memory protections (0 events):
No events

Nmethod flushes (0 events):
No events

Events (20 events):
Event: 17.236 Thread 0x000001c45dffd170 Thread exited: 0x000001c45dffd170
Event: 17.259 Thread 0x000001c45e60c170 Thread added: 0x000001c45e60d0a0
Event: 17.766 Thread 0x000001c45e60c170 Thread added: 0x000001c45efc6bc0
Event: 17.774 Thread 0x000001c45e60c170 Thread added: 0x000001c45efc3920
Event: 17.912 Thread 0x000001c45e60c170 Thread added: 0x000001c45efc61a0
Event: 17.916 Thread 0x000001c45e60c170 Thread added: 0x000001c45efc4850
Event: 17.999 Thread 0x000001c45e60c170 Thread added: 0x000001c45efc5780
Event: 17.999 Thread 0x000001c45e60c170 Thread added: 0x000001c45efc4d60
Event: 17.999 Thread 0x000001c45e60c170 Thread added: 0x000001c45efc7af0
Event: 17.999 Thread 0x000001c45e60c170 Thread added: 0x000001c45efc9e60
Event: 17.999 Thread 0x000001c45e60c170 Thread added: 0x000001c45efc75e0
Event: 17.999 Thread 0x000001c45e60c170 Thread added: 0x000001c45efc5270
Event: 17.999 Thread 0x000001c45e60c170 Thread added: 0x000001c45efc8a20
Event: 17.999 Thread 0x000001c45e60c170 Thread added: 0x000001c45efc8000
Event: 17.999 Thread 0x000001c45e60c170 Thread added: 0x000001c45efc8510
Event: 17.999 Thread 0x000001c45e60c170 Thread added: 0x000001c45efc70d0
Event: 17.999 Thread 0x000001c45e60c170 Thread added: 0x000001c45efc8f30
Event: 17.999 Thread 0x000001c45e60c170 Thread added: 0x000001c45efc9440
Event: 20.402 Thread 0x000001c45e60c170 Thread added: 0x000001c45efc5c90
Event: 20.420 Thread 0x000001c45e60c170 Thread added: 0x000001c45efca370


Dynamic libraries:
0x00007ff717b80000 - 0x00007ff717b8a000 	C:\Users\Yiðit Enes\.jdks\jbr-17.0.14\bin\java.exe
0x00007fff43b50000 - 0x00007fff43d48000 	C:\Windows\SYSTEM32\ntdll.dll
0x00007fff427b0000 - 0x00007fff42872000 	C:\Windows\System32\KERNEL32.DLL
0x00007fff414c0000 - 0x00007fff417b6000 	C:\Windows\System32\KERNELBASE.dll
0x00007fff417c0000 - 0x00007fff418c0000 	C:\Windows\System32\ucrtbase.dll
0x00007fff13230000 - 0x00007fff13247000 	C:\Users\Yiðit Enes\.jdks\jbr-17.0.14\bin\jli.dll
0x00007fff13210000 - 0x00007fff1322b000 	C:\Users\Yiðit Enes\.jdks\jbr-17.0.14\bin\VCRUNTIME140.dll
0x00007fff41fe0000 - 0x00007fff42181000 	C:\Windows\System32\USER32.dll
0x00007fff41b10000 - 0x00007fff41b32000 	C:\Windows\System32\win32u.dll
0x00007fff41d10000 - 0x00007fff41d3b000 	C:\Windows\System32\GDI32.dll
0x00007fff2aea0000 - 0x00007fff2b13b000 	C:\Windows\WinSxS\amd64_microsoft.windows.common-controls_6595b64144ccf1df_6.0.19041.6456_none_60b8a6cb71f64256\COMCTL32.dll
0x00007fff418c0000 - 0x00007fff419d9000 	C:\Windows\System32\gdi32full.dll
0x00007fff42190000 - 0x00007fff4222e000 	C:\Windows\System32\msvcrt.dll
0x00007fff41390000 - 0x00007fff4142d000 	C:\Windows\System32\msvcp_win.dll
0x00007fff435e0000 - 0x00007fff4360f000 	C:\Windows\System32\IMM32.DLL
0x00007fff37970000 - 0x00007fff3797c000 	C:\Users\Yiðit Enes\.jdks\jbr-17.0.14\bin\vcruntime140_1.dll
0x00007ffef4720000 - 0x00007ffef47ad000 	C:\Users\Yiðit Enes\.jdks\jbr-17.0.14\bin\msvcp140.dll
0x00007ffe8f650000 - 0x00007ffe902de000 	C:\Users\Yiðit Enes\.jdks\jbr-17.0.14\bin\server\jvm.dll
0x00007fff41b80000 - 0x00007fff41c31000 	C:\Windows\System32\ADVAPI32.dll
0x00007fff41ec0000 - 0x00007fff41f5f000 	C:\Windows\System32\sechost.dll
0x00007fff425f0000 - 0x00007fff42710000 	C:\Windows\System32\RPCRT4.dll
0x00007fff41b40000 - 0x00007fff41b67000 	C:\Windows\System32\bcrypt.dll
0x00007fff42720000 - 0x00007fff4278b000 	C:\Windows\System32\WS2_32.dll
0x00007fff40780000 - 0x00007fff407cb000 	C:\Windows\SYSTEM32\POWRPROF.dll
0x00007fff39650000 - 0x00007fff3965a000 	C:\Windows\SYSTEM32\VERSION.dll
0x00007fff32e90000 - 0x00007fff32eb7000 	C:\Windows\SYSTEM32\WINMM.dll
0x00007fff405e0000 - 0x00007fff405f2000 	C:\Windows\SYSTEM32\UMPDC.dll
0x00007fff3f9e0000 - 0x00007fff3f9f2000 	C:\Windows\SYSTEM32\kernel.appcore.dll
0x00007fff2e110000 - 0x00007fff2e11a000 	C:\Users\Yiðit Enes\.jdks\jbr-17.0.14\bin\jimage.dll
0x00007fff3f6c0000 - 0x00007fff3f8c1000 	C:\Windows\SYSTEM32\DBGHELP.DLL
0x00007fff313c0000 - 0x00007fff313f4000 	C:\Windows\SYSTEM32\dbgcore.DLL
0x00007fff41430000 - 0x00007fff414b2000 	C:\Windows\System32\bcryptPrimitives.dll
0x00007fff2e0c0000 - 0x00007fff2e0ce000 	C:\Users\Yiðit Enes\.jdks\jbr-17.0.14\bin\instrument.dll
0x00007fff11b70000 - 0x00007fff11b95000 	C:\Users\Yiðit Enes\.jdks\jbr-17.0.14\bin\java.dll
0x00007ffee92e0000 - 0x00007ffee93b7000 	C:\Users\Yiðit Enes\.jdks\jbr-17.0.14\bin\jsvml.dll
0x00007fff428f0000 - 0x00007fff43060000 	C:\Windows\System32\SHELL32.dll
0x00007fff3ee50000 - 0x00007fff3f5f5000 	C:\Windows\SYSTEM32\windows.storage.dll
0x00007fff42230000 - 0x00007fff42584000 	C:\Windows\System32\combase.dll
0x00007fff40c10000 - 0x00007fff40c3b000 	C:\Windows\SYSTEM32\Wldp.dll
0x00007fff41c40000 - 0x00007fff41d0d000 	C:\Windows\System32\OLEAUT32.dll
0x00007fff43190000 - 0x00007fff4323d000 	C:\Windows\System32\SHCORE.dll
0x00007fff42890000 - 0x00007fff428eb000 	C:\Windows\System32\shlwapi.dll
0x00007fff41110000 - 0x00007fff41134000 	C:\Windows\SYSTEM32\profapi.dll
0x00007fff11b50000 - 0x00007fff11b68000 	C:\Users\Yiðit Enes\.jdks\jbr-17.0.14\bin\zip.dll
0x00007fff11b30000 - 0x00007fff11b49000 	C:\Users\Yiðit Enes\.jdks\jbr-17.0.14\bin\net.dll
0x00007fff3ae20000 - 0x00007fff3af2a000 	C:\Windows\SYSTEM32\WINHTTP.dll
0x00007fff40970000 - 0x00007fff409da000 	C:\Windows\system32\mswsock.dll
0x00007fff0b530000 - 0x00007fff0b546000 	C:\Users\Yiðit Enes\.jdks\jbr-17.0.14\bin\nio.dll
0x00007fff2dcb0000 - 0x00007fff2dcc0000 	C:\Users\Yiðit Enes\.jdks\jbr-17.0.14\bin\verify.dll
0x00007fff13290000 - 0x00007fff132b7000 	C:\Users\Yiðit Enes\native\1def1411415f61bf3af743bc5b6707747c0891f09f0c88961ee8f79bc544acac\windows-amd64\native-platform.dll
0x00007ffef5af0000 - 0x00007ffef5b68000 	C:\Users\Yiðit Enes\native\0.2.7\x86_64-windows-gnu\gradle-fileevents.dll
0x00007fff2d2c0000 - 0x00007fff2d2c9000 	C:\Users\Yiðit Enes\.jdks\jbr-17.0.14\bin\management.dll
0x00007fff2bb30000 - 0x00007fff2bb3b000 	C:\Users\Yiðit Enes\.jdks\jbr-17.0.14\bin\management_ext.dll
0x00007fff42710000 - 0x00007fff42718000 	C:\Windows\System32\PSAPI.DLL
0x00007fff40600000 - 0x00007fff4063b000 	C:\Windows\SYSTEM32\IPHLPAPI.DLL
0x00007fff41b70000 - 0x00007fff41b78000 	C:\Windows\System32\NSI.dll
0x00007fff39950000 - 0x00007fff39967000 	C:\Windows\SYSTEM32\dhcpcsvc6.DLL
0x00007fff39910000 - 0x00007fff3992d000 	C:\Windows\SYSTEM32\dhcpcsvc.DLL
0x00007fff40650000 - 0x00007fff4071a000 	C:\Windows\SYSTEM32\DNSAPI.dll
0x00007fff29b30000 - 0x00007fff29b39000 	C:\Users\Yiðit Enes\.jdks\jbr-17.0.14\bin\extnet.dll
0x00007fff40b60000 - 0x00007fff40b78000 	C:\Windows\SYSTEM32\CRYPTSP.dll
0x00007fff40220000 - 0x00007fff40258000 	C:\Windows\system32\rsaenh.dll
0x00007fff41090000 - 0x00007fff410be000 	C:\Windows\SYSTEM32\USERENV.dll
0x00007fff40b80000 - 0x00007fff40b8c000 	C:\Windows\SYSTEM32\CRYPTBASE.dll
0x00007fff295e0000 - 0x00007fff295ee000 	C:\Users\Yiðit Enes\.jdks\jbr-17.0.14\bin\sunmscapi.dll
0x00007fff411e0000 - 0x00007fff4133d000 	C:\Windows\System32\CRYPT32.dll
0x00007fff40c80000 - 0x00007fff40ca7000 	C:\Windows\SYSTEM32\ncrypt.dll
0x00007fff40c40000 - 0x00007fff40c7b000 	C:\Windows\SYSTEM32\NTASN1.dll
0x00007fff379a0000 - 0x00007fff379a7000 	C:\Windows\system32\wshunix.dll

dbghelp: loaded successfully - version: 4.0.5 - missing functions: none
symbol engine: initialized successfully - sym options: 0x614 - pdb path: .;C:\Users\Yiðit Enes\.jdks\jbr-17.0.14\bin;C:\Windows\SYSTEM32;C:\Windows\WinSxS\amd64_microsoft.windows.common-controls_6595b64144ccf1df_6.0.19041.6456_none_60b8a6cb71f64256;C:\Users\Yiðit Enes\.jdks\jbr-17.0.14\bin\server;C:\Users\Yiðit Enes\native\1def1411415f61bf3af743bc5b6707747c0891f09f0c88961ee8f79bc544acac\windows-amd64;C:\Users\Yiðit Enes\native\0.2.7\x86_64-windows-gnu

VM Arguments:
jvm_args: --add-opens=java.base/java.lang=ALL-UNNAMED --add-opens=java.base/java.lang.invoke=ALL-UNNAMED --add-opens=java.base/java.util=ALL-UNNAMED --add-opens=java.prefs/java.util.prefs=ALL-UNNAMED --add-exports=jdk.compiler/com.sun.tools.javac.api=ALL-UNNAMED --add-exports=jdk.compiler/com.sun.tools.javac.util=ALL-UNNAMED --add-opens=java.base/java.util=ALL-UNNAMED --add-opens=java.prefs/java.util.prefs=ALL-UNNAMED --add-opens=java.base/java.nio.charset=ALL-UNNAMED --add-opens=java.base/java.net=ALL-UNNAMED --add-opens=java.base/java.util.concurrent.atomic=ALL-UNNAMED --add-opens=java.xml/javax.xml.namespace=ALL-UNNAMED -Xmx2048m -Dfile.encoding=UTF-8 -Duser.country=TR -Duser.language=tr -Duser.variant -javaagent:C:\Users\Yiðit Enes\wrapper\dists\gradle-8.13-bin\5xuhj0ry160q40clulazy9h7d\gradle-8.13\lib\agents\gradle-instrumentation-agent-8.13.jar 
java_command: org.gradle.launcher.daemon.bootstrap.GradleDaemon 8.13
java_class_path (initial): C:\Users\Yiðit Enes\wrapper\dists\gradle-8.13-bin\5xuhj0ry160q40clulazy9h7d\gradle-8.13\lib\gradle-daemon-main-8.13.jar
Launcher Type: SUN_STANDARD

[Global flags]
     intx CICompilerCount                          = 4                                         {product} {ergonomic}
     uint ConcGCThreads                            = 3                                         {product} {ergonomic}
     uint G1ConcRefinementThreads                  = 10                                        {product} {ergonomic}
   size_t G1HeapRegionSize                         = 1048576                                   {product} {ergonomic}
    uintx GCDrainStackTargetSize                   = 64                                        {product} {ergonomic}
   size_t InitialHeapSize                          = 132120576                                 {product} {ergonomic}
   size_t MarkStackSize                            = 4194304                                   {product} {ergonomic}
   size_t MaxHeapSize                              = 2147483648                                {product} {command line}
   size_t MaxNewSize                               = 1287651328                                {product} {ergonomic}
   size_t MinHeapDeltaBytes                        = 1048576                                   {product} {ergonomic}
   size_t MinHeapSize                              = 8388608                                   {product} {ergonomic}
    uintx NonNMethodCodeHeapSize                   = 5839372                                {pd product} {ergonomic}
    uintx NonProfiledCodeHeapSize                  = 122909434                              {pd product} {ergonomic}
    uintx ProfiledCodeHeapSize                     = 122909434                              {pd product} {ergonomic}
    uintx ReservedCodeCacheSize                    = 251658240                              {pd product} {ergonomic}
     bool SegmentedCodeCache                       = true                                      {product} {ergonomic}
   size_t SoftMaxHeapSize                          = 2147483648                             {manageable} {ergonomic}
     bool UseCompressedClassPointers               = true                           {product lp64_product} {ergonomic}
     bool UseCompressedOops                        = true                           {product lp64_product} {ergonomic}
     bool UseG1GC                                  = true                                      {product} {ergonomic}
     bool UseLargePagesIndividualAllocation        = false                                  {pd product} {ergonomic}

Logging:
Log output configuration:
 #0: stdout all=warning uptime,level,tags
 #1: stderr all=off uptime,level,tags

Environment Variables:
PATH=C:\Program Files\Microsoft\jdk-11.0.16.101-hotspot\bin;C:\Windows\system32;C:\Windows;C:\Windows\System32\Wbem;C:\Windows\System32\WindowsPowerShell\v1.0\;C:\Windows\System32\OpenSSH\;C:\Program Files (x86)\NVIDIA Corporation\PhysX\Common;C:\Program Files\dotnet\;C:\Program Files\Git\cmd;C:\Program Files\NVIDIA Corporation\NVIDIA app\NvDLISR;C:\MinGW\bin;C:\Program Files\MySQL\MySQL Shell 8.0\bin\;C:\Users\Yiðit Enes\AppData\Local\Microsoft\WindowsApps;C:\Users\Yiðit Enes\AppData\Local\Programs\Microsoft VS Code\bin;C:\Users\Yiðit Enes\AppData\Local\Microsoft\WinGet\Links;
USERNAME=yigit_E
OS=Windows_NT
PROCESSOR_IDENTIFIER=Intel64 Family 6 Model 141 Stepping 1, GenuineIntel
TMP=C:\Users\YIITEN~1\AppData\Local\Temp
TEMP=C:\Users\YIITEN~1\AppData\Local\Temp



Periodic native trim disabled

JNI global refs:
JNI global refs: 28, weak refs: 2

JNI global refs memory usage: 843, weak refs: 841

Process memory usage:
Resident Set Size: 301724K (3% of 8154784K total physical memory with 283764K free physical memory)

OOME stack traces (most recent first):
Classloader memory used:
Loader org.gradle.internal.classloader.VisitableURLClassLoader                         : 2867K
Loader bootstrap                                                                       : 1218K
Loader org.gradle.initialization.MixInLegacyTypesClassLoader                           : 469K
Loader org.gradle.internal.classloader.VisitableURLClassLoader                         : 90400B
Loader jdk.internal.loader.ClassLoaders$PlatformClassLoader                            : 70522B
Loader jdk.internal.loader.ClassLoaders$AppClassLoader                                 : 29537B
Loader jdk.internal.reflect.DelegatingClassLoader                                      : 25757B
Loader org.gradle.groovy.scripts.internal.DefaultScriptCompilationHandler$ScriptClassLoader: 4271B
Loader org.codehaus.groovy.runtime.callsite.CallSiteClassLoader                        : 876B

Classes loaded by more than one classloader:
Class org.gradle.api.GradleException                                                  : loaded 3 times (x 80B)
Class org.gradle.util.GradleVersion                                                   : loaded 2 times (x 77B)
Class org.gradle.internal.classpath.ClassPath                                         : loaded 2 times (x 68B)
Class org.gradle.api.internal.classpath.DefaultModuleRegistry                         : loaded 2 times (x 84B)
Class org.gradle.internal.exceptions.NonGradleCauseExceptionsHolder                   : loaded 2 times (x 68B)
Class org.gradle.api.Action                                                           : loaded 2 times (x 68B)
Class org.gradle.api.internal.DefaultClassPathProvider                                : loaded 2 times (x 74B)
Class org.gradle.internal.installation.GradleInstallation$1                           : loaded 2 times (x 73B)
Class org.gradle.internal.exceptions.DefaultMultiCauseException                       : loaded 2 times (x 93B)
Class org.gradle.internal.time.MonotonicClock                                         : loaded 2 times (x 75B)
Class org.gradle.internal.classloader.FilteringClassLoader                            : loaded 2 times (x 103B)
Class org.gradle.internal.classpath.DefaultClassPath$ImmutableUniqueList$Builder      : loaded 2 times (x 73B)
Class kotlin.UninitializedPropertyAccessException                                     : loaded 2 times (x 80B)
Class org.gradle.internal.classloader.ClassLoaderVisitor                              : loaded 2 times (x 74B)
Class org.gradle.internal.time.DefaultCountdownTimer                                  : loaded 2 times (x 86B)
Class org.gradle.internal.service.DefaultServiceLocator                               : loaded 2 times (x 81B)
Class org.gradle.internal.service.UnknownServiceException                             : loaded 2 times (x 81B)
Class org.gradle.internal.classloader.DefaultClassLoaderFactory                       : loaded 2 times (x 80B)
Class org.gradle.internal.classloader.VisitableURLClassLoader$Spec                    : loaded 2 times (x 72B)
Class org.gradle.tooling.model.ProjectModel                                           : loaded 2 times (x 68B)
Class org.gradle.internal.installation.GradleInstallation                             : loaded 2 times (x 73B)
Class org.gradle.api.internal.classpath.ModuleRegistry                                : loaded 2 times (x 68B)
Class org.gradle.api.internal.ClassPathProvider                                       : loaded 2 times (x 68B)
Class org.gradle.internal.classloader.ClasspathUtil$1                                 : loaded 2 times (x 74B)
Class org.gradle.internal.classloader.ClassLoaderFactory                              : loaded 2 times (x 68B)
Class org.gradle.api.internal.classpath.ManifestUtil                                  : loaded 2 times (x 69B)
Class org.gradle.api.specs.Spec                                                       : loaded 2 times (x 68B)
Class kotlin.jvm.internal.Intrinsics                                                  : loaded 2 times (x 69B)
Class org.gradle.internal.IoActions                                                   : loaded 2 times (x 69B)
Class org.gradle.api.internal.classpath.EffectiveClassPath                            : loaded 2 times (x 88B)
Class org.gradle.internal.exceptions.ResolutionProvider                               : loaded 2 times (x 68B)
Class org.gradle.internal.installation.CurrentGradleInstallation                      : loaded 2 times (x 71B)
Class org.gradle.internal.installation.CurrentGradleInstallationLocator               : loaded 2 times (x 69B)
Class org.gradle.api.internal.classpath.Module                                        : loaded 2 times (x 68B)
Class org.gradle.internal.service.CachingServiceLocator                               : loaded 2 times (x 80B)
Class org.gradle.internal.time.Timer                                                  : loaded 2 times (x 68B)
Class org.gradle.internal.classpath.DefaultClassPath                                  : loaded 2 times (x 88B)
Class kotlin.jvm.functions.Function1                                                  : loaded 2 times (x 68B)
Class org.gradle.internal.time.Time                                                   : loaded 2 times (x 69B)
Class org.gradle.internal.time.TimeSource$1                                           : loaded 2 times (x 75B)
Class kotlin.KotlinNullPointerException                                               : loaded 2 times (x 81B)
Class org.gradle.internal.classloader.SystemClassLoaderSpec                           : loaded 2 times (x 69B)
Class kotlin.Function                                                                 : loaded 2 times (x 68B)
Class org.gradle.api.UncheckedIOException                                             : loaded 2 times (x 80B)
Class org.gradle.api.internal.classpath.GlobalCacheRootsProvider                      : loaded 2 times (x 68B)
Class org.gradle.internal.time.CountdownTimer                                         : loaded 2 times (x 68B)
Class org.gradle.internal.time.Clock                                                  : loaded 2 times (x 68B)
Class org.gradle.internal.classloader.ClasspathUtil                                   : loaded 2 times (x 69B)
Class kotlin.NotImplementedError                                                      : loaded 2 times (x 80B)
Class org.gradle.api.internal.DefaultClassPathRegistry                                : loaded 2 times (x 74B)
Class org.gradle.api.internal.classpath.DefaultModuleRegistry$DefaultModule           : loaded 2 times (x 84B)
Class org.gradle.internal.time.TimeSource                                             : loaded 2 times (x 68B)
Class org.gradle.api.internal.classpath.UnknownModuleException                        : loaded 2 times (x 80B)
Class org.gradle.internal.service.ServiceLookupException                              : loaded 2 times (x 80B)
Class [Lorg.gradle.api.internal.ClassPathProvider;                                    : loaded 2 times (x 67B)
Class org.gradle.internal.operations.MultipleBuildOperationFailures                   : loaded 2 times (x 93B)
Class org.gradle.util.internal.GUtil                                                  : loaded 2 times (x 69B)
Class org.gradle.internal.classloader.ClassLoaderSpec                                 : loaded 2 times (x 69B)
Class org.gradle.internal.classloader.InstrumentingClassLoader                        : loaded 2 times (x 68B)
Class org.gradle.internal.classloader.VisitableURLClassLoader                         : loaded 2 times (x 115B)
Class org.gradle.internal.Cast                                                        : loaded 2 times (x 69B)
Class org.gradle.api.internal.ClassPathRegistry                                       : loaded 2 times (x 68B)
Class org.gradle.internal.classloader.VisitableURLClassLoader$InstrumentingVisitableURLClassLoader: loaded 2 times (x 121B)
Class org.gradle.internal.classloader.ClassLoaderHierarchy                            : loaded 2 times (x 68B)
Class org.gradle.internal.exceptions.MultiCauseException                              : loaded 2 times (x 68B)
Class org.gradle.internal.InternalTransformer                                         : loaded 2 times (x 68B)
Class org.gradle.internal.service.ServiceLocator                                      : loaded 2 times (x 68B)
Class org.gradle.internal.classpath.DefaultClassPath$ImmutableUniqueList              : loaded 2 times (x 159B)
Class org.gradle.internal.time.DefaultTimer                                           : loaded 2 times (x 78B)
Class org.gradle.internal.classpath.TransformedClassPath                              : loaded 2 times (x 94B)


---------------  S Y S T E M  ---------------

OS:
 Windows 10 , 64 bit Build 19041 (10.0.19041.5915)
OS uptime: 10 days 0:07 hours

CPU: total 12 (initial active 12) (6 cores per cpu, 2 threads per core) family 6 model 141 stepping 1 microcode 0x34, cx8, cmov, fxsr, ht, mmx, 3dnowpref, sse, sse2, sse3, ssse3, sse4.1, sse4.2, popcnt, lzcnt, tsc, tscinvbit, avx, avx2, aes, erms, clmul, bmi1, bmi2, adx, avx512f, avx512dq, avx512cd, avx512bw, avx512vl, sha, fma, vzeroupper, avx512_vpopcntdq, avx512_vpclmulqdq, avx512_vaes, avx512_vnni, clflush, clflushopt, clwb, avx512_vbmi2, avx512_vbmi
Processor Information for all 12 processors :
  Max Mhz: 2688, Current Mhz: 2688, Mhz Limit: 2688

Memory: 4k page, system-wide physical 7963M (274M free)
TotalPageFile size 16155M (AvailPageFile size 2M)
current process WorkingSet (physical memory assigned to process): 295M, peak: 295M
current process commit charge ("private bytes"): 382M, peak: 383M

vm_info: OpenJDK 64-Bit Server VM (17.0.14+1-b1367.22) for windows-amd64 JRE (17.0.14+1-b1367.22), built on 2025-01-30 by "builduser" with MS VC++ 16.10 / 16.11 (VS2019)

END.
